
Magic 8.3 revision 413 - Compiled on Wed Jul 12 10:04:40 UTC 2023.
Starting magic under Tcl interpreter
Using the terminal as the console.
Using NULL graphics device.
Processing system .magicrc file
Sourcing design .magicrc for technology sky130A ...
2 Magic internal units = 1 Lambda
Input style sky130(): scaleFactor=2, multiplier=2
The following types are not handled by extraction and will be treated as non-electrical types:
    ubm 
Scaled tech values by 2 / 1 to match internal grid scaling
Loading sky130A Device Generator Menu ...
Using technology "sky130A", version 1.0.424-0-g78b7bc3
Reading LEF data from file /home/zerotoasic/asic_tools/pdk/sky130A/libs.ref/sky130_fd_sc_hd/techlef/sky130_fd_sc_hd__nom.tlef.
This action cannot be undone.
LEF read, Line 78 (Message): Unknown keyword "ANTENNAMODEL" in LEF file; ignoring.
LEF read, Line 79 (Message): Unknown keyword "ANTENNADIFFSIDEAREARATIO" in LEF file; ignoring.
LEF read, Line 112 (Message): Unknown keyword "MINENCLOSEDAREA" in LEF file; ignoring.
LEF read, Line 114 (Message): Unknown keyword "ANTENNAMODEL" in LEF file; ignoring.
LEF read, Line 115 (Message): Unknown keyword "ANTENNADIFFSIDEAREARATIO" in LEF file; ignoring.
LEF read, Line 121 (Message): Unknown keyword "MAXIMUMDENSITY" in LEF file; ignoring.
LEF read, Line 122 (Message): Unknown keyword "DENSITYCHECKWINDOW" in LEF file; ignoring.
LEF read, Line 123 (Message): Unknown keyword "DENSITYCHECKSTEP" in LEF file; ignoring.
LEF read, Line 156 (Message): Unknown keyword "MINENCLOSEDAREA" in LEF file; ignoring.
LEF read, Line 164 (Message): Unknown keyword "ANTENNAMODEL" in LEF file; ignoring.
LEF read, Line 165 (Message): Unknown keyword "ANTENNADIFFSIDEAREARATIO" in LEF file; ignoring.
LEF read, Line 167 (Message): Unknown keyword "MAXIMUMDENSITY" in LEF file; ignoring.
LEF read, Line 168 (Message): Unknown keyword "DENSITYCHECKWINDOW" in LEF file; ignoring.
LEF read, Line 169 (Message): Unknown keyword "DENSITYCHECKSTEP" in LEF file; ignoring.
LEF read, Line 206 (Message): Unknown keyword "ANTENNAMODEL" in LEF file; ignoring.
LEF read, Line 207 (Message): Unknown keyword "ANTENNADIFFSIDEAREARATIO" in LEF file; ignoring.
LEF read, Line 209 (Message): Unknown keyword "MAXIMUMDENSITY" in LEF file; ignoring.
LEF read, Line 210 (Message): Unknown keyword "DENSITYCHECKWINDOW" in LEF file; ignoring.
LEF read, Line 211 (Message): Unknown keyword "DENSITYCHECKSTEP" in LEF file; ignoring.
LEF read, Line 248 (Message): Unknown keyword "ANTENNAMODEL" in LEF file; ignoring.
LEF read, Line 249 (Message): Unknown keyword "ANTENNADIFFSIDEAREARATIO" in LEF file; ignoring.
LEF read, Line 251 (Message): Unknown keyword "MAXIMUMDENSITY" in LEF file; ignoring.
LEF read, Line 252 (Message): Unknown keyword "DENSITYCHECKWINDOW" in LEF file; ignoring.
LEF read, Line 253 (Message): Unknown keyword "DENSITYCHECKSTEP" in LEF file; ignoring.
LEF read, Line 290 (Message): Unknown keyword "ANTENNAMODEL" in LEF file; ignoring.
LEF read, Line 291 (Message): Unknown keyword "ANTENNADIFFSIDEAREARATIO" in LEF file; ignoring.
LEF read: Processed 797 lines.
Reading DEF data from file /openlane/designs/simproc_system/runs/RUN_2025.11.10_00.32.29/results/routing/simproc_system.def.
This action cannot be undone.
  Processed 4 vias total.
Cell sky130_fd_sc_hd__diode_2 read from path /home/zerotoasic/asic_tools/pdk/sky130A/libs.ref/sky130_fd_sc_hd/mag
Cell sky130_fd_sc_hd__decap_3 read from path /home/zerotoasic/asic_tools/pdk/sky130A/libs.ref/sky130_fd_sc_hd/mag
Cell sky130_ef_sc_hd__decap_12 read from path /home/zerotoasic/asic_tools/pdk/sky130A/libs.ref/sky130_fd_sc_hd/mag
Cell sky130_fd_sc_hd__decap_4 read from path /home/zerotoasic/asic_tools/pdk/sky130A/libs.ref/sky130_fd_sc_hd/mag
Cell sky130_fd_sc_hd__fill_1 read from path /home/zerotoasic/asic_tools/pdk/sky130A/libs.ref/sky130_fd_sc_hd/mag
Cell sky130_fd_sc_hd__decap_8 read from path /home/zerotoasic/asic_tools/pdk/sky130A/libs.ref/sky130_fd_sc_hd/mag
Cell sky130_fd_sc_hd__decap_6 read from path /home/zerotoasic/asic_tools/pdk/sky130A/libs.ref/sky130_fd_sc_hd/mag
Cell sky130_fd_sc_hd__fill_2 read from path /home/zerotoasic/asic_tools/pdk/sky130A/libs.ref/sky130_fd_sc_hd/mag
Cell sky130_fd_sc_hd__tapvpwrvgnd_1 read from path /home/zerotoasic/asic_tools/pdk/sky130A/libs.ref/sky130_fd_sc_hd/mag
Cell sky130_fd_sc_hd__buf_4 read from path /home/zerotoasic/asic_tools/pdk/sky130A/libs.ref/sky130_fd_sc_hd/mag
Cell sky130_fd_sc_hd__nor2_1 read from path /home/zerotoasic/asic_tools/pdk/sky130A/libs.ref/sky130_fd_sc_hd/mag
Cell sky130_fd_sc_hd__and2b_1 read from path /home/zerotoasic/asic_tools/pdk/sky130A/libs.ref/sky130_fd_sc_hd/mag
Cell sky130_fd_sc_hd__and4b_1 read from path /home/zerotoasic/asic_tools/pdk/sky130A/libs.ref/sky130_fd_sc_hd/mag
Cell sky130_fd_sc_hd__and3_2 read from path /home/zerotoasic/asic_tools/pdk/sky130A/libs.ref/sky130_fd_sc_hd/mag
Cell sky130_fd_sc_hd__and3_1 read from path /home/zerotoasic/asic_tools/pdk/sky130A/libs.ref/sky130_fd_sc_hd/mag
Cell sky130_fd_sc_hd__buf_2 read from path /home/zerotoasic/asic_tools/pdk/sky130A/libs.ref/sky130_fd_sc_hd/mag
Cell sky130_fd_sc_hd__nand2_1 read from path /home/zerotoasic/asic_tools/pdk/sky130A/libs.ref/sky130_fd_sc_hd/mag
Cell sky130_fd_sc_hd__or4b_1 read from path /home/zerotoasic/asic_tools/pdk/sky130A/libs.ref/sky130_fd_sc_hd/mag
Cell sky130_fd_sc_hd__or3b_1 read from path /home/zerotoasic/asic_tools/pdk/sky130A/libs.ref/sky130_fd_sc_hd/mag
Cell sky130_fd_sc_hd__nand2_4 read from path /home/zerotoasic/asic_tools/pdk/sky130A/libs.ref/sky130_fd_sc_hd/mag
Cell sky130_fd_sc_hd__inv_2 read from path /home/zerotoasic/asic_tools/pdk/sky130A/libs.ref/sky130_fd_sc_hd/mag
Cell sky130_fd_sc_hd__a21oi_1 read from path /home/zerotoasic/asic_tools/pdk/sky130A/libs.ref/sky130_fd_sc_hd/mag
Cell sky130_fd_sc_hd__or3_1 read from path /home/zerotoasic/asic_tools/pdk/sky130A/libs.ref/sky130_fd_sc_hd/mag
Cell sky130_fd_sc_hd__clkbuf_1 read from path /home/zerotoasic/asic_tools/pdk/sky130A/libs.ref/sky130_fd_sc_hd/mag
Cell sky130_fd_sc_hd__clkbuf_4 read from path /home/zerotoasic/asic_tools/pdk/sky130A/libs.ref/sky130_fd_sc_hd/mag
Cell sky130_fd_sc_hd__o31a_1 read from path /home/zerotoasic/asic_tools/pdk/sky130A/libs.ref/sky130_fd_sc_hd/mag
Cell sky130_fd_sc_hd__a21o_1 read from path /home/zerotoasic/asic_tools/pdk/sky130A/libs.ref/sky130_fd_sc_hd/mag
Cell sky130_fd_sc_hd__and2_2 read from path /home/zerotoasic/asic_tools/pdk/sky130A/libs.ref/sky130_fd_sc_hd/mag
Cell sky130_fd_sc_hd__or2_1 read from path /home/zerotoasic/asic_tools/pdk/sky130A/libs.ref/sky130_fd_sc_hd/mag
Cell sky130_fd_sc_hd__o41a_1 read from path /home/zerotoasic/asic_tools/pdk/sky130A/libs.ref/sky130_fd_sc_hd/mag
Cell sky130_fd_sc_hd__and2_1 read from path /home/zerotoasic/asic_tools/pdk/sky130A/libs.ref/sky130_fd_sc_hd/mag
Cell sky130_fd_sc_hd__or2b_1 read from path /home/zerotoasic/asic_tools/pdk/sky130A/libs.ref/sky130_fd_sc_hd/mag
Cell sky130_fd_sc_hd__clkbuf_8 read from path /home/zerotoasic/asic_tools/pdk/sky130A/libs.ref/sky130_fd_sc_hd/mag
Cell sky130_fd_sc_hd__and4bb_1 read from path /home/zerotoasic/asic_tools/pdk/sky130A/libs.ref/sky130_fd_sc_hd/mag
Cell sky130_fd_sc_hd__or4_4 read from path /home/zerotoasic/asic_tools/pdk/sky130A/libs.ref/sky130_fd_sc_hd/mag
Cell sky130_fd_sc_hd__or2_4 read from path /home/zerotoasic/asic_tools/pdk/sky130A/libs.ref/sky130_fd_sc_hd/mag
Cell sky130_fd_sc_hd__or3_4 read from path /home/zerotoasic/asic_tools/pdk/sky130A/libs.ref/sky130_fd_sc_hd/mag
Cell sky130_fd_sc_hd__nand2_2 read from path /home/zerotoasic/asic_tools/pdk/sky130A/libs.ref/sky130_fd_sc_hd/mag
Cell sky130_fd_sc_hd__o21ai_1 read from path /home/zerotoasic/asic_tools/pdk/sky130A/libs.ref/sky130_fd_sc_hd/mag
Cell sky130_fd_sc_hd__xor2_2 read from path /home/zerotoasic/asic_tools/pdk/sky130A/libs.ref/sky130_fd_sc_hd/mag
Cell sky130_fd_sc_hd__a22o_1 read from path /home/zerotoasic/asic_tools/pdk/sky130A/libs.ref/sky130_fd_sc_hd/mag
Cell sky130_fd_sc_hd__o22a_1 read from path /home/zerotoasic/asic_tools/pdk/sky130A/libs.ref/sky130_fd_sc_hd/mag
Cell sky130_fd_sc_hd__a221o_1 read from path /home/zerotoasic/asic_tools/pdk/sky130A/libs.ref/sky130_fd_sc_hd/mag
Cell sky130_fd_sc_hd__o221a_1 read from path /home/zerotoasic/asic_tools/pdk/sky130A/libs.ref/sky130_fd_sc_hd/mag
Cell sky130_fd_sc_hd__o211a_1 read from path /home/zerotoasic/asic_tools/pdk/sky130A/libs.ref/sky130_fd_sc_hd/mag
Cell sky130_fd_sc_hd__a31o_1 read from path /home/zerotoasic/asic_tools/pdk/sky130A/libs.ref/sky130_fd_sc_hd/mag
Cell sky130_fd_sc_hd__a211o_1 read from path /home/zerotoasic/asic_tools/pdk/sky130A/libs.ref/sky130_fd_sc_hd/mag
Cell sky130_fd_sc_hd__o211a_2 read from path /home/zerotoasic/asic_tools/pdk/sky130A/libs.ref/sky130_fd_sc_hd/mag
Cell sky130_fd_sc_hd__nand3_1 read from path /home/zerotoasic/asic_tools/pdk/sky130A/libs.ref/sky130_fd_sc_hd/mag
Cell sky130_fd_sc_hd__xnor2_1 read from path /home/zerotoasic/asic_tools/pdk/sky130A/libs.ref/sky130_fd_sc_hd/mag
Cell sky130_fd_sc_hd__o21bai_1 read from path /home/zerotoasic/asic_tools/pdk/sky130A/libs.ref/sky130_fd_sc_hd/mag
Cell sky130_fd_sc_hd__a2111o_1 read from path /home/zerotoasic/asic_tools/pdk/sky130A/libs.ref/sky130_fd_sc_hd/mag
Cell sky130_fd_sc_hd__or4_1 read from path /home/zerotoasic/asic_tools/pdk/sky130A/libs.ref/sky130_fd_sc_hd/mag
Cell sky130_fd_sc_hd__o21ai_2 read from path /home/zerotoasic/asic_tools/pdk/sky130A/libs.ref/sky130_fd_sc_hd/mag
Cell sky130_fd_sc_hd__a21bo_1 read from path /home/zerotoasic/asic_tools/pdk/sky130A/libs.ref/sky130_fd_sc_hd/mag
Cell sky130_fd_sc_hd__a31o_2 read from path /home/zerotoasic/asic_tools/pdk/sky130A/libs.ref/sky130_fd_sc_hd/mag
Cell sky130_fd_sc_hd__nor4_1 read from path /home/zerotoasic/asic_tools/pdk/sky130A/libs.ref/sky130_fd_sc_hd/mag
Cell sky130_fd_sc_hd__nor2_2 read from path /home/zerotoasic/asic_tools/pdk/sky130A/libs.ref/sky130_fd_sc_hd/mag
Cell sky130_fd_sc_hd__or4b_4 read from path /home/zerotoasic/asic_tools/pdk/sky130A/libs.ref/sky130_fd_sc_hd/mag
Cell sky130_fd_sc_hd__or3b_4 read from path /home/zerotoasic/asic_tools/pdk/sky130A/libs.ref/sky130_fd_sc_hd/mag
Cell sky130_fd_sc_hd__o31a_4 read from path /home/zerotoasic/asic_tools/pdk/sky130A/libs.ref/sky130_fd_sc_hd/mag
Cell sky130_fd_sc_hd__a2111o_2 read from path /home/zerotoasic/asic_tools/pdk/sky130A/libs.ref/sky130_fd_sc_hd/mag
Cell sky130_fd_sc_hd__clkbuf_2 read from path /home/zerotoasic/asic_tools/pdk/sky130A/libs.ref/sky130_fd_sc_hd/mag
Cell sky130_fd_sc_hd__and2_4 read from path /home/zerotoasic/asic_tools/pdk/sky130A/libs.ref/sky130_fd_sc_hd/mag
Cell sky130_fd_sc_hd__a41o_1 read from path /home/zerotoasic/asic_tools/pdk/sky130A/libs.ref/sky130_fd_sc_hd/mag
Cell sky130_fd_sc_hd__o311a_1 read from path /home/zerotoasic/asic_tools/pdk/sky130A/libs.ref/sky130_fd_sc_hd/mag
Cell sky130_fd_sc_hd__and4_1 read from path /home/zerotoasic/asic_tools/pdk/sky130A/libs.ref/sky130_fd_sc_hd/mag
Cell sky130_fd_sc_hd__and3_4 read from path /home/zerotoasic/asic_tools/pdk/sky130A/libs.ref/sky130_fd_sc_hd/mag
Cell sky130_fd_sc_hd__a22oi_4 read from path /home/zerotoasic/asic_tools/pdk/sky130A/libs.ref/sky130_fd_sc_hd/mag
Cell sky130_fd_sc_hd__mux2_1 read from path /home/zerotoasic/asic_tools/pdk/sky130A/libs.ref/sky130_fd_sc_hd/mag
Cell sky130_fd_sc_hd__nand3_4 read from path /home/zerotoasic/asic_tools/pdk/sky130A/libs.ref/sky130_fd_sc_hd/mag
Cell sky130_fd_sc_hd__nor2_4 read from path /home/zerotoasic/asic_tools/pdk/sky130A/libs.ref/sky130_fd_sc_hd/mag
Cell sky130_fd_sc_hd__a22oi_2 read from path /home/zerotoasic/asic_tools/pdk/sky130A/libs.ref/sky130_fd_sc_hd/mag
Cell sky130_fd_sc_hd__a22o_4 read from path /home/zerotoasic/asic_tools/pdk/sky130A/libs.ref/sky130_fd_sc_hd/mag
Cell sky130_fd_sc_hd__buf_6 read from path /home/zerotoasic/asic_tools/pdk/sky130A/libs.ref/sky130_fd_sc_hd/mag
Cell sky130_fd_sc_hd__nand3b_4 read from path /home/zerotoasic/asic_tools/pdk/sky130A/libs.ref/sky130_fd_sc_hd/mag
Cell sky130_fd_sc_hd__or3_2 read from path /home/zerotoasic/asic_tools/pdk/sky130A/libs.ref/sky130_fd_sc_hd/mag
Cell sky130_fd_sc_hd__a2bb2o_1 read from path /home/zerotoasic/asic_tools/pdk/sky130A/libs.ref/sky130_fd_sc_hd/mag
Cell sky130_fd_sc_hd__o32a_1 read from path /home/zerotoasic/asic_tools/pdk/sky130A/libs.ref/sky130_fd_sc_hd/mag
Cell sky130_fd_sc_hd__a311o_1 read from path /home/zerotoasic/asic_tools/pdk/sky130A/libs.ref/sky130_fd_sc_hd/mag
Cell sky130_fd_sc_hd__mux4_1 read from path /home/zerotoasic/asic_tools/pdk/sky130A/libs.ref/sky130_fd_sc_hd/mag
Cell sky130_fd_sc_hd__mux2_2 read from path /home/zerotoasic/asic_tools/pdk/sky130A/libs.ref/sky130_fd_sc_hd/mag
Cell sky130_fd_sc_hd__o2bb2a_1 read from path /home/zerotoasic/asic_tools/pdk/sky130A/libs.ref/sky130_fd_sc_hd/mag
Cell sky130_fd_sc_hd__a31oi_4 read from path /home/zerotoasic/asic_tools/pdk/sky130A/libs.ref/sky130_fd_sc_hd/mag
Cell sky130_fd_sc_hd__and3b_1 read from path /home/zerotoasic/asic_tools/pdk/sky130A/libs.ref/sky130_fd_sc_hd/mag
Cell sky130_fd_sc_hd__o21a_4 read from path /home/zerotoasic/asic_tools/pdk/sky130A/libs.ref/sky130_fd_sc_hd/mag
Cell sky130_fd_sc_hd__and4b_4 read from path /home/zerotoasic/asic_tools/pdk/sky130A/libs.ref/sky130_fd_sc_hd/mag
Cell sky130_fd_sc_hd__a21o_2 read from path /home/zerotoasic/asic_tools/pdk/sky130A/libs.ref/sky130_fd_sc_hd/mag
Cell sky130_fd_sc_hd__a22o_2 read from path /home/zerotoasic/asic_tools/pdk/sky130A/libs.ref/sky130_fd_sc_hd/mag
Cell sky130_fd_sc_hd__a32o_1 read from path /home/zerotoasic/asic_tools/pdk/sky130A/libs.ref/sky130_fd_sc_hd/mag
Cell sky130_fd_sc_hd__a21oi_4 read from path /home/zerotoasic/asic_tools/pdk/sky130A/libs.ref/sky130_fd_sc_hd/mag
Cell sky130_fd_sc_hd__o21a_1 read from path /home/zerotoasic/asic_tools/pdk/sky130A/libs.ref/sky130_fd_sc_hd/mag
Cell sky130_fd_sc_hd__a221oi_4 read from path /home/zerotoasic/asic_tools/pdk/sky130A/libs.ref/sky130_fd_sc_hd/mag
Cell sky130_fd_sc_hd__a221o_4 read from path /home/zerotoasic/asic_tools/pdk/sky130A/libs.ref/sky130_fd_sc_hd/mag
Cell sky130_fd_sc_hd__a32oi_2 read from path /home/zerotoasic/asic_tools/pdk/sky130A/libs.ref/sky130_fd_sc_hd/mag
Cell sky130_fd_sc_hd__or2_2 read from path /home/zerotoasic/asic_tools/pdk/sky130A/libs.ref/sky130_fd_sc_hd/mag
Cell sky130_fd_sc_hd__o311a_4 read from path /home/zerotoasic/asic_tools/pdk/sky130A/libs.ref/sky130_fd_sc_hd/mag
Cell sky130_fd_sc_hd__nor3_4 read from path /home/zerotoasic/asic_tools/pdk/sky130A/libs.ref/sky130_fd_sc_hd/mag
Cell sky130_fd_sc_hd__a22oi_1 read from path /home/zerotoasic/asic_tools/pdk/sky130A/libs.ref/sky130_fd_sc_hd/mag
Cell sky130_fd_sc_hd__a211o_4 read from path /home/zerotoasic/asic_tools/pdk/sky130A/libs.ref/sky130_fd_sc_hd/mag
Cell sky130_fd_sc_hd__or3b_2 read from path /home/zerotoasic/asic_tools/pdk/sky130A/libs.ref/sky130_fd_sc_hd/mag
Cell sky130_fd_sc_hd__a32o_2 read from path /home/zerotoasic/asic_tools/pdk/sky130A/libs.ref/sky130_fd_sc_hd/mag
Cell sky130_fd_sc_hd__xnor2_2 read from path /home/zerotoasic/asic_tools/pdk/sky130A/libs.ref/sky130_fd_sc_hd/mag
Cell sky130_fd_sc_hd__a211oi_1 read from path /home/zerotoasic/asic_tools/pdk/sky130A/libs.ref/sky130_fd_sc_hd/mag
Cell sky130_fd_sc_hd__o41ai_1 read from path /home/zerotoasic/asic_tools/pdk/sky130A/libs.ref/sky130_fd_sc_hd/mag
Cell sky130_fd_sc_hd__xor2_1 read from path /home/zerotoasic/asic_tools/pdk/sky130A/libs.ref/sky130_fd_sc_hd/mag
Cell sky130_fd_sc_hd__a211oi_4 read from path /home/zerotoasic/asic_tools/pdk/sky130A/libs.ref/sky130_fd_sc_hd/mag
Cell sky130_fd_sc_hd__a21boi_1 read from path /home/zerotoasic/asic_tools/pdk/sky130A/libs.ref/sky130_fd_sc_hd/mag
Cell sky130_fd_sc_hd__o31ai_4 read from path /home/zerotoasic/asic_tools/pdk/sky130A/libs.ref/sky130_fd_sc_hd/mag
Cell sky130_fd_sc_hd__a211o_2 read from path /home/zerotoasic/asic_tools/pdk/sky130A/libs.ref/sky130_fd_sc_hd/mag
Cell sky130_fd_sc_hd__o31ai_2 read from path /home/zerotoasic/asic_tools/pdk/sky130A/libs.ref/sky130_fd_sc_hd/mag
Cell sky130_fd_sc_hd__and3b_2 read from path /home/zerotoasic/asic_tools/pdk/sky130A/libs.ref/sky130_fd_sc_hd/mag
Cell sky130_fd_sc_hd__or4bb_1 read from path /home/zerotoasic/asic_tools/pdk/sky130A/libs.ref/sky130_fd_sc_hd/mag
Cell sky130_fd_sc_hd__o21ba_1 read from path /home/zerotoasic/asic_tools/pdk/sky130A/libs.ref/sky130_fd_sc_hd/mag
Cell sky130_fd_sc_hd__a21oi_2 read from path /home/zerotoasic/asic_tools/pdk/sky130A/libs.ref/sky130_fd_sc_hd/mag
Cell sky130_fd_sc_hd__nand4_1 read from path /home/zerotoasic/asic_tools/pdk/sky130A/libs.ref/sky130_fd_sc_hd/mag
Cell sky130_fd_sc_hd__o211ai_1 read from path /home/zerotoasic/asic_tools/pdk/sky130A/libs.ref/sky130_fd_sc_hd/mag
Cell sky130_fd_sc_hd__dfxtp_1 read from path /home/zerotoasic/asic_tools/pdk/sky130A/libs.ref/sky130_fd_sc_hd/mag
Cell sky130_fd_sc_hd__dfxtp_2 read from path /home/zerotoasic/asic_tools/pdk/sky130A/libs.ref/sky130_fd_sc_hd/mag
Cell sky130_fd_sc_hd__dfxtp_4 read from path /home/zerotoasic/asic_tools/pdk/sky130A/libs.ref/sky130_fd_sc_hd/mag
Cell sky130_fd_sc_hd__clkbuf_16 read from path /home/zerotoasic/asic_tools/pdk/sky130A/libs.ref/sky130_fd_sc_hd/mag
Cell sky130_fd_sc_hd__dlygate4sd3_1 read from path /home/zerotoasic/asic_tools/pdk/sky130A/libs.ref/sky130_fd_sc_hd/mag
Cell sky130_fd_sc_hd__buf_1 read from path /home/zerotoasic/asic_tools/pdk/sky130A/libs.ref/sky130_fd_sc_hd/mag
  Processed 5624 subcell instances total.
  Processed 50 pins total.
  Processed 2 special nets total.
  Processed 2712 nets total.
DEF read: Processed 58473 lines.
Moving label "CPU1.reg_a_out\[6\]" from metal1 to viali in cell simproc_system.
Moving label "RAM1.mem\[11\]\[3\]" from metal1 to viali in cell simproc_system.
Moving label "RAM1.mem\[11\]\[5\]" from metal1 to viali in cell simproc_system.
Moving label "RAM1.mem\[14\]\[3\]" from metal2 to via2 in cell simproc_system.
Moving label "RAM1.mem\[21\]\[1\]" from metal2 to via2 in cell simproc_system.
Moving label "RAM1.mem\[22\]\[6\]" from metal1 to via1 in cell simproc_system.
Moving label "RAM1.mem\[4\]\[6\]" from metal2 to via2 in cell simproc_system.
Moving label "RAM1.mem\[8\]\[6\]" from metal2 to via2 in cell simproc_system.
Moving label "_0015_" from metal1 to via1 in cell simproc_system.
Moving label "_0025_" from metal1 to via1 in cell simproc_system.
Moving label "_0034_" from metal1 to via1 in cell simproc_system.
Moving label "_0049_" from metal1 to via1 in cell simproc_system.
Moving label "_0062_" from metal1 to via1 in cell simproc_system.
Moving label "_0086_" from metal1 to via1 in cell simproc_system.
Moving label "_0087_" from metal1 to via1 in cell simproc_system.
Moving label "_0101_" from metal1 to viali in cell simproc_system.
Moving label "_0111_" from metal1 to via1 in cell simproc_system.
Moving label "_0136_" from metal1 to via1 in cell simproc_system.
Moving label "_0145_" from metal1 to via1 in cell simproc_system.
Moving label "_0146_" from metal1 to via1 in cell simproc_system.
Moving label "_0151_" from metal1 to via1 in cell simproc_system.
Moving label "_0160_" from metal2 to via2 in cell simproc_system.
Moving label "_0216_" from metal1 to via1 in cell simproc_system.
Moving label "_0231_" from metal1 to via1 in cell simproc_system.
Moving label "_0245_" from metal1 to via1 in cell simproc_system.
Moving label "_0248_" from metal1 to via1 in cell simproc_system.
Moving label "_0258_" from metal1 to via1 in cell simproc_system.
Moving label "_0261_" from metal1 to via1 in cell simproc_system.
Moving label "_0283_" from metal1 to via1 in cell simproc_system.
Moving label "_0284_" from metal1 to via1 in cell simproc_system.
Moving label "_0285_" from metal1 to via1 in cell simproc_system.
Moving label "_0290_" from metal1 to via1 in cell simproc_system.
Moving label "_0305_" from metal1 to viali in cell simproc_system.
Moving label "_0312_" from metal1 to via1 in cell simproc_system.
Moving label "_0315_" from metal1 to via1 in cell simproc_system.
Moving label "_0330_" from metal1 to via1 in cell simproc_system.
Moving label "_0342_" from metal1 to via1 in cell simproc_system.
Moving label "_0345_" from metal1 to via1 in cell simproc_system.
Moving label "_0348_" from metal1 to via1 in cell simproc_system.
Moving label "_0358_" from metal1 to viali in cell simproc_system.
Moving label "_0369_" from metal1 to via1 in cell simproc_system.
Moving label "_0397_" from metal1 to viali in cell simproc_system.
Moving label "_0399_" from metal2 to via2 in cell simproc_system.
Moving label "_0404_" from metal2 to via2 in cell simproc_system.
Moving label "_0464_" from metal3 to via3 in cell simproc_system.
Moving label "_0482_" from metal2 to via2 in cell simproc_system.
Moving label "_0516_" from metal1 to viali in cell simproc_system.
Moving label "_0582_" from metal1 to via1 in cell simproc_system.
Moving label "_0606_" from metal1 to viali in cell simproc_system.
Moving label "_0637_" from metal3 to via3 in cell simproc_system.
Moving label "_0662_" from metal3 to via3 in cell simproc_system.
Moving label "_0693_" from metal2 to via2 in cell simproc_system.
Moving label "_0709_" from metal3 to via3 in cell simproc_system.
Moving label "_0713_" from metal2 to via2 in cell simproc_system.
Moving label "_0727_" from metal1 to viali in cell simproc_system.
Moving label "_0732_" from metal3 to via3 in cell simproc_system.
Moving label "_0761_" from metal1 to viali in cell simproc_system.
Moving label "_0827_" from metal1 to viali in cell simproc_system.
Moving label "_0834_" from metal3 to via3 in cell simproc_system.
Moving label "_0890_" from metal1 to via1 in cell simproc_system.
Moving label "_0907_" from metal2 to via2 in cell simproc_system.
Moving label "_0970_" from metal1 to viali in cell simproc_system.
Moving label "_1019_" from metal1 to via1 in cell simproc_system.
Moving label "_1073_" from metal2 to via2 in cell simproc_system.
Moving label "_1076_" from metal2 to via1 in cell simproc_system.
Moving label "_1084_" from metal2 to via1 in cell simproc_system.
Moving label "_1153_" from metal1 to viali in cell simproc_system.
Moving label "_1179_" from metal2 to via1 in cell simproc_system.
Moving label "_1192_" from metal3 to via3 in cell simproc_system.
Moving label "_1203_" from metal2 to via2 in cell simproc_system.
Moving label "_1265_" from metal1 to viali in cell simproc_system.
Moving label "_1276_" from metal3 to via3 in cell simproc_system.
Moving label "_1302_" from metal2 to via2 in cell simproc_system.
Moving label "_1308_" from metal2 to via1 in cell simproc_system.
Moving label "_1323_" from metal1 to viali in cell simproc_system.
Moving label "_1453_" from metal1 to viali in cell simproc_system.
Moving label "_1529_" from metal1 to via1 in cell simproc_system.
Moving label "_1707_" from metal1 to viali in cell simproc_system.
Moving label "_1789_" from metal1 to viali in cell simproc_system.
Moving label "_1795_" from metal2 to via2 in cell simproc_system.
Moving label "_1800_" from metal1 to via1 in cell simproc_system.
Moving label "_1847_" from metal1 to viali in cell simproc_system.
Moving label "_1920_" from metal1 to viali in cell simproc_system.
Moving label "_1946_" from metal2 to via2 in cell simproc_system.
Moving label "_2050_" from metal1 to via1 in cell simproc_system.
Moving label "_2064_" from metal2 to via2 in cell simproc_system.
Moving label "_2084_" from metal1 to via1 in cell simproc_system.
Moving label "_2101_" from metal1 to via1 in cell simproc_system.
Moving label "_2107_" from metal2 to via2 in cell simproc_system.
Moving label "addr_byte[7]" from metal2 to via2 in cell simproc_system.
Moving label "clk" from metal2 to via2 in cell simproc_system.
Moving label "net1" from metal3 to via3 in cell simproc_system.
Moving label "net150" from metal1 to via1 in cell simproc_system.
Moving label "net22" from metal3 to via3 in cell simproc_system.
Moving label "net28" from metal3 to via3 in cell simproc_system.
Moving label "net34" from metal2 to via2 in cell simproc_system.
Root cell box:
           width x height  (   llx,  lly  ), (   urx,  ury  )  area (units^2)

microns:  160.000 x 300.000  ( 0.000,  0.000), ( 160.000,  300.000)  48000.000 
lambda:   16000.00 x 30000.00  (  0.00,  0.00 ), ( 16000.00,  30000.00)  480000000.00
internal:  32000 x 60000   (     0,  0    ), ( 32000,  60000)  1920000000
   Generating output for cell sky130_fd_sc_hd__decap_6
   Generating output for cell sky130_ef_sc_hd__decap_12
   Generating output for cell sky130_fd_sc_hd__decap_3
   Generating output for cell sky130_fd_sc_hd__clkbuf_4
   Generating output for cell sky130_fd_sc_hd__fill_1
   Generating output for cell sky130_fd_sc_hd__decap_4
   Generating output for cell sky130_fd_sc_hd__tapvpwrvgnd_1
   Generating output for cell sky130_fd_sc_hd__clkbuf_1
   Generating output for cell sky130_fd_sc_hd__decap_8
   Generating output for cell sky130_fd_sc_hd__dfxtp_2
   Generating output for cell sky130_fd_sc_hd__dfxtp_1
   Generating output for cell sky130_fd_sc_hd__nand2_1
   Generating output for cell sky130_fd_sc_hd__or2_1
   Generating output for cell sky130_fd_sc_hd__o21ai_1
   Generating output for cell sky130_fd_sc_hd__fill_2
   Generating output for cell sky130_fd_sc_hd__dlygate4sd3_1
   Generating output for cell sky130_fd_sc_hd__a21oi_1
   Generating output for cell sky130_fd_sc_hd__and2b_1
   Generating output for cell sky130_fd_sc_hd__buf_2
   Generating output for cell sky130_fd_sc_hd__mux2_1
   Generating output for cell sky130_fd_sc_hd__clkbuf_2
   Generating output for cell sky130_fd_sc_hd__buf_1
   Generating output for cell sky130_fd_sc_hd__xnor2_1
   Generating output for cell sky130_fd_sc_hd__nor2_1
   Generating output for cell sky130_fd_sc_hd__and2_1
   Generating output for cell sky130_fd_sc_hd__or4bb_1
   Generating output for cell sky130_fd_sc_hd__and3_1
   Generating output for cell sky130_fd_sc_hd__a21o_1
   Generating output for cell sky130_fd_sc_hd__inv_2
   Generating output for cell sky130_fd_sc_hd__and3b_1
   Generating output for cell sky130_fd_sc_hd__a31o_1
   Generating output for cell sky130_fd_sc_hd__o32a_1
   Generating output for cell sky130_fd_sc_hd__a32o_1
   Generating output for cell sky130_fd_sc_hd__a21bo_1
   Generating output for cell sky130_fd_sc_hd__or4b_1
   Generating output for cell sky130_fd_sc_hd__nand3_1
   Generating output for cell sky130_fd_sc_hd__clkbuf_16
   Generating output for cell sky130_fd_sc_hd__a22o_1
   Generating output for cell sky130_fd_sc_hd__a41o_1
   Generating output for cell sky130_fd_sc_hd__o21a_1
   Generating output for cell sky130_fd_sc_hd__or2b_1
   Generating output for cell sky130_fd_sc_hd__or4_1
   Generating output for cell sky130_fd_sc_hd__o211a_1
   Generating output for cell sky130_fd_sc_hd__and3b_2
   Generating output for cell sky130_fd_sc_hd__o21ai_2
   Generating output for cell sky130_fd_sc_hd__or3_1
   Generating output for cell sky130_fd_sc_hd__a211oi_1
   Generating output for cell sky130_fd_sc_hd__clkbuf_8
   Generating output for cell sky130_fd_sc_hd__o22a_1
   Generating output for cell sky130_fd_sc_hd__o221a_1
   Generating output for cell sky130_fd_sc_hd__a31oi_4
   Generating output for cell sky130_fd_sc_hd__a221o_1
   Generating output for cell sky130_fd_sc_hd__o31a_1
   Generating output for cell sky130_fd_sc_hd__o211a_2
   Generating output for cell sky130_fd_sc_hd__xor2_2
   Generating output for cell sky130_fd_sc_hd__and4b_1
   Generating output for cell sky130_fd_sc_hd__a211o_1
   Generating output for cell sky130_fd_sc_hd__nand2_2
   Generating output for cell sky130_fd_sc_hd__o211ai_1
   Generating output for cell sky130_fd_sc_hd__or3_4
   Generating output for cell sky130_fd_sc_hd__and2_2
   Generating output for cell sky130_fd_sc_hd__or2_4
   Generating output for cell sky130_fd_sc_hd__buf_4
   Generating output for cell sky130_fd_sc_hd__a21boi_1
   Generating output for cell sky130_fd_sc_hd__o21bai_1
   Generating output for cell sky130_fd_sc_hd__a2111o_1
   Generating output for cell sky130_fd_sc_hd__nor2_4
   Generating output for cell sky130_fd_sc_hd__or4_4
   Generating output for cell sky130_fd_sc_hd__or3b_1
   Generating output for cell sky130_fd_sc_hd__mux2_2
   Generating output for cell sky130_fd_sc_hd__nand2_4
   Generating output for cell sky130_fd_sc_hd__o41a_1
   Generating output for cell sky130_fd_sc_hd__o2bb2a_1
   Generating output for cell sky130_fd_sc_hd__and4_1
   Generating output for cell sky130_fd_sc_hd__and3_4
   Generating output for cell sky130_fd_sc_hd__diode_2
   Generating output for cell sky130_fd_sc_hd__nand4_1
   Generating output for cell sky130_fd_sc_hd__a21oi_2
   Generating output for cell sky130_fd_sc_hd__a211o_2
   Generating output for cell sky130_fd_sc_hd__a2bb2o_1
   Generating output for cell sky130_fd_sc_hd__and4bb_1
   Generating output for cell sky130_fd_sc_hd__a311o_1
   Generating output for cell sky130_fd_sc_hd__nand3_4
   Generating output for cell sky130_fd_sc_hd__dfxtp_4
   Generating output for cell sky130_fd_sc_hd__o21ba_1
   Generating output for cell sky130_fd_sc_hd__and3_2
   Generating output for cell sky130_fd_sc_hd__mux4_1
   Generating output for cell sky130_fd_sc_hd__nand3b_4
   Generating output for cell sky130_fd_sc_hd__or3b_4
   Generating output for cell sky130_fd_sc_hd__nor2_2
   Generating output for cell sky130_fd_sc_hd__or4b_4
   Generating output for cell sky130_fd_sc_hd__o31ai_4
   Generating output for cell sky130_fd_sc_hd__o311a_4
   Generating output for cell sky130_fd_sc_hd__o21a_4
   Generating output for cell sky130_fd_sc_hd__or3b_2
   Generating output for cell sky130_fd_sc_hd__or2_2
   Generating output for cell sky130_fd_sc_hd__a2111o_2
   Generating output for cell sky130_fd_sc_hd__a31o_2
   Generating output for cell sky130_fd_sc_hd__a22oi_1
   Generating output for cell sky130_fd_sc_hd__and2_4
   Generating output for cell sky130_fd_sc_hd__nor3_4
   Generating output for cell sky130_fd_sc_hd__o311a_1
   Generating output for cell sky130_fd_sc_hd__nor4_1
   Generating output for cell sky130_fd_sc_hd__o31a_4
   Generating output for cell sky130_fd_sc_hd__a22oi_4
   Generating output for cell sky130_fd_sc_hd__buf_6
   Generating output for cell sky130_fd_sc_hd__a22o_2
   Generating output for cell sky130_fd_sc_hd__o31ai_2
   Generating output for cell sky130_fd_sc_hd__a32oi_2
   Generating output for cell sky130_fd_sc_hd__or3_2
   Generating output for cell sky130_fd_sc_hd__and4b_4
   Generating output for cell sky130_fd_sc_hd__a21o_2
   Generating output for cell sky130_fd_sc_hd__xnor2_2
   Generating output for cell sky130_fd_sc_hd__a211o_4
   Generating output for cell sky130_fd_sc_hd__a22o_4
   Generating output for cell sky130_fd_sc_hd__o41ai_1
   Generating output for cell sky130_fd_sc_hd__a221oi_4
   Generating output for cell sky130_fd_sc_hd__a221o_4
   Generating output for cell sky130_fd_sc_hd__a22oi_2
   Generating output for cell sky130_fd_sc_hd__a32o_2
   Generating output for cell sky130_fd_sc_hd__a211oi_4
   Generating output for cell sky130_fd_sc_hd__xor2_1
   Generating output for cell sky130_fd_sc_hd__a21oi_4
   Generating output for cell simproc_system
[INFO]: GDS Write Complete
