OpenROAD 41a51eaf4ca2171c92ff38afb91eb37bbd3f36da 
This program is licensed under the BSD-3 license. See the LICENSE file for details.
Components of this program may be licensed under more restrictive licenses which must be honored.
[INFO]: Reading ODB at '/openlane/designs/simproc_system/runs/RUN_2025.11.10_00.32.29/results/routing/simproc_system.odb'…
define_corners Typical
read_liberty -corner Typical /home/zerotoasic/asic_tools/pdk/sky130A/libs.ref/sky130_fd_sc_hd/lib/sky130_fd_sc_hd__tt_025C_1v80.lib
Using 1e-12 for capacitance...
Using 1e+03 for resistance...
Using 1e-09 for time...
Using 1e+00 for voltage...
Using 1e-03 for current...
Using 1e-09 for power...
Using 1e-06 for distance...
Reading design constraints file at '/openlane/designs/simproc_system/runs/RUN_2025.11.10_00.32.29/tmp/17-simproc_system.sdc'…
Net: _0476_
  Pin: _3697_/A1 (sky130_fd_sc_hd__mux2_1)
    Layer: met4
      Partial area ratio:   21.84
      Required ratio:    0.00 (Gate area) 
      Partial area ratio:  117.23
      Required ratio: 3236.16 (Side area) 
      Cumulative area ratio:   59.56
      Required ratio:    0.00 (Cumulative area) 
      Cumulative area ratio:  312.11
      Required ratio:    0.00 (Cumulative side area) 

    Layer: met3
      Partial area ratio:    1.93
      Required ratio:    0.00 (Gate area) 
      Partial area ratio:   12.83
      Required ratio:  400.00 (Side area) 
      Cumulative area ratio:   37.72
      Required ratio:    0.00 (Cumulative area) 
      Cumulative area ratio:  194.88
      Required ratio:    0.00 (Cumulative side area) 

    Layer: met2
      Partial area ratio:    2.23
      Required ratio:    0.00 (Gate area) 
      Partial area ratio:   11.94
      Required ratio:  400.00 (Side area) 
      Cumulative area ratio:   35.79
      Required ratio:    0.00 (Cumulative area) 
      Cumulative area ratio:  182.06
      Required ratio:    0.00 (Cumulative side area) 

    Layer: met1
      Partial area ratio:   33.56
      Required ratio:    0.00 (Gate area) 
      Partial area ratio:  170.11
      Required ratio:  400.00 (Side area) 
      Cumulative area ratio:   33.56
      Required ratio:    0.00 (Cumulative area) 
      Cumulative area ratio:  170.11
      Required ratio:    0.00 (Cumulative side area) 

    Layer: li1
      Partial area ratio:    0.00
      Required ratio:    0.00 (Gate area) 
      Partial area ratio:    0.00
      Required ratio:   75.00 (Side area) 
      Cumulative area ratio:    0.00
      Required ratio:    0.00 (Cumulative area) 
      Cumulative area ratio:    0.00
      Required ratio:    0.00 (Cumulative side area) 

    Via: M3M4_PR
      Partial area ratio:    0.11
      Required ratio:    6.00 (Gate area) 
      Cumulative area ratio:    0.80
      Required ratio:    0.00 (Cumulative area) 

    Via: M2M3_PR
      Partial area ratio:    0.11
      Required ratio:    6.00 (Gate area) 
      Cumulative area ratio:    0.69
      Required ratio:    0.00 (Cumulative area) 

    Via: M1M2_PR
      Partial area ratio:    0.36
      Required ratio:    6.00 (Gate area) 
      Cumulative area ratio:    0.59
      Required ratio:    0.00 (Cumulative area) 

    Via: L1M1_PR
      Partial area ratio:    0.23
      Required ratio:    3.00 (Gate area) 
      Cumulative area ratio:    0.23
      Required ratio:    0.00 (Cumulative area) 

  Pin: _3790_/A0 (sky130_fd_sc_hd__mux2_1)
    Layer: met4
      Partial area ratio:   21.84
      Required ratio:    0.00 (Gate area) 
      Partial area ratio:  117.23
      Required ratio: 3236.16 (Side area) 
      Cumulative area ratio:   84.60
      Required ratio:    0.00 (Cumulative area) 
      Cumulative area ratio:  441.22
      Required ratio:    0.00 (Cumulative side area) 

    Layer: met3
      Partial area ratio:    1.93
      Required ratio:    0.00 (Gate area) 
      Partial area ratio:   12.83
      Required ratio:  400.00 (Side area) 
      Cumulative area ratio:   62.76
      Required ratio:    0.00 (Cumulative area) 
      Cumulative area ratio:  323.99
      Required ratio:    0.00 (Cumulative side area) 

    Layer: met2
      Partial area ratio:    2.23
      Required ratio:    0.00 (Gate area) 
      Partial area ratio:   11.94
      Required ratio:  400.00 (Side area) 
      Cumulative area ratio:   60.83
      Required ratio:    0.00 (Cumulative area) 
      Cumulative area ratio:  311.17
      Required ratio:    0.00 (Cumulative side area) 

    Layer: met1
      Partial area ratio:    0.00
      Required ratio:    0.00 (Gate area) 
      Partial area ratio:    0.00
      Required ratio:  400.00 (Side area) 
      Cumulative area ratio:    0.00
      Required ratio:    0.00 (Cumulative area) 
      Cumulative area ratio:    0.00
      Required ratio:    0.00 (Cumulative side area) 

    Layer: li1
      Partial area ratio:    0.00
      Required ratio:    0.00 (Gate area) 
      Partial area ratio:    0.00
      Required ratio:   75.00 (Side area) 
      Cumulative area ratio:    0.00
      Required ratio:    0.00 (Cumulative area) 
      Cumulative area ratio:    0.00
      Required ratio:    0.00 (Cumulative side area) 

    Via: M3M4_PR
      Partial area ratio:    0.11
      Required ratio:    6.00 (Gate area) 
      Cumulative area ratio:    1.33
      Required ratio:    0.00 (Cumulative area) 

    Via: M2M3_PR
      Partial area ratio:    0.11
      Required ratio:    6.00 (Gate area) 
      Cumulative area ratio:    1.23
      Required ratio:    0.00 (Cumulative area) 

    Via: M1M2_PR
      Partial area ratio:    0.18
      Required ratio:    6.00 (Gate area) 
      Cumulative area ratio:    0.41
      Required ratio:    0.00 (Cumulative area) 

    Via: L1M1_PR
      Partial area ratio:    0.23
      Required ratio:    3.00 (Gate area) 
      Cumulative area ratio:    0.23
      Required ratio:    0.00 (Cumulative area) 

  Pin: _2507_/A1 (sky130_fd_sc_hd__mux2_1)
    Layer: met4
      Partial area ratio:   21.84
      Required ratio:    0.00 (Gate area) 
      Partial area ratio:  117.23
      Required ratio: 3236.16 (Side area) 
      Cumulative area ratio:   84.60
      Required ratio:    0.00 (Cumulative area) 
      Cumulative area ratio:  441.22
      Required ratio:    0.00 (Cumulative side area) 

    Layer: met3
      Partial area ratio:    1.93
      Required ratio:    0.00 (Gate area) 
      Partial area ratio:   12.83
      Required ratio:  400.00 (Side area) 
      Cumulative area ratio:   62.76
      Required ratio:    0.00 (Cumulative area) 
      Cumulative area ratio:  323.99
      Required ratio:    0.00 (Cumulative side area) 

    Layer: met2
      Partial area ratio:    2.23
      Required ratio:    0.00 (Gate area) 
      Partial area ratio:   11.94
      Required ratio:  400.00 (Side area) 
      Cumulative area ratio:   60.83
      Required ratio:    0.00 (Cumulative area) 
      Cumulative area ratio:  311.17
      Required ratio:    0.00 (Cumulative side area) 

    Layer: met1
      Partial area ratio:   25.04
      Required ratio:    0.00 (Gate area) 
      Partial area ratio:  129.11
      Required ratio:  400.00 (Side area) 
      Cumulative area ratio:   25.04
      Required ratio:    0.00 (Cumulative area) 
      Cumulative area ratio:  129.11
      Required ratio:    0.00 (Cumulative side area) 

    Layer: li1
      Partial area ratio:    0.00
      Required ratio:    0.00 (Gate area) 
      Partial area ratio:    0.00
      Required ratio:   75.00 (Side area) 
      Cumulative area ratio:    0.00
      Required ratio:    0.00 (Cumulative area) 
      Cumulative area ratio:    0.00
      Required ratio:    0.00 (Cumulative side area) 

    Via: M3M4_PR
      Partial area ratio:    0.11
      Required ratio:    6.00 (Gate area) 
      Cumulative area ratio:    1.16
      Required ratio:    0.00 (Cumulative area) 

    Via: M2M3_PR
      Partial area ratio:    0.11
      Required ratio:    6.00 (Gate area) 
      Cumulative area ratio:    1.05
      Required ratio:    0.00 (Cumulative area) 

    Via: M1M2_PR
      Partial area ratio:    0.36
      Required ratio:    6.00 (Gate area) 
      Cumulative area ratio:    0.59
      Required ratio:    0.00 (Cumulative area) 

    Via: L1M1_PR
      Partial area ratio:    0.23
      Required ratio:    3.00 (Gate area) 
      Cumulative area ratio:    0.23
      Required ratio:    0.00 (Cumulative area) 

  Pin: _3901_/A1 (sky130_fd_sc_hd__mux2_1)
    Layer: met3
      Partial area ratio:  108.78
      Required ratio:    0.00 (Gate area) 
      Partial area ratio:  592.85
      Required ratio: 3236.16 (Side area) 
      Cumulative area ratio:  216.76
      Required ratio:    0.00 (Cumulative area) 
      Cumulative area ratio: 1142.07
      Required ratio:    0.00 (Cumulative side area) 

    Layer: met4
      Partial area ratio:   21.84
      Required ratio:    0.00 (Gate area) 
      Partial area ratio:  117.23
      Required ratio: 3236.16 (Side area) 
      Cumulative area ratio:  238.59
      Required ratio:    0.00 (Cumulative area) 
      Cumulative area ratio: 1259.30
      Required ratio:    0.00 (Cumulative side area) 

    Layer: met2
      Partial area ratio:    4.88
      Required ratio:    0.00 (Gate area) 
      Partial area ratio:   25.17
      Required ratio:  400.00 (Side area) 
      Cumulative area ratio:    9.12
      Required ratio:    0.00 (Cumulative area) 
      Cumulative area ratio:   47.17
      Required ratio:    0.00 (Cumulative side area) 

    Layer: met1
      Partial area ratio:    4.24
      Required ratio:    0.00 (Gate area) 
      Partial area ratio:   22.00
      Required ratio:  400.00 (Side area) 
      Cumulative area ratio:    4.24
      Required ratio:    0.00 (Cumulative area) 
      Cumulative area ratio:   22.00
      Required ratio:    0.00 (Cumulative side area) 

    Layer: li1
      Partial area ratio:    0.00
      Required ratio:    0.00 (Gate area) 
      Partial area ratio:    0.00
      Required ratio:   75.00 (Side area) 
      Cumulative area ratio:    0.00
      Required ratio:    0.00 (Cumulative area) 
      Cumulative area ratio:    0.00
      Required ratio:    0.00 (Cumulative side area) 

    Via: M3M4_PR
      Partial area ratio:    0.21
      Required ratio:    6.00 (Gate area) 
      Cumulative area ratio:    1.57
      Required ratio:    0.00 (Cumulative area) 

    Via: M2M3_PR
      Partial area ratio:    0.32
      Required ratio:    6.00 (Gate area) 
      Cumulative area ratio:    0.73
      Required ratio:    0.00 (Cumulative area) 

    Via: M1M2_PR
      Partial area ratio:    0.18
      Required ratio:    6.00 (Gate area) 
      Cumulative area ratio:    0.41
      Required ratio:    0.00 (Cumulative area) 

    Via: L1M1_PR
      Partial area ratio:    0.23
      Required ratio:    3.00 (Gate area) 
      Cumulative area ratio:    0.23
      Required ratio:    0.00 (Cumulative area) 

  Pin: _2436_/A1 (sky130_fd_sc_hd__mux2_1)
    Layer: met3
      Partial area ratio:   23.99
      Required ratio:    0.00 (Gate area) 
      Partial area ratio:  132.73
      Required ratio:  400.00 (Side area) 
      Cumulative area ratio:   57.61
      Required ratio:    0.00 (Cumulative area) 
      Cumulative area ratio:  304.29
      Required ratio:    0.00 (Cumulative side area) 

    Layer: met2
      Partial area ratio:    3.26
      Required ratio:    0.00 (Gate area) 
      Partial area ratio:   17.44
      Required ratio:  400.00 (Side area) 
      Cumulative area ratio:   33.61
      Required ratio:    0.00 (Cumulative area) 
      Cumulative area ratio:  171.56
      Required ratio:    0.00 (Cumulative side area) 

    Layer: met1
      Partial area ratio:   30.36
      Required ratio:    0.00 (Gate area) 
      Partial area ratio:  154.11
      Required ratio:  400.00 (Side area) 
      Cumulative area ratio:   30.36
      Required ratio:    0.00 (Cumulative area) 
      Cumulative area ratio:  154.11
      Required ratio:    0.00 (Cumulative side area) 

    Layer: li1
      Partial area ratio:    0.00
      Required ratio:    0.00 (Gate area) 
      Partial area ratio:    0.00
      Required ratio:   75.00 (Side area) 
      Cumulative area ratio:    0.00
      Required ratio:    0.00 (Cumulative area) 
      Cumulative area ratio:    0.00
      Required ratio:    0.00 (Cumulative side area) 

    Via: M3M4_PR
      Partial area ratio:    0.08
      Required ratio:    6.00 (Gate area) 
      Cumulative area ratio:    0.98
      Required ratio:    0.00 (Cumulative area) 

    Via: M2M3_PR
      Partial area ratio:    0.32
      Required ratio:    6.00 (Gate area) 
      Cumulative area ratio:    0.90
      Required ratio:    0.00 (Cumulative area) 

    Via: M1M2_PR
      Partial area ratio:    0.36
      Required ratio:    6.00 (Gate area) 
      Cumulative area ratio:    0.59
      Required ratio:    0.00 (Cumulative area) 

    Via: L1M1_PR
      Partial area ratio:    0.23
      Required ratio:    3.00 (Gate area) 
      Cumulative area ratio:    0.23
      Required ratio:    0.00 (Cumulative area) 

  Pin: _3590_/A1 (sky130_fd_sc_hd__mux2_1)
    Layer: met3
      Partial area ratio:   23.99
      Required ratio:    0.00 (Gate area) 
      Partial area ratio:  132.73
      Required ratio:  400.00 (Side area) 
      Cumulative area ratio:   64.75
      Required ratio:    0.00 (Cumulative area) 
      Cumulative area ratio:  341.56
      Required ratio:    0.00 (Cumulative side area) 

    Layer: met2
      Partial area ratio:    0.34
      Required ratio:    0.00 (Gate area) 
      Partial area ratio:    2.50
      Required ratio:  400.00 (Side area) 
      Cumulative area ratio:    7.14
      Required ratio:    0.00 (Cumulative area) 
      Cumulative area ratio:   37.28
      Required ratio:    0.00 (Cumulative side area) 

    Layer: met1
      Partial area ratio:    6.80
      Required ratio:    0.00 (Gate area) 
      Partial area ratio:   34.78
      Required ratio:  400.00 (Side area) 
      Cumulative area ratio:    6.80
      Required ratio:    0.00 (Cumulative area) 
      Cumulative area ratio:   34.78
      Required ratio:    0.00 (Cumulative side area) 

    Layer: li1
      Partial area ratio:    0.00
      Required ratio:    0.00 (Gate area) 
      Partial area ratio:    0.00
      Required ratio:   75.00 (Side area) 
      Cumulative area ratio:    0.00
      Required ratio:    0.00 (Cumulative area) 
      Cumulative area ratio:    0.00
      Required ratio:    0.00 (Cumulative side area) 

    Via: M3M4_PR
      Partial area ratio:    0.08
      Required ratio:    6.00 (Gate area) 
      Cumulative area ratio:    1.48
      Required ratio:    0.00 (Cumulative area) 

    Via: M2M3_PR
      Partial area ratio:    0.32
      Required ratio:    6.00 (Gate area) 
      Cumulative area ratio:    0.73
      Required ratio:    0.00 (Cumulative area) 

    Via: M1M2_PR
      Partial area ratio:    0.18
      Required ratio:    6.00 (Gate area) 
      Cumulative area ratio:    0.41
      Required ratio:    0.00 (Cumulative area) 

    Via: L1M1_PR
      Partial area ratio:    0.23
      Required ratio:    3.00 (Gate area) 
      Cumulative area ratio:    0.23
      Required ratio:    0.00 (Cumulative area) 

  Pin: _3643_/A1 (sky130_fd_sc_hd__mux2_1)
    Layer: met3
      Partial area ratio:   23.99
      Required ratio:    0.00 (Gate area) 
      Partial area ratio:  132.73
      Required ratio:  400.00 (Side area) 
      Cumulative area ratio:   60.64
      Required ratio:    0.00 (Cumulative area) 
      Cumulative area ratio:  321.01
      Required ratio:    0.00 (Cumulative side area) 

    Layer: met2
      Partial area ratio:    1.86
      Required ratio:    0.00 (Gate area) 
      Partial area ratio:   10.06
      Required ratio:  400.00 (Side area) 
      Cumulative area ratio:    3.03
      Required ratio:    0.00 (Cumulative area) 
      Cumulative area ratio:   16.72
      Required ratio:    0.00 (Cumulative side area) 

    Layer: met1
      Partial area ratio:    1.18
      Required ratio:    0.00 (Gate area) 
      Partial area ratio:    6.67
      Required ratio:  400.00 (Side area) 
      Cumulative area ratio:    1.18
      Required ratio:    0.00 (Cumulative area) 
      Cumulative area ratio:    6.67
      Required ratio:    0.00 (Cumulative side area) 

    Layer: li1
      Partial area ratio:    0.00
      Required ratio:    0.00 (Gate area) 
      Partial area ratio:    0.00
      Required ratio:   75.00 (Side area) 
      Cumulative area ratio:    0.00
      Required ratio:    0.00 (Cumulative area) 
      Cumulative area ratio:    0.00
      Required ratio:    0.00 (Cumulative side area) 

    Via: M3M4_PR
      Partial area ratio:    0.08
      Required ratio:    6.00 (Gate area) 
      Cumulative area ratio:    1.48
      Required ratio:    0.00 (Cumulative area) 

    Via: M2M3_PR
      Partial area ratio:    0.32
      Required ratio:    6.00 (Gate area) 
      Cumulative area ratio:    0.73
      Required ratio:    0.00 (Cumulative area) 

    Via: M1M2_PR
      Partial area ratio:    0.18
      Required ratio:    6.00 (Gate area) 
      Cumulative area ratio:    0.41
      Required ratio:    0.00 (Cumulative area) 

    Via: L1M1_PR
      Partial area ratio:    0.23
      Required ratio:    3.00 (Gate area) 
      Cumulative area ratio:    0.23
      Required ratio:    0.00 (Cumulative area) 

  Pin: _2474_/A1 (sky130_fd_sc_hd__mux2_1)
    Layer: met3
      Partial area ratio:   23.99
      Required ratio:    0.00 (Gate area) 
      Partial area ratio:  132.73
      Required ratio:  400.00 (Side area) 
      Cumulative area ratio:   60.32
      Required ratio:    0.00 (Cumulative area) 
      Cumulative area ratio:  318.62
      Required ratio:    0.00 (Cumulative side area) 

    Layer: met2
      Partial area ratio:    3.26
      Required ratio:    0.00 (Gate area) 
      Partial area ratio:   17.44
      Required ratio:  400.00 (Side area) 
      Cumulative area ratio:    5.97
      Required ratio:    0.00 (Cumulative area) 
      Cumulative area ratio:   31.78
      Required ratio:    0.00 (Cumulative side area) 

    Layer: met1
      Partial area ratio:    2.71
      Required ratio:    0.00 (Gate area) 
      Partial area ratio:   14.33
      Required ratio:  400.00 (Side area) 
      Cumulative area ratio:    2.71
      Required ratio:    0.00 (Cumulative area) 
      Cumulative area ratio:   14.33
      Required ratio:    0.00 (Cumulative side area) 

    Layer: li1
      Partial area ratio:    0.00
      Required ratio:    0.00 (Gate area) 
      Partial area ratio:    0.00
      Required ratio:   75.00 (Side area) 
      Cumulative area ratio:    0.00
      Required ratio:    0.00 (Cumulative area) 
      Cumulative area ratio:    0.00
      Required ratio:    0.00 (Cumulative side area) 

    Via: M3M4_PR
      Partial area ratio:    0.08
      Required ratio:    6.00 (Gate area) 
      Cumulative area ratio:    1.16
      Required ratio:    0.00 (Cumulative area) 

    Via: M2M3_PR
      Partial area ratio:    0.32
      Required ratio:    6.00 (Gate area) 
      Cumulative area ratio:    0.73
      Required ratio:    0.00 (Cumulative area) 

    Via: M1M2_PR
      Partial area ratio:    0.18
      Required ratio:    6.00 (Gate area) 
      Cumulative area ratio:    0.41
      Required ratio:    0.00 (Cumulative area) 

    Via: L1M1_PR
      Partial area ratio:    0.23
      Required ratio:    3.00 (Gate area) 
      Cumulative area ratio:    0.23
      Required ratio:    0.00 (Cumulative area) 

  Pin: _4039_/A0 (sky130_fd_sc_hd__mux2_1)
    Layer: met3
      Partial area ratio:  108.78
      Required ratio:    0.00 (Gate area) 
      Partial area ratio:  592.85
      Required ratio: 3236.16 (Side area) 
      Cumulative area ratio:  210.18
      Required ratio:    0.00 (Cumulative area) 
      Cumulative area ratio: 1109.18
      Required ratio:    0.00 (Cumulative side area) 

    Layer: met4
      Partial area ratio:   21.84
      Required ratio:    0.00 (Gate area) 
      Partial area ratio:  117.23
      Required ratio: 3236.16 (Side area) 
      Cumulative area ratio:  232.02
      Required ratio:    0.00 (Cumulative area) 
      Cumulative area ratio: 1226.41
      Required ratio:    0.00 (Cumulative side area) 

    Layer: met2
      Partial area ratio:    0.34
      Required ratio:    0.00 (Gate area) 
      Partial area ratio:    2.50
      Required ratio:  400.00 (Side area) 
      Cumulative area ratio:    2.54
      Required ratio:    0.00 (Cumulative area) 
      Cumulative area ratio:   14.28
      Required ratio:    0.00 (Cumulative side area) 

    Layer: met1
      Partial area ratio:    2.20
      Required ratio:    0.00 (Gate area) 
      Partial area ratio:   11.78
      Required ratio:  400.00 (Side area) 
      Cumulative area ratio:    2.20
      Required ratio:    0.00 (Cumulative area) 
      Cumulative area ratio:   11.78
      Required ratio:    0.00 (Cumulative side area) 

    Layer: li1
      Partial area ratio:    0.00
      Required ratio:    0.00 (Gate area) 
      Partial area ratio:    0.00
      Required ratio:   75.00 (Side area) 
      Cumulative area ratio:    0.00
      Required ratio:    0.00 (Cumulative area) 
      Cumulative area ratio:    0.00
      Required ratio:    0.00 (Cumulative side area) 

    Via: M3M4_PR
      Partial area ratio:    0.21
      Required ratio:    6.00 (Gate area) 
      Cumulative area ratio:    1.57
      Required ratio:    0.00 (Cumulative area) 

    Via: M2M3_PR
      Partial area ratio:    0.32
      Required ratio:    6.00 (Gate area) 
      Cumulative area ratio:    0.73
      Required ratio:    0.00 (Cumulative area) 

    Via: M1M2_PR
      Partial area ratio:    0.18
      Required ratio:    6.00 (Gate area) 
      Cumulative area ratio:    0.41
      Required ratio:    0.00 (Cumulative area) 

    Via: L1M1_PR
      Partial area ratio:    0.23
      Required ratio:    3.00 (Gate area) 
      Cumulative area ratio:    0.23
      Required ratio:    0.00 (Cumulative area) 

  Pin: _3669_/A1 (sky130_fd_sc_hd__mux2_1)
    Layer: met3
      Partial area ratio:  108.78
      Required ratio:    0.00 (Gate area) 
      Partial area ratio:  592.85
      Required ratio: 3236.16 (Side area) 
      Cumulative area ratio:  214.97
      Required ratio:    0.00 (Cumulative area) 
      Cumulative area ratio: 1133.12
      Required ratio:    0.00 (Cumulative side area) 

    Layer: met4
      Partial area ratio:   21.84
      Required ratio:    0.00 (Gate area) 
      Partial area ratio:  117.23
      Required ratio: 3236.16 (Side area) 
      Cumulative area ratio:  236.80
      Required ratio:    0.00 (Cumulative area) 
      Cumulative area ratio: 1250.36
      Required ratio:    0.00 (Cumulative side area) 

    Layer: met2
      Partial area ratio:   98.86
      Required ratio:    0.00 (Gate area) 
      Partial area ratio:  502.06
      Required ratio:  400.00 (Side area) (VIOLATED)
      Cumulative area ratio:  106.19
      Required ratio:    0.00 (Cumulative area) 
      Cumulative area ratio:  540.28
      Required ratio:    0.00 (Cumulative side area) 

    Layer: met1
      Partial area ratio:    7.33
      Required ratio:    0.00 (Gate area) 
      Partial area ratio:   38.22
      Required ratio:  400.00 (Side area) 
      Cumulative area ratio:    7.33
      Required ratio:    0.00 (Cumulative area) 
      Cumulative area ratio:   38.22
      Required ratio:    0.00 (Cumulative side area) 

    Layer: li1
      Partial area ratio:    0.00
      Required ratio:    0.00 (Gate area) 
      Partial area ratio:    0.00
      Required ratio:   75.00 (Side area) 
      Cumulative area ratio:    0.00
      Required ratio:    0.00 (Cumulative area) 
      Cumulative area ratio:    0.00
      Required ratio:    0.00 (Cumulative side area) 

    Via: M3M4_PR
      Partial area ratio:    0.21
      Required ratio:    6.00 (Gate area) 
      Cumulative area ratio:    1.25
      Required ratio:    0.00 (Cumulative area) 

    Via: M2M3_PR
      Partial area ratio:    0.63
      Required ratio:    6.00 (Gate area) 
      Cumulative area ratio:    1.04
      Required ratio:    0.00 (Cumulative area) 

    Via: M1M2_PR
      Partial area ratio:    0.18
      Required ratio:    6.00 (Gate area) 
      Cumulative area ratio:    0.41
      Required ratio:    0.00 (Cumulative area) 

    Via: L1M1_PR
      Partial area ratio:    0.23
      Required ratio:    3.00 (Gate area) 
      Cumulative area ratio:    0.23
      Required ratio:    0.00 (Cumulative area) 


Net: _0485_
  Pin: _3910_/A1 (sky130_fd_sc_hd__mux2_1)
    Layer: met2
      Partial area ratio:   14.06
      Required ratio:    0.00 (Gate area) 
      Partial area ratio:   72.26
      Required ratio: 2956.40 (Side area) 
      Cumulative area ratio:   14.73
      Required ratio:    0.00 (Cumulative area) 
      Cumulative area ratio:   76.37
      Required ratio:    0.00 (Cumulative side area) 

    Layer: met1
      Partial area ratio:    0.67
      Required ratio:    0.00 (Gate area) 
      Partial area ratio:    4.11
      Required ratio:  400.00 (Side area) 
      Cumulative area ratio:    0.67
      Required ratio:    0.00 (Cumulative area) 
      Cumulative area ratio:    4.11
      Required ratio:    0.00 (Cumulative side area) 

    Layer: li1
      Partial area ratio:    0.00
      Required ratio:    0.00 (Gate area) 
      Partial area ratio:    0.00
      Required ratio:   75.00 (Side area) 
      Cumulative area ratio:    0.00
      Required ratio:    0.00 (Cumulative area) 
      Cumulative area ratio:    0.00
      Required ratio:    0.00 (Cumulative side area) 

    Layer: met3
      Partial area ratio:   16.97
      Required ratio:    0.00 (Gate area) 
      Partial area ratio:   91.66
      Required ratio: 2956.40 (Side area) 
      Cumulative area ratio:   31.70
      Required ratio:    0.00 (Cumulative area) 
      Cumulative area ratio:  168.03
      Required ratio:    0.00 (Cumulative side area) 

    Via: M2M3_PR
      Partial area ratio:    0.05
      Required ratio:    6.00 (Gate area) 
      Cumulative area ratio:    0.46
      Required ratio:    0.00 (Cumulative area) 

    Via: M1M2_PR
      Partial area ratio:    0.18
      Required ratio:    6.00 (Gate area) 
      Cumulative area ratio:    0.41
      Required ratio:    0.00 (Cumulative area) 

    Via: L1M1_PR
      Partial area ratio:    0.23
      Required ratio:    3.00 (Gate area) 
      Cumulative area ratio:    0.23
      Required ratio:    0.00 (Cumulative area) 

  Pin: _4048_/A0 (sky130_fd_sc_hd__mux2_1)
    Layer: met2
      Partial area ratio:   14.06
      Required ratio:    0.00 (Gate area) 
      Partial area ratio:   72.26
      Required ratio: 2956.40 (Side area) 
      Cumulative area ratio:   23.57
      Required ratio:    0.00 (Cumulative area) 
      Cumulative area ratio:  121.37
      Required ratio:    0.00 (Cumulative side area) 

    Layer: met1
      Partial area ratio:    9.51
      Required ratio:    0.00 (Gate area) 
      Partial area ratio:   49.11
      Required ratio:  400.00 (Side area) 
      Cumulative area ratio:    9.51
      Required ratio:    0.00 (Cumulative area) 
      Cumulative area ratio:   49.11
      Required ratio:    0.00 (Cumulative side area) 

    Layer: li1
      Partial area ratio:    0.00
      Required ratio:    0.00 (Gate area) 
      Partial area ratio:    0.00
      Required ratio:   75.00 (Side area) 
      Cumulative area ratio:    0.00
      Required ratio:    0.00 (Cumulative area) 
      Cumulative area ratio:    0.00
      Required ratio:    0.00 (Cumulative side area) 

    Layer: met3
      Partial area ratio:   16.97
      Required ratio:    0.00 (Gate area) 
      Partial area ratio:   91.66
      Required ratio: 2956.40 (Side area) 
      Cumulative area ratio:   40.55
      Required ratio:    0.00 (Cumulative area) 
      Cumulative area ratio:  213.03
      Required ratio:    0.00 (Cumulative side area) 

    Via: M2M3_PR
      Partial area ratio:    0.05
      Required ratio:    6.00 (Gate area) 
      Cumulative area ratio:    0.64
      Required ratio:    0.00 (Cumulative area) 

    Via: M1M2_PR
      Partial area ratio:    0.36
      Required ratio:    6.00 (Gate area) 
      Cumulative area ratio:    0.59
      Required ratio:    0.00 (Cumulative area) 

    Via: L1M1_PR
      Partial area ratio:    0.23
      Required ratio:    3.00 (Gate area) 
      Cumulative area ratio:    0.23
      Required ratio:    0.00 (Cumulative area) 

  Pin: _2483_/A1 (sky130_fd_sc_hd__mux2_1)
    Layer: met3
      Partial area ratio:   16.97
      Required ratio:    0.00 (Gate area) 
      Partial area ratio:   91.66
      Required ratio: 2956.40 (Side area) 
      Cumulative area ratio:  138.00
      Required ratio:    0.00 (Cumulative area) 
      Cumulative area ratio:  706.52
      Required ratio:    0.00 (Cumulative side area) 

    Layer: met2
      Partial area ratio:    5.08
      Required ratio:    0.00 (Gate area) 
      Partial area ratio:   25.81
      Required ratio:  400.00 (Side area) 
      Cumulative area ratio:   13.67
      Required ratio:    0.00 (Cumulative area) 
      Cumulative area ratio:   69.53
      Required ratio:    0.00 (Cumulative side area) 

    Layer: met1
      Partial area ratio:    8.59
      Required ratio:    0.00 (Gate area) 
      Partial area ratio:   43.72
      Required ratio:  400.00 (Side area) 
      Cumulative area ratio:    8.59
      Required ratio:    0.00 (Cumulative area) 
      Cumulative area ratio:   43.72
      Required ratio:    0.00 (Cumulative side area) 

    Layer: li1
      Partial area ratio:    0.00
      Required ratio:    0.00 (Gate area) 
      Partial area ratio:    0.00
      Required ratio:   75.00 (Side area) 
      Cumulative area ratio:    0.00
      Required ratio:    0.00 (Cumulative area) 
      Cumulative area ratio:    0.00
      Required ratio:    0.00 (Cumulative side area) 

    Via: M2M3_PR
      Partial area ratio:    0.16
      Required ratio:    6.00 (Gate area) 
      Cumulative area ratio:    0.48
      Required ratio:    0.00 (Cumulative area) 

    Via: M1M2_PR
      Partial area ratio:    0.09
      Required ratio:    6.00 (Gate area) 
      Cumulative area ratio:    0.32
      Required ratio:    0.00 (Cumulative area) 

    Via: L1M1_PR
      Partial area ratio:    0.23
      Required ratio:    3.00 (Gate area) 
      Cumulative area ratio:    0.23
      Required ratio:    0.00 (Cumulative area) 

  Pin: _2448_/A1 (sky130_fd_sc_hd__mux2_1)
    Layer: met3
      Partial area ratio:   16.97
      Required ratio:    0.00 (Gate area) 
      Partial area ratio:   91.66
      Required ratio: 2956.40 (Side area) 
      Cumulative area ratio:  138.00
      Required ratio:    0.00 (Cumulative area) 
      Cumulative area ratio:  706.52
      Required ratio:    0.00 (Cumulative side area) 

    Layer: met2
      Partial area ratio:    5.08
      Required ratio:    0.00 (Gate area) 
      Partial area ratio:   25.81
      Required ratio:  400.00 (Side area) 
      Cumulative area ratio:   13.67
      Required ratio:    0.00 (Cumulative area) 
      Cumulative area ratio:   69.53
      Required ratio:    0.00 (Cumulative side area) 

    Layer: met1
      Partial area ratio:    8.59
      Required ratio:    0.00 (Gate area) 
      Partial area ratio:   43.72
      Required ratio:  400.00 (Side area) 
      Cumulative area ratio:    8.59
      Required ratio:    0.00 (Cumulative area) 
      Cumulative area ratio:   43.72
      Required ratio:    0.00 (Cumulative side area) 

    Layer: li1
      Partial area ratio:    0.00
      Required ratio:    0.00 (Gate area) 
      Partial area ratio:    0.00
      Required ratio:   75.00 (Side area) 
      Cumulative area ratio:    0.00
      Required ratio:    0.00 (Cumulative area) 
      Cumulative area ratio:    0.00
      Required ratio:    0.00 (Cumulative side area) 

    Via: M2M3_PR
      Partial area ratio:    0.16
      Required ratio:    6.00 (Gate area) 
      Cumulative area ratio:    0.48
      Required ratio:    0.00 (Cumulative area) 

    Via: M1M2_PR
      Partial area ratio:    0.09
      Required ratio:    6.00 (Gate area) 
      Cumulative area ratio:    0.32
      Required ratio:    0.00 (Cumulative area) 

    Via: L1M1_PR
      Partial area ratio:    0.23
      Required ratio:    3.00 (Gate area) 
      Cumulative area ratio:    0.23
      Required ratio:    0.00 (Cumulative area) 

  Pin: _3652_/A1 (sky130_fd_sc_hd__mux2_1)
    Layer: met3
      Partial area ratio:   16.97
      Required ratio:    0.00 (Gate area) 
      Partial area ratio:   91.66
      Required ratio: 2956.40 (Side area) 
      Cumulative area ratio:  129.09
      Required ratio:    0.00 (Cumulative area) 
      Cumulative area ratio:  663.93
      Required ratio:    0.00 (Cumulative side area) 

    Layer: met2
      Partial area ratio:    0.34
      Required ratio:    0.00 (Gate area) 
      Partial area ratio:    2.50
      Required ratio:  400.00 (Side area) 
      Cumulative area ratio:    4.77
      Required ratio:    0.00 (Cumulative area) 
      Cumulative area ratio:   26.94
      Required ratio:    0.00 (Cumulative side area) 

    Layer: met1
      Partial area ratio:    4.42
      Required ratio:    0.00 (Gate area) 
      Partial area ratio:   24.44
      Required ratio:  400.00 (Side area) 
      Cumulative area ratio:    4.42
      Required ratio:    0.00 (Cumulative area) 
      Cumulative area ratio:   24.44
      Required ratio:    0.00 (Cumulative side area) 

    Layer: li1
      Partial area ratio:    0.00
      Required ratio:    0.00 (Gate area) 
      Partial area ratio:    0.00
      Required ratio:   75.00 (Side area) 
      Cumulative area ratio:    0.00
      Required ratio:    0.00 (Cumulative area) 
      Cumulative area ratio:    0.00
      Required ratio:    0.00 (Cumulative side area) 

    Via: M2M3_PR
      Partial area ratio:    0.32
      Required ratio:    6.00 (Gate area) 
      Cumulative area ratio:    0.73
      Required ratio:    0.00 (Cumulative area) 

    Via: M1M2_PR
      Partial area ratio:    0.18
      Required ratio:    6.00 (Gate area) 
      Cumulative area ratio:    0.41
      Required ratio:    0.00 (Cumulative area) 

    Via: L1M1_PR
      Partial area ratio:    0.23
      Required ratio:    3.00 (Gate area) 
      Cumulative area ratio:    0.23
      Required ratio:    0.00 (Cumulative area) 

  Pin: _3599_/A1 (sky130_fd_sc_hd__mux2_1)
    Layer: met3
      Partial area ratio:   16.97
      Required ratio:    0.00 (Gate area) 
      Partial area ratio:   91.66
      Required ratio: 2956.40 (Side area) 
      Cumulative area ratio:  124.33
      Required ratio:    0.00 (Cumulative area) 
      Cumulative area ratio:  636.99
      Required ratio:    0.00 (Cumulative side area) 

    Layer: met2
      Partial area ratio:   96.58
      Required ratio:    0.00 (Gate area) 
      Partial area ratio:  486.00
      Required ratio:  400.00 (Side area) (VIOLATED)
      Cumulative area ratio:  107.36
      Required ratio:    0.00 (Cumulative area) 
      Cumulative area ratio:  545.33
      Required ratio:    0.00 (Cumulative side area) 

    Layer: met1
      Partial area ratio:   10.78
      Required ratio:    0.00 (Gate area) 
      Partial area ratio:   59.33
      Required ratio:  400.00 (Side area) 
      Cumulative area ratio:   10.78
      Required ratio:    0.00 (Cumulative area) 
      Cumulative area ratio:   59.33
      Required ratio:    0.00 (Cumulative side area) 

    Layer: li1
      Partial area ratio:    0.00
      Required ratio:    0.00 (Gate area) 
      Partial area ratio:    0.00
      Required ratio:   75.00 (Side area) 
      Cumulative area ratio:    0.00
      Required ratio:    0.00 (Cumulative area) 
      Cumulative area ratio:    0.00
      Required ratio:    0.00 (Cumulative side area) 

    Via: M2M3_PR
      Partial area ratio:    0.63
      Required ratio:    6.00 (Gate area) 
      Cumulative area ratio:    1.22
      Required ratio:    0.00 (Cumulative area) 

    Via: M1M2_PR
      Partial area ratio:    0.36
      Required ratio:    6.00 (Gate area) 
      Cumulative area ratio:    0.59
      Required ratio:    0.00 (Cumulative area) 

    Via: L1M1_PR
      Partial area ratio:    0.23
      Required ratio:    3.00 (Gate area) 
      Cumulative area ratio:    0.23
      Required ratio:    0.00 (Cumulative area) 

  Pin: _3706_/A1 (sky130_fd_sc_hd__mux2_1)
    Layer: met2
      Partial area ratio:   14.06
      Required ratio:    0.00 (Gate area) 
      Partial area ratio:   72.26
      Required ratio: 2956.40 (Side area) 
      Cumulative area ratio:   14.73
      Required ratio:    0.00 (Cumulative area) 
      Cumulative area ratio:   76.37
      Required ratio:    0.00 (Cumulative side area) 

    Layer: met3
      Partial area ratio:   16.97
      Required ratio:    0.00 (Gate area) 
      Partial area ratio:   91.66
      Required ratio: 2956.40 (Side area) 
      Cumulative area ratio:   31.70
      Required ratio:    0.00 (Cumulative area) 
      Cumulative area ratio:  168.03
      Required ratio:    0.00 (Cumulative side area) 

    Layer: met1
      Partial area ratio:    0.67
      Required ratio:    0.00 (Gate area) 
      Partial area ratio:    4.11
      Required ratio:  400.00 (Side area) 
      Cumulative area ratio:    0.67
      Required ratio:    0.00 (Cumulative area) 
      Cumulative area ratio:    4.11
      Required ratio:    0.00 (Cumulative side area) 

    Layer: li1
      Partial area ratio:    0.00
      Required ratio:    0.00 (Gate area) 
      Partial area ratio:    0.00
      Required ratio:   75.00 (Side area) 
      Cumulative area ratio:    0.00
      Required ratio:    0.00 (Cumulative area) 
      Cumulative area ratio:    0.00
      Required ratio:    0.00 (Cumulative side area) 

    Via: M2M3_PR
      Partial area ratio:    0.05
      Required ratio:    6.00 (Gate area) 
      Cumulative area ratio:    0.46
      Required ratio:    0.00 (Cumulative area) 

    Via: M1M2_PR
      Partial area ratio:    0.18
      Required ratio:    6.00 (Gate area) 
      Cumulative area ratio:    0.41
      Required ratio:    0.00 (Cumulative area) 

    Via: L1M1_PR
      Partial area ratio:    0.23
      Required ratio:    3.00 (Gate area) 
      Cumulative area ratio:    0.23
      Required ratio:    0.00 (Cumulative area) 

  Pin: _3678_/A1 (sky130_fd_sc_hd__mux2_1)
    Layer: met1
      Partial area ratio:   11.94
      Required ratio:    0.00 (Gate area) 
      Partial area ratio:   61.67
      Required ratio:  400.00 (Side area) 
      Cumulative area ratio:   11.94
      Required ratio:    0.00 (Cumulative area) 
      Cumulative area ratio:   61.67
      Required ratio:    0.00 (Cumulative side area) 

    Layer: li1
      Partial area ratio:    0.00
      Required ratio:    0.00 (Gate area) 
      Partial area ratio:    0.00
      Required ratio:   75.00 (Side area) 
      Cumulative area ratio:    0.00
      Required ratio:    0.00 (Cumulative area) 
      Cumulative area ratio:    0.00
      Required ratio:    0.00 (Cumulative side area) 

    Via: M1M2_PR
      Partial area ratio:    0.09
      Required ratio:    6.00 (Gate area) 
      Cumulative area ratio:    0.32
      Required ratio:    0.00 (Cumulative area) 

    Via: L1M1_PR
      Partial area ratio:    0.23
      Required ratio:    3.00 (Gate area) 
      Cumulative area ratio:    0.23
      Required ratio:    0.00 (Cumulative area) 

  Pin: _2516_/A1 (sky130_fd_sc_hd__mux2_1)
    Layer: met1
      Partial area ratio:   11.94
      Required ratio:    0.00 (Gate area) 
      Partial area ratio:   61.67
      Required ratio:  400.00 (Side area) 
      Cumulative area ratio:   11.94
      Required ratio:    0.00 (Cumulative area) 
      Cumulative area ratio:   61.67
      Required ratio:    0.00 (Cumulative side area) 

    Layer: li1
      Partial area ratio:    0.00
      Required ratio:    0.00 (Gate area) 
      Partial area ratio:    0.00
      Required ratio:   75.00 (Side area) 
      Cumulative area ratio:    0.00
      Required ratio:    0.00 (Cumulative area) 
      Cumulative area ratio:    0.00
      Required ratio:    0.00 (Cumulative side area) 

    Via: M1M2_PR
      Partial area ratio:    0.09
      Required ratio:    6.00 (Gate area) 
      Cumulative area ratio:    0.32
      Required ratio:    0.00 (Cumulative area) 

    Via: L1M1_PR
      Partial area ratio:    0.23
      Required ratio:    3.00 (Gate area) 
      Cumulative area ratio:    0.23
      Required ratio:    0.00 (Cumulative area) 

  Pin: _3799_/A0 (sky130_fd_sc_hd__mux2_1)
    Layer: met1
      Partial area ratio:   11.40
      Required ratio:    0.00 (Gate area) 
      Partial area ratio:   57.78
      Required ratio:  400.00 (Side area) 
      Cumulative area ratio:   11.40
      Required ratio:    0.00 (Cumulative area) 
      Cumulative area ratio:   57.78
      Required ratio:    0.00 (Cumulative side area) 

    Layer: li1
      Partial area ratio:    0.00
      Required ratio:    0.00 (Gate area) 
      Partial area ratio:    0.00
      Required ratio:   75.00 (Side area) 
      Cumulative area ratio:    0.00
      Required ratio:    0.00 (Cumulative area) 
      Cumulative area ratio:    0.00
      Required ratio:    0.00 (Cumulative side area) 

    Via: M1M2_PR
      Partial area ratio:    0.36
      Required ratio:    6.00 (Gate area) 
      Cumulative area ratio:    0.59
      Required ratio:    0.00 (Cumulative area) 

    Via: L1M1_PR
      Partial area ratio:    0.23
      Required ratio:    3.00 (Gate area) 
      Cumulative area ratio:    0.23
      Required ratio:    0.00 (Cumulative area) 


Net: net19
  Pin: _2551_/A (sky130_fd_sc_hd__or2_1)
    Layer: met2
      Partial area ratio:    3.61
      Required ratio:    0.00 (Gate area) 
      Partial area ratio:   18.94
      Required ratio: 2778.20 (Side area) 
      Cumulative area ratio:    4.28
      Required ratio:    0.00 (Cumulative area) 
      Cumulative area ratio:   23.05
      Required ratio:    0.00 (Cumulative side area) 

    Layer: met1
      Partial area ratio:    0.67
      Required ratio:    0.00 (Gate area) 
      Partial area ratio:    4.11
      Required ratio:  400.00 (Side area) 
      Cumulative area ratio:    0.67
      Required ratio:    0.00 (Cumulative area) 
      Cumulative area ratio:    4.11
      Required ratio:    0.00 (Cumulative side area) 

    Layer: li1
      Partial area ratio:    0.00
      Required ratio:    0.00 (Gate area) 
      Partial area ratio:    0.00
      Required ratio:   75.00 (Side area) 
      Cumulative area ratio:    0.00
      Required ratio:    0.00 (Cumulative area) 
      Cumulative area ratio:    0.00
      Required ratio:    0.00 (Cumulative side area) 

    Layer: met3
      Partial area ratio:    0.47
      Required ratio:    0.00 (Gate area) 
      Partial area ratio:    3.92
      Required ratio: 2778.20 (Side area) 
      Cumulative area ratio:    4.75
      Required ratio:    0.00 (Cumulative area) 
      Cumulative area ratio:   26.96
      Required ratio:    0.00 (Cumulative side area) 

    Layer: met4
      Partial area ratio:   18.94
      Required ratio:    0.00 (Gate area) 
      Partial area ratio:  101.81
      Required ratio: 2778.20 (Side area) 
      Cumulative area ratio:   23.69
      Required ratio:    0.00 (Cumulative area) 
      Cumulative area ratio:  128.77
      Required ratio:    0.00 (Cumulative side area) 

    Via: M2M3_PR
      Partial area ratio:    0.12
      Required ratio:    6.00 (Gate area) 
      Cumulative area ratio:    0.53
      Required ratio:    0.00 (Cumulative area) 

    Via: M1M2_PR
      Partial area ratio:    0.18
      Required ratio:    6.00 (Gate area) 
      Cumulative area ratio:    0.41
      Required ratio:    0.00 (Cumulative area) 

    Via: L1M1_PR
      Partial area ratio:    0.23
      Required ratio:    3.00 (Gate area) 
      Cumulative area ratio:    0.23
      Required ratio:    0.00 (Cumulative area) 

    Via: M3M4_PR
      Partial area ratio:    0.12
      Required ratio:    6.00 (Gate area) 
      Cumulative area ratio:    0.64
      Required ratio:    0.00 (Cumulative area) 

  Pin: _3137_/A1 (sky130_fd_sc_hd__a221o_1)
    Layer: met4
      Partial area ratio:   18.94
      Required ratio:    0.00 (Gate area) 
      Partial area ratio:  101.81
      Required ratio: 2778.20 (Side area) 
      Cumulative area ratio:   23.37
      Required ratio:    0.00 (Cumulative area) 
      Cumulative area ratio:  127.49
      Required ratio:    0.00 (Cumulative side area) 

    Layer: met3
      Partial area ratio:    1.20
      Required ratio:    0.00 (Gate area) 
      Partial area ratio:    8.34
      Required ratio:  400.00 (Side area) 
      Cumulative area ratio:    4.43
      Required ratio:    0.00 (Cumulative area) 
      Cumulative area ratio:   25.68
      Required ratio:    0.00 (Cumulative side area) 

    Layer: met2
      Partial area ratio:    2.10
      Required ratio:    0.00 (Gate area) 
      Partial area ratio:   10.89
      Required ratio:  400.00 (Side area) 
      Cumulative area ratio:    3.23
      Required ratio:    0.00 (Cumulative area) 
      Cumulative area ratio:   17.34
      Required ratio:    0.00 (Cumulative side area) 

    Layer: met1
      Partial area ratio:    1.13
      Required ratio:    0.00 (Gate area) 
      Partial area ratio:    6.45
      Required ratio:  400.00 (Side area) 
      Cumulative area ratio:    1.13
      Required ratio:    0.00 (Cumulative area) 
      Cumulative area ratio:    6.45
      Required ratio:    0.00 (Cumulative side area) 

    Layer: li1
      Partial area ratio:    0.00
      Required ratio:    0.00 (Gate area) 
      Partial area ratio:    0.00
      Required ratio:   75.00 (Side area) 
      Cumulative area ratio:    0.00
      Required ratio:    0.00 (Cumulative area) 
      Cumulative area ratio:    0.00
      Required ratio:    0.00 (Cumulative side area) 

    Via: M3M4_PR
      Partial area ratio:    0.16
      Required ratio:    6.00 (Gate area) 
      Cumulative area ratio:    0.53
      Required ratio:    0.00 (Cumulative area) 

    Via: M2M3_PR
      Partial area ratio:    0.16
      Required ratio:    6.00 (Gate area) 
      Cumulative area ratio:    0.37
      Required ratio:    0.00 (Cumulative area) 

    Via: M1M2_PR
      Partial area ratio:    0.09
      Required ratio:    6.00 (Gate area) 
      Cumulative area ratio:    0.21
      Required ratio:    0.00 (Cumulative area) 

    Via: L1M1_PR
      Partial area ratio:    0.12
      Required ratio:    3.00 (Gate area) 
      Cumulative area ratio:    0.12
      Required ratio:    0.00 (Cumulative area) 

  Pin: output19/A (sky130_fd_sc_hd__clkbuf_4)
    Layer: met2
      Partial area ratio:    3.61
      Required ratio:    0.00 (Gate area) 
      Partial area ratio:   18.94
      Required ratio: 2778.20 (Side area) 
      Cumulative area ratio:   87.93
      Required ratio:    0.00 (Cumulative area) 
      Cumulative area ratio:  444.19
      Required ratio:    0.00 (Cumulative side area) 

    Layer: met1
      Partial area ratio:   84.32
      Required ratio:    0.00 (Gate area) 
      Partial area ratio:  425.26
      Required ratio:  400.00 (Side area) (VIOLATED)
      Cumulative area ratio:   84.32
      Required ratio:    0.00 (Cumulative area) 
      Cumulative area ratio:  425.26
      Required ratio:    0.00 (Cumulative side area) 

    Layer: met3
      Partial area ratio:    0.47
      Required ratio:    0.00 (Gate area) 
      Partial area ratio:    3.92
      Required ratio: 2778.20 (Side area) 
      Cumulative area ratio:   88.40
      Required ratio:    0.00 (Cumulative area) 
      Cumulative area ratio:  448.11
      Required ratio:    0.00 (Cumulative side area) 

    Layer: met4
      Partial area ratio:   18.94
      Required ratio:    0.00 (Gate area) 
      Partial area ratio:  101.81
      Required ratio: 2778.20 (Side area) 
      Cumulative area ratio:  107.33
      Required ratio:    0.00 (Cumulative area) 
      Cumulative area ratio:  549.92
      Required ratio:    0.00 (Cumulative side area) 

    Layer: li1
      Partial area ratio:    0.00
      Required ratio:    0.00 (Gate area) 
      Partial area ratio:    0.00
      Required ratio:   75.00 (Side area) 
      Cumulative area ratio:    0.00
      Required ratio:    0.00 (Cumulative area) 
      Cumulative area ratio:    0.00
      Required ratio:    0.00 (Cumulative side area) 

    Via: M2M3_PR
      Partial area ratio:    0.12
      Required ratio:    6.00 (Gate area) 
      Cumulative area ratio:    0.46
      Required ratio:    0.00 (Cumulative area) 

    Via: M1M2_PR
      Partial area ratio:    0.21
      Required ratio:    6.00 (Gate area) 
      Cumulative area ratio:    0.35
      Required ratio:    0.00 (Cumulative area) 

    Via: M3M4_PR
      Partial area ratio:    0.12
      Required ratio:    6.00 (Gate area) 
      Cumulative area ratio:    0.58
      Required ratio:    0.00 (Cumulative area) 

    Via: L1M1_PR
      Partial area ratio:    0.14
      Required ratio:    3.00 (Gate area) 
      Cumulative area ratio:    0.14
      Required ratio:    0.00 (Cumulative area) 


[INFO ANT-0002] Found 3 net violations.
[INFO ANT-0001] Found 3 pin violations.
