Sun Nov 09 18:29:09 UTC 2025 - Executing "openroad -exit -no_init -python /openlane/scripts/odbpy/lefutil.py get_metal_layers -o /openlane/designs/simproc_system/runs/RUN_2025.11.09_18.29.08/tmp/layers.list /home/zerotoasic/asic_tools/pdk/sky130A/libs.ref/sky130_fd_sc_hd/techlef/sky130_fd_sc_hd__nom.tlef"

Sun Nov 09 18:29:09 UTC 2025 - Executing "/openlane/scripts/mergeLef.py -o /openlane/designs/simproc_system/runs/RUN_2025.11.09_18.29.08/tmp/merged.nom.lef -i /home/zerotoasic/asic_tools/pdk/sky130A/libs.ref/sky130_fd_sc_hd/techlef/sky130_fd_sc_hd__nom.tlef {/home/zerotoasic/asic_tools/pdk/sky130A/libs.ref/sky130_fd_sc_hd/lef/sky130_fd_sc_hd.lef /home/zerotoasic/asic_tools/pdk/sky130A/libs.ref/sky130_fd_sc_hd/lef/sky130_ef_sc_hd.lef} |& tee /dev/null"

Sun Nov 09 18:29:09 UTC 2025 - Executing "/openlane/scripts/mergeLef.py -o /openlane/designs/simproc_system/runs/RUN_2025.11.09_18.29.08/tmp/merged.min.lef -i /home/zerotoasic/asic_tools/pdk/sky130A/libs.ref/sky130_fd_sc_hd/techlef/sky130_fd_sc_hd__min.tlef {/home/zerotoasic/asic_tools/pdk/sky130A/libs.ref/sky130_fd_sc_hd/lef/sky130_fd_sc_hd.lef /home/zerotoasic/asic_tools/pdk/sky130A/libs.ref/sky130_fd_sc_hd/lef/sky130_ef_sc_hd.lef} |& tee /dev/null"

Sun Nov 09 18:29:09 UTC 2025 - Executing "/openlane/scripts/mergeLef.py -o /openlane/designs/simproc_system/runs/RUN_2025.11.09_18.29.08/tmp/merged.max.lef -i /home/zerotoasic/asic_tools/pdk/sky130A/libs.ref/sky130_fd_sc_hd/techlef/sky130_fd_sc_hd__max.tlef {/home/zerotoasic/asic_tools/pdk/sky130A/libs.ref/sky130_fd_sc_hd/lef/sky130_fd_sc_hd.lef /home/zerotoasic/asic_tools/pdk/sky130A/libs.ref/sky130_fd_sc_hd/lef/sky130_ef_sc_hd.lef} |& tee /dev/null"

Sun Nov 09 18:29:09 UTC 2025 - Executing "python3 /openlane/scripts/mergeLib.py --output /openlane/designs/simproc_system/runs/RUN_2025.11.09_18.29.08/tmp/synthesis/merged.lib --name sky130A_merged /home/zerotoasic/asic_tools/pdk/sky130A/libs.ref/sky130_fd_sc_hd/lib/sky130_fd_sc_hd__tt_025C_1v80.lib"

Sun Nov 09 18:29:09 UTC 2025 - Executing "python3 /openlane/scripts/libtrim.py --cell-file /openlane/designs/simproc_system/runs/RUN_2025.11.09_18.29.08/tmp/synthesis/trimmed.lib.exclude.list --output /openlane/designs/simproc_system/runs/RUN_2025.11.09_18.29.08/tmp/synthesis/trimmed.lib /openlane/designs/simproc_system/runs/RUN_2025.11.09_18.29.08/tmp/synthesis/merged.lib"

Sun Nov 09 18:29:10 UTC 2025 - Executing "python3 /openlane/scripts/libtrim.py --cell-file /openlane/designs/simproc_system/runs/RUN_2025.11.09_18.29.08/tmp/cts/cts.lib.exclude.list --output /openlane/designs/simproc_system/runs/RUN_2025.11.09_18.29.08/tmp/cts/cts.lib /home/zerotoasic/asic_tools/pdk/sky130A/libs.ref/sky130_fd_sc_hd/lib/sky130_fd_sc_hd__tt_025C_1v80.lib"

Sun Nov 09 18:29:10 UTC 2025 - Executing "python3 /openlane/scripts/libtrim.py --cell-file /openlane/designs/simproc_system/runs/RUN_2025.11.09_18.29.08/tmp/cts/cts-fastest.lib.exclude.list --output /openlane/designs/simproc_system/runs/RUN_2025.11.09_18.29.08/tmp/cts/cts-fastest.lib /home/zerotoasic/asic_tools/pdk/sky130A/libs.ref/sky130_fd_sc_hd/lib/sky130_fd_sc_hd__ff_n40C_1v95.lib"

Sun Nov 09 18:29:11 UTC 2025 - Executing "python3 /openlane/scripts/libtrim.py --cell-file /openlane/designs/simproc_system/runs/RUN_2025.11.09_18.29.08/tmp/cts/cts-slowest.lib.exclude.list --output /openlane/designs/simproc_system/runs/RUN_2025.11.09_18.29.08/tmp/cts/cts-slowest.lib /home/zerotoasic/asic_tools/pdk/sky130A/libs.ref/sky130_fd_sc_hd/lib/sky130_fd_sc_hd__ss_100C_1v60.lib"

Sun Nov 09 18:29:11 UTC 2025 - Executing "python3 /openlane/scripts/new_tracks.py -i /home/zerotoasic/asic_tools/pdk/sky130A/libs.tech/openlane/sky130_fd_sc_hd/tracks.info -o /openlane/designs/simproc_system/runs/RUN_2025.11.09_18.29.08/tmp/routing/config.tracks"

Sun Nov 09 18:29:11 UTC 2025 - Executing "echo {OpenLane d054702b2cce04761cc2bc598f6b95c9d8ca7c6c} > /openlane/designs/simproc_system/runs/RUN_2025.11.09_18.29.08/OPENLANE_VERSION"

Sun Nov 09 18:29:11 UTC 2025 - Executing "bash -c {verilator  --lint-only  -Wall  --Wno-DECLFILENAME  --top-module simproc_system  /openlane/designs/simproc_system/src/simproc_system.sv -Wno-fatal --relative-includes |& tee /openlane/designs/simproc_system/runs/RUN_2025.11.09_18.29.08/logs/synthesis/linter.log /dev/null}"

Sun Nov 09 18:29:11 UTC 2025 - Executing "sed -E {s/^([[:space:]]+)pg_pin(.*)/\1pin\2\n\1    direction : "inout";/g} /home/zerotoasic/asic_tools/pdk/sky130A/libs.ref/sky130_fd_sc_hd/lib/sky130_fd_sc_hd__tt_025C_1v80.lib > /openlane/designs/simproc_system/runs/RUN_2025.11.09_18.29.08/tmp/synthesis/1-sky130_fd_sc_hd__tt_025C_1v80.no_pg.lib"

Sun Nov 09 18:29:11 UTC 2025 - Executing "sed -E {s/^([[:space:]]+)pg_pin(.*)/\1pin\2\n\1    direction : "inout";/g} /openlane/designs/simproc_system/runs/RUN_2025.11.09_18.29.08/tmp/synthesis/trimmed.lib > /openlane/designs/simproc_system/runs/RUN_2025.11.09_18.29.08/tmp/synthesis/1-trimmed.no_pg.lib"

Sun Nov 09 18:29:11 UTC 2025 - Executing "yosys -c /openlane/scripts/yosys/synth.tcl |& tee /dev/null /openlane/designs/simproc_system/runs/RUN_2025.11.09_18.29.08/logs/synthesis/1-synthesis.log"

Sun Nov 09 18:29:46 UTC 2025 - Executing "sed -i.bak -e {s/\(set ::env(CURRENT_NETLIST)\).*/\1 \/openlane\/designs\/simproc_system\/runs\/RUN_2025.11.09_18.29.08\/results\/synthesis\/simproc_system.v/} /openlane/designs/simproc_system/runs/RUN_2025.11.09_18.29.08/config.tcl"

Sun Nov 09 18:29:46 UTC 2025 - Executing "sed -i.bak /defparam/d /openlane/designs/simproc_system/runs/RUN_2025.11.09_18.29.08/results/synthesis/simproc_system.v"

Sun Nov 09 18:29:46 UTC 2025 - Executing "sta -exit -no_init /openlane/scripts/openroad/sta/multi_corner.tcl |& tee /dev/null /openlane/designs/simproc_system/runs/RUN_2025.11.09_18.29.08/logs/synthesis/2-sta.log"

Sun Nov 09 18:29:47 UTC 2025 - Executing "openroad -exit /openlane/scripts/openroad/floorplan.tcl |& tee /dev/null /openlane/designs/simproc_system/runs/RUN_2025.11.09_18.29.08/logs/floorplan/3-initial_fp.log"

Sun Nov 09 18:29:48 UTC 2025 - Executing "openroad -exit -no_init -python /openlane/scripts/odbpy/defutil.py extract_core_dims --output-data /openlane/designs/simproc_system/runs/RUN_2025.11.09_18.29.08/tmp/dimensions.txt --input-lef /openlane/designs/simproc_system/runs/RUN_2025.11.09_18.29.08/tmp/merged.nom.lef /openlane/designs/simproc_system/runs/RUN_2025.11.09_18.29.08/tmp/floorplan/3-initial_fp.def"

Sun Nov 09 18:29:48 UTC 2025 - Executing "openroad -exit /openlane/scripts/openroad/ioplacer.tcl |& tee /dev/null /openlane/designs/simproc_system/runs/RUN_2025.11.09_18.29.08/logs/floorplan/4-io.log"

Sun Nov 09 18:29:49 UTC 2025 - Executing "openroad -exit /openlane/scripts/openroad/tapcell.tcl |& tee /dev/null /openlane/designs/simproc_system/runs/RUN_2025.11.09_18.29.08/logs/floorplan/5-tap.log"

Sun Nov 09 18:29:50 UTC 2025 - Executing "openroad -exit /openlane/scripts/openroad/pdn.tcl |& tee /dev/null /openlane/designs/simproc_system/runs/RUN_2025.11.09_18.29.08/logs/floorplan/6-pdn.log"

Sun Nov 09 18:29:51 UTC 2025 - Executing "openroad -exit /openlane/scripts/openroad/gpl.tcl |& tee /dev/null /openlane/designs/simproc_system/runs/RUN_2025.11.09_18.29.08/logs/placement/7-global.log"

Sun Nov 09 18:30:16 UTC 2025 - Executing "sed -i.bak -e {s/\(set ::env(CURRENT_NETLIST)\).*/\1 \/openlane\/designs\/simproc_system\/runs\/RUN_2025.11.09_18.29.08\/tmp\/placement\/7-global.nl.v/} /openlane/designs/simproc_system/runs/RUN_2025.11.09_18.29.08/config.tcl"

Sun Nov 09 18:30:16 UTC 2025 - Executing "openroad -exit /openlane/scripts/openroad/sta/multi_corner.tcl |& tee /dev/null /openlane/designs/simproc_system/runs/RUN_2025.11.09_18.29.08/logs/placement/8-gpl_sta.log"

Sun Nov 09 18:30:18 UTC 2025 - Executing "openroad -exit /openlane/scripts/openroad/resizer.tcl |& tee /dev/null /openlane/designs/simproc_system/runs/RUN_2025.11.09_18.29.08/logs/placement/9-resizer.log"

Sun Nov 09 18:30:26 UTC 2025 - Executing "sed -i.bak -e {s/\(set ::env(CURRENT_NETLIST)\).*/\1 \/openlane\/designs\/simproc_system\/runs\/RUN_2025.11.09_18.29.08\/tmp\/placement\/9-resizer.nl.v/} /openlane/designs/simproc_system/runs/RUN_2025.11.09_18.29.08/config.tcl"

Sun Nov 09 18:30:26 UTC 2025 - Executing "openroad -exit /openlane/scripts/openroad/dpl.tcl |& tee /dev/null /openlane/designs/simproc_system/runs/RUN_2025.11.09_18.29.08/logs/placement/10-detailed.log"

Sun Nov 09 18:30:27 UTC 2025 - Executing "sed -i.bak -e {s/\(set ::env(CURRENT_NETLIST)\).*/\1 \/openlane\/designs\/simproc_system\/runs\/RUN_2025.11.09_18.29.08\/results\/placement\/simproc_system.nl.v/} /openlane/designs/simproc_system/runs/RUN_2025.11.09_18.29.08/config.tcl"

Sun Nov 09 18:30:27 UTC 2025 - Executing "openroad -exit /openlane/scripts/openroad/sta/multi_corner.tcl |& tee /dev/null /openlane/designs/simproc_system/runs/RUN_2025.11.09_18.29.08/logs/placement/11-dpl_sta.log"

Sun Nov 09 18:30:29 UTC 2025 - Executing "openroad -exit /openlane/scripts/openroad/cts.tcl |& tee /dev/null /openlane/designs/simproc_system/runs/RUN_2025.11.09_18.29.08/logs/cts/12-cts.log"

Sun Nov 09 18:30:56 UTC 2025 - Executing "openroad -exit /openlane/scripts/openroad/sta/multi_corner.tcl |& tee /dev/null /openlane/designs/simproc_system/runs/RUN_2025.11.09_18.29.08/logs/cts/13-cts_sta.log"

Sun Nov 09 18:31:00 UTC 2025 - Executing "openroad -exit /openlane/scripts/openroad/resizer_timing.tcl |& tee /dev/null /openlane/designs/simproc_system/runs/RUN_2025.11.09_18.29.08/logs/cts/14-resizer.log"

Sun Nov 09 18:31:32 UTC 2025 - Executing "sed -i.bak -e {s/\(set ::env(CURRENT_NETLIST)\).*/\1 \/openlane\/designs\/simproc_system\/runs\/RUN_2025.11.09_18.29.08\/tmp\/cts\/14-simproc_system.resized.nl.v/} /openlane/designs/simproc_system/runs/RUN_2025.11.09_18.29.08/config.tcl"

Sun Nov 09 18:31:32 UTC 2025 - Executing "openroad -exit /openlane/scripts/openroad/resizer_routing_design.tcl |& tee /dev/null /openlane/designs/simproc_system/runs/RUN_2025.11.09_18.29.08/logs/routing/15-resizer_design.log"

Sun Nov 09 18:31:49 UTC 2025 - Executing "sed -i.bak -e {s/\(set ::env(CURRENT_NETLIST)\).*/\1 \/openlane\/designs\/simproc_system\/runs\/RUN_2025.11.09_18.29.08\/tmp\/15-simproc_system.nl.v/} /openlane/designs/simproc_system/runs/RUN_2025.11.09_18.29.08/config.tcl"

Sun Nov 09 18:31:50 UTC 2025 - Executing "openroad -exit /openlane/scripts/openroad/sta/multi_corner.tcl |& tee /dev/null /openlane/designs/simproc_system/runs/RUN_2025.11.09_18.29.08/logs/routing/16-rsz_design_sta.log"

Sun Nov 09 18:31:53 UTC 2025 - Executing "openroad -exit /openlane/scripts/openroad/resizer_routing_timing.tcl |& tee /dev/null /openlane/designs/simproc_system/runs/RUN_2025.11.09_18.29.08/logs/routing/17-resizer_timing.log"

Sun Nov 09 18:32:19 UTC 2025 - Executing "sed -i.bak -e {s/\(set ::env(CURRENT_NETLIST)\).*/\1 \/openlane\/designs\/simproc_system\/runs\/RUN_2025.11.09_18.29.08\/tmp\/17-simproc_system.nl.v/} /openlane/designs/simproc_system/runs/RUN_2025.11.09_18.29.08/config.tcl"

Sun Nov 09 18:32:19 UTC 2025 - Executing "openroad -exit /openlane/scripts/openroad/sta/multi_corner.tcl |& tee /dev/null /openlane/designs/simproc_system/runs/RUN_2025.11.09_18.29.08/logs/routing/18-rsz_timing_sta.log"

Sun Nov 09 18:32:22 UTC 2025 - Executing "openroad -exit /openlane/scripts/openroad/groute.tcl |& tee /dev/null /openlane/designs/simproc_system/runs/RUN_2025.11.09_18.29.08/logs/routing/19-global.log"

Sun Nov 09 18:33:02 UTC 2025 - Executing "openroad -exit -no_init -python /openlane/scripts/odbpy/defutil.py replace_instance_prefixes --original-prefix ANTENNA --new-prefix INSDIODE1 --input-lef /openlane/designs/simproc_system/runs/RUN_2025.11.09_18.29.08/tmp/merged.nom.lef --output-def /openlane/designs/simproc_system/runs/RUN_2025.11.09_18.29.08/tmp/17-simproc_system.def --output /openlane/designs/simproc_system/runs/RUN_2025.11.09_18.29.08/tmp/17-simproc_system.odb /openlane/designs/simproc_system/runs/RUN_2025.11.09_18.29.08/tmp/17-simproc_system.odb |& tee /dev/null /openlane/designs/simproc_system/runs/RUN_2025.11.09_18.29.08/logs/routing/19-antenna_diodes_1.log"

Sun Nov 09 18:33:02 UTC 2025 - Executing "openroad -exit /openlane/scripts/openroad/groute.tcl |& tee /dev/null /openlane/designs/simproc_system/runs/RUN_2025.11.09_18.29.08/logs/routing/19-antenna_route_1.log"

Sun Nov 09 18:33:41 UTC 2025 - Executing "openroad -exit /openlane/scripts/openroad/write_views.tcl |& tee /dev/null /openlane/designs/simproc_system/runs/RUN_2025.11.09_18.29.08/logs/routing/19-global_write_netlist.log"

Sun Nov 09 18:33:42 UTC 2025 - Executing "sed -i.bak -e {s/\(set ::env(CURRENT_NETLIST)\).*/\1 \/openlane\/designs\/simproc_system\/runs\/RUN_2025.11.09_18.29.08\/tmp\/routing\/global.nl.v/} /openlane/designs/simproc_system/runs/RUN_2025.11.09_18.29.08/config.tcl"

Sun Nov 09 18:33:42 UTC 2025 - Executing "openroad -exit /openlane/scripts/openroad/sta/multi_corner.tcl |& tee /dev/null /openlane/designs/simproc_system/runs/RUN_2025.11.09_18.29.08/logs/routing/21-grt_sta.log"

Sun Nov 09 18:33:44 UTC 2025 - Executing "openroad -exit /openlane/scripts/openroad/fill.tcl |& tee /dev/null /openlane/designs/simproc_system/runs/RUN_2025.11.09_18.29.08/logs/routing/22-fill.log"

Sun Nov 09 18:33:46 UTC 2025 - Executing "sed -i.bak -e {s/\(set ::env(CURRENT_NETLIST)\).*/\1 \/openlane\/designs\/simproc_system\/runs\/RUN_2025.11.09_18.29.08\/tmp\/routing\/22-fill.nl.v/} /openlane/designs/simproc_system/runs/RUN_2025.11.09_18.29.08/config.tcl"

Sun Nov 09 18:33:46 UTC 2025 - Executing "openroad -exit /openlane/scripts/openroad/droute.tcl |& tee /dev/null /openlane/designs/simproc_system/runs/RUN_2025.11.09_18.29.08/logs/routing/23-detailed.log"

Sun Nov 09 18:47:05 UTC 2025 - Executing "sed -i.bak -e {s/\(set ::env(CURRENT_NETLIST)\).*/\1 \/openlane\/designs\/simproc_system\/runs\/RUN_2025.11.09_18.29.08\/results\/routing\/simproc_system.nl.v/} /openlane/designs/simproc_system/runs/RUN_2025.11.09_18.29.08/config.tcl"

Sun Nov 09 18:47:05 UTC 2025 - Executing "python3 /openlane/scripts/drc_rosetta.py tr to_klayout -o /openlane/designs/simproc_system/runs/RUN_2025.11.09_18.29.08/reports/routing/drt.klayout.xml --design-name simproc_system /openlane/designs/simproc_system/runs/RUN_2025.11.09_18.29.08/reports/routing/drt.drc"

Sun Nov 09 18:47:05 UTC 2025 - Executing "openroad -exit -no_init -python /openlane/scripts/odbpy/wire_lengths.py --report-out /openlane/designs/simproc_system/runs/RUN_2025.11.09_18.29.08/reports/routing/24-wire_lengths.csv --input-lef /openlane/designs/simproc_system/runs/RUN_2025.11.09_18.29.08/tmp/merged.nom.lef --output-def /dev/null --output /openlane/designs/simproc_system/runs/RUN_2025.11.09_18.29.08/results/routing/simproc_system.odb /openlane/designs/simproc_system/runs/RUN_2025.11.09_18.29.08/results/routing/simproc_system.odb |& tee /dev/null /openlane/designs/simproc_system/runs/RUN_2025.11.09_18.29.08/logs/routing/24-wire_lengths.log"

Sun Nov 09 18:47:07 UTC 2025 - Executing "openroad -exit /openlane/scripts/openroad/rcx.tcl |& tee /dev/null /openlane/designs/simproc_system/runs/RUN_2025.11.09_18.29.08/logs/signoff/25-parasitics_extraction.min.log"

Sun Nov 09 18:47:13 UTC 2025 - Executing "sta -exit -no_init /openlane/scripts/openroad/sta/multi_corner.tcl |& tee /dev/null /openlane/designs/simproc_system/runs/RUN_2025.11.09_18.29.08/logs/signoff/26-rcx_mcsta.min.log"

Sun Nov 09 18:47:33 UTC 2025 - Executing "openroad -exit /openlane/scripts/openroad/rcx.tcl |& tee /dev/null /openlane/designs/simproc_system/runs/RUN_2025.11.09_18.29.08/logs/signoff/27-parasitics_extraction.max.log"

Sun Nov 09 18:47:39 UTC 2025 - Executing "sta -exit -no_init /openlane/scripts/openroad/sta/multi_corner.tcl |& tee /dev/null /openlane/designs/simproc_system/runs/RUN_2025.11.09_18.29.08/logs/signoff/28-rcx_mcsta.max.log"

Sun Nov 09 18:48:01 UTC 2025 - Executing "openroad -exit /openlane/scripts/openroad/rcx.tcl |& tee /dev/null /openlane/designs/simproc_system/runs/RUN_2025.11.09_18.29.08/logs/signoff/29-parasitics_extraction.nom.log"

Sun Nov 09 18:48:08 UTC 2025 - Executing "sta -exit -no_init /openlane/scripts/openroad/sta/multi_corner.tcl |& tee /dev/null /openlane/designs/simproc_system/runs/RUN_2025.11.09_18.29.08/logs/signoff/30-rcx_mcsta.nom.log"

Sun Nov 09 18:48:27 UTC 2025 - Executing "sta -exit -no_init /openlane/scripts/openroad/sta/multi_corner.tcl |& tee /dev/null /openlane/designs/simproc_system/runs/RUN_2025.11.09_18.29.08/logs/signoff/31-rcx_sta.log"

Sun Nov 09 18:48:33 UTC 2025 - Executing "openroad -exit /openlane/scripts/openroad/irdrop.tcl |& tee /dev/null /openlane/designs/simproc_system/runs/RUN_2025.11.09_18.29.08/logs/signoff/32-irdrop.log"

Sun Nov 09 18:48:39 UTC 2025 - Executing "magic -noconsole -dnull -rcfile /home/zerotoasic/asic_tools/pdk/sky130A/libs.tech/magic/sky130A.magicrc < /openlane/scripts/magic/wrapper.tcl |& tee /dev/null /openlane/designs/simproc_system/runs/RUN_2025.11.09_18.29.08/logs/signoff/33-gdsii.log"

Sun Nov 09 18:49:01 UTC 2025 - Executing "magic -noconsole -dnull -rcfile /home/zerotoasic/asic_tools/pdk/sky130A/libs.tech/magic/sky130A.magicrc < /openlane/scripts/magic/wrapper.tcl |& tee /dev/null /openlane/designs/simproc_system/runs/RUN_2025.11.09_18.29.08/logs/signoff/33-gds_ptrs.log"

Sun Nov 09 18:49:11 UTC 2025 - Executing "sed -i.bak -n {/^<< properties >>/,/^<< end >>/p} /openlane/designs/simproc_system/runs/RUN_2025.11.09_18.29.08/tmp/signoff/gds_ptrs.mag"

Sun Nov 09 18:49:12 UTC 2025 - Executing "magic -noconsole -dnull -rcfile /home/zerotoasic/asic_tools/pdk/sky130A/libs.tech/magic/sky130A.magicrc < /openlane/scripts/magic/wrapper.tcl |& tee /dev/null /openlane/designs/simproc_system/runs/RUN_2025.11.09_18.29.08/logs/signoff/33-lef.log"

Sun Nov 09 18:49:39 UTC 2025 - Executing "magic -noconsole -dnull -rcfile /home/zerotoasic/asic_tools/pdk/sky130A/libs.tech/magic/sky130A.magicrc < /openlane/scripts/magic/wrapper.tcl |& tee /dev/null /openlane/designs/simproc_system/runs/RUN_2025.11.09_18.29.08/logs/signoff/33-maglef.log"

Sun Nov 09 18:49:40 UTC 2025 - Executing "python3 /openlane/scripts/klayout/stream_out.py --output /openlane/designs/simproc_system/runs/RUN_2025.11.09_18.29.08/results/signoff/simproc_system.klayout.gds --lyt /home/zerotoasic/asic_tools/pdk/sky130A/libs.tech/klayout/tech/sky130A.lyt --lym /home/zerotoasic/asic_tools/pdk/sky130A/libs.tech/klayout/tech/sky130A.map --lyp /home/zerotoasic/asic_tools/pdk/sky130A/libs.tech/klayout/tech/sky130A.lyp --top simproc_system --with-gds-file /home/zerotoasic/asic_tools/pdk/sky130A/libs.ref/sky130_fd_sc_hd/gds/sky130_fd_sc_hd.gds --input-lef /openlane/designs/simproc_system/runs/RUN_2025.11.09_18.29.08/tmp/merged.nom.lef /openlane/designs/simproc_system/runs/RUN_2025.11.09_18.29.08/results/routing/simproc_system.def |& tee /dev/null /openlane/designs/simproc_system/runs/RUN_2025.11.09_18.29.08/logs/signoff/34-gdsii-klayout.log"

Sun Nov 09 18:49:42 UTC 2025 - Executing "klayout -b -r /openlane/scripts/klayout/xor.drc -rd a=/openlane/designs/simproc_system/runs/RUN_2025.11.09_18.29.08/results/signoff/simproc_system.gds -rd b=/openlane/designs/simproc_system/runs/RUN_2025.11.09_18.29.08/results/signoff/simproc_system.klayout.gds -rd jobs=1 -rd rdb_out=/openlane/designs/simproc_system/runs/RUN_2025.11.09_18.29.08/reports/signoff/35-xor.xml -rd ignore=81/14 -rd rpt_out=/openlane/designs/simproc_system/runs/RUN_2025.11.09_18.29.08/reports/signoff/35-xor.rpt |& tee /dev/null /openlane/designs/simproc_system/runs/RUN_2025.11.09_18.29.08/logs/signoff/35-xor.log"

Sun Nov 09 18:50:11 UTC 2025 - Executing "magic -noconsole -dnull -rcfile /home/zerotoasic/asic_tools/pdk/sky130A/libs.tech/magic/sky130A.magicrc < /openlane/scripts/magic/wrapper.tcl |& tee /dev/null /openlane/designs/simproc_system/runs/RUN_2025.11.09_18.29.08/logs/signoff/36-spice.log"

Sun Nov 09 18:51:00 UTC 2025 - Executing "openroad -exit -no_init -python /openlane/scripts/odbpy/power_utils.py write_powered_def --output /openlane/designs/simproc_system/runs/RUN_2025.11.09_18.29.08/tmp/signoff/36-simproc_system.p.def --input-lef /openlane/designs/simproc_system/runs/RUN_2025.11.09_18.29.08/tmp/merged.nom.lef --power-port VPWR --ground-port VGND --powered-netlist {} /openlane/designs/simproc_system/runs/RUN_2025.11.09_18.29.08/results/routing/simproc_system.def |& tee /dev/null /openlane/designs/simproc_system/runs/RUN_2025.11.09_18.29.08/logs/signoff/37-write_powered_def.log"

Sun Nov 09 18:51:02 UTC 2025 - Executing "openroad -exit /openlane/scripts/openroad/write_views.tcl |& tee /dev/null /openlane/designs/simproc_system/runs/RUN_2025.11.09_18.29.08/logs/signoff/37-write_powered_verilog.log"

Sun Nov 09 18:51:04 UTC 2025 - Executing "sed -i.bak -e {s/\(set ::env(CURRENT_NETLIST)\).*/\1 \/openlane\/designs\/simproc_system\/runs\/RUN_2025.11.09_18.29.08\/tmp\/signoff\/36-simproc_system.nl.v/} /openlane/designs/simproc_system/runs/RUN_2025.11.09_18.29.08/config.tcl"

Sun Nov 09 18:51:05 UTC 2025 - Executing "netgen -batch source /openlane/designs/simproc_system/runs/RUN_2025.11.09_18.29.08/tmp/signoff/39-setup_file.lef.lvs |& tee /dev/null /openlane/designs/simproc_system/runs/RUN_2025.11.09_18.29.08/logs/signoff/39-lvs.lef.log"

Sun Nov 09 18:51:10 UTC 2025 - Executing "magic -noconsole -dnull -rcfile /home/zerotoasic/asic_tools/pdk/sky130A/libs.tech/magic/sky130A.magicrc < /openlane/scripts/magic/wrapper.tcl |& tee /dev/null /openlane/designs/simproc_system/runs/RUN_2025.11.09_18.29.08/logs/signoff/40-drc.log"

Sun Nov 09 18:51:21 UTC 2025 - Executing "python3 /openlane/scripts/drc_rosetta.py magic to_tcl -o /openlane/designs/simproc_system/runs/RUN_2025.11.09_18.29.08/reports/signoff/drc.tcl /openlane/designs/simproc_system/runs/RUN_2025.11.09_18.29.08/reports/signoff/drc.rpt"

Sun Nov 09 18:51:21 UTC 2025 - Executing "python3 /openlane/scripts/drc_rosetta.py magic to_tr -o /openlane/designs/simproc_system/runs/RUN_2025.11.09_18.29.08/reports/signoff/drc.tr /openlane/designs/simproc_system/runs/RUN_2025.11.09_18.29.08/reports/signoff/drc.rpt"

Sun Nov 09 18:51:21 UTC 2025 - Executing "python3 /openlane/scripts/drc_rosetta.py tr to_klayout -o /openlane/designs/simproc_system/runs/RUN_2025.11.09_18.29.08/reports/signoff/drc.klayout.xml --design-name simproc_system /openlane/designs/simproc_system/runs/RUN_2025.11.09_18.29.08/reports/signoff/drc.tr"

Sun Nov 09 18:51:21 UTC 2025 - Executing "python3 /openlane/scripts/drc_rosetta.py magic to_rdb -o /openlane/designs/simproc_system/runs/RUN_2025.11.09_18.29.08/reports/signoff/drc.rdb /openlane/designs/simproc_system/runs/RUN_2025.11.09_18.29.08/reports/signoff/drc.rpt"

Sun Nov 09 18:51:21 UTC 2025 - Executing "openroad -exit /openlane/scripts/openroad/antenna_check.tcl |& tee /dev/null /openlane/designs/simproc_system/runs/RUN_2025.11.09_18.29.08/logs/signoff/41-arc.log"

Sun Nov 09 18:51:26 UTC 2025 - Executing "python3 /openlane/scripts/extract_antenna_violators.py --output /openlane/designs/simproc_system/runs/RUN_2025.11.09_18.29.08/reports/signoff/41-antenna_violators.rpt --plain-out /openlane/designs/simproc_system/runs/RUN_2025.11.09_18.29.08/reports/signoff/41-antenna_violators_pins.txt /openlane/designs/simproc_system/runs/RUN_2025.11.09_18.29.08/logs/signoff/41-arc.log"

Sun Nov 09 18:51:26 UTC 2025 - Executing "awk -v vdd=VPWR -v gnd=VGND -f /home/zerotoasic/asic_tools/pdk/sky130A/libs.tech/openlane/cvc/power.awk /openlane/designs/simproc_system/runs/RUN_2025.11.09_18.29.08/tmp/signoff/36-simproc_system.nl.v > /openlane/designs/simproc_system/runs/RUN_2025.11.09_18.29.08/tmp/signoff/simproc_system.power"

Sun Nov 09 18:51:26 UTC 2025 - Executing "awk -f /home/zerotoasic/asic_tools/pdk/sky130A/libs.tech/openlane/cvc/cdl.awk /home/zerotoasic/asic_tools/pdk/sky130A/libs.ref/sky130_fd_sc_hd/cdl/sky130_fd_sc_hd.cdl /openlane/designs/simproc_system/runs/RUN_2025.11.09_18.29.08/results/signoff/simproc_system.lef.spice > /openlane/designs/simproc_system/runs/RUN_2025.11.09_18.29.08/tmp/signoff/simproc_system.cdl"

Sun Nov 09 18:51:26 UTC 2025 - Executing "cvc_rv /home/zerotoasic/asic_tools/pdk/sky130A/libs.tech/openlane/cvc/cvcrc |& tee /dev/null /openlane/designs/simproc_system/runs/RUN_2025.11.09_18.29.08/logs/signoff/42-erc_screen.log"

