
===========================================================================
 report_power
============================================================================
======================= Fastest Corner ===================================

Group                  Internal  Switching    Leakage      Total
                          Power      Power      Power      Power (Watts)
----------------------------------------------------------------
Sequential             1.84e-03   6.34e-05   5.82e-09   1.90e-03  52.7%
Combinational          7.88e-04   9.20e-04   2.07e-08   1.71e-03  47.3%
Macro                  0.00e+00   0.00e+00   0.00e+00   0.00e+00   0.0%
Pad                    0.00e+00   0.00e+00   0.00e+00   0.00e+00   0.0%
----------------------------------------------------------------
Total                  2.63e-03   9.83e-04   2.65e-08   3.61e-03 100.0%
                          72.8%      27.2%       0.0%

======================= Slowest Corner ===================================

Group                  Internal  Switching    Leakage      Total
                          Power      Power      Power      Power (Watts)
----------------------------------------------------------------
Sequential             1.23e-03   4.17e-05   5.72e-06   1.27e-03  52.1%
Combinational          5.66e-04   5.94e-04   1.23e-05   1.17e-03  47.9%
Macro                  0.00e+00   0.00e+00   0.00e+00   0.00e+00   0.0%
Pad                    0.00e+00   0.00e+00   0.00e+00   0.00e+00   0.0%
----------------------------------------------------------------
Total                  1.79e-03   6.35e-04   1.80e-05   2.45e-03 100.0%
                          73.3%      26.0%       0.7%

======================= Typical Corner ===================================

Group                  Internal  Switching    Leakage      Total
                          Power      Power      Power      Power (Watts)
----------------------------------------------------------------
Sequential             1.58e-03   5.33e-05   3.27e-09   1.64e-03  52.8%
Combinational          6.93e-04   7.73e-04   1.24e-08   1.47e-03  47.2%
Macro                  0.00e+00   0.00e+00   0.00e+00   0.00e+00   0.0%
Pad                    0.00e+00   0.00e+00   0.00e+00   0.00e+00   0.0%
----------------------------------------------------------------
Total                  2.28e-03   8.26e-04   1.57e-08   3.10e-03 100.0%
                          73.4%      26.6%       0.0%

