
===========================================================================
 report_power
============================================================================
======================= Fastest Corner ===================================

Group                  Internal  Switching    Leakage      Total
                          Power      Power      Power      Power (Watts)
----------------------------------------------------------------
Sequential             1.09e-02   7.84e-04   3.36e-08   1.17e-02  39.9%
Combinational          9.58e-03   8.06e-03   1.91e-07   1.76e-02  60.1%
Macro                  0.00e+00   0.00e+00   0.00e+00   0.00e+00   0.0%
Pad                    0.00e+00   0.00e+00   0.00e+00   0.00e+00   0.0%
----------------------------------------------------------------
Total                  2.05e-02   8.84e-03   2.25e-07   2.93e-02 100.0%
                          69.9%      30.1%       0.0%

======================= Slowest Corner ===================================

Group                  Internal  Switching    Leakage      Total
                          Power      Power      Power      Power (Watts)
----------------------------------------------------------------
Sequential             7.33e-03   5.18e-04   3.31e-05   7.88e-03  39.3%
Combinational          6.81e-03   5.26e-03   8.67e-05   1.22e-02  60.7%
Macro                  0.00e+00   0.00e+00   0.00e+00   0.00e+00   0.0%
Pad                    0.00e+00   0.00e+00   0.00e+00   0.00e+00   0.0%
----------------------------------------------------------------
Total                  1.41e-02   5.78e-03   1.20e-04   2.00e-02 100.0%
                          70.6%      28.8%       0.6%

======================= Typical Corner ===================================

Group                  Internal  Switching    Leakage      Total
                          Power      Power      Power      Power (Watts)
----------------------------------------------------------------
Sequential             9.40e-03   6.60e-04   1.89e-08   1.01e-02  39.9%
Combinational          8.38e-03   6.79e-03   1.21e-07   1.52e-02  60.1%
Macro                  0.00e+00   0.00e+00   0.00e+00   0.00e+00   0.0%
Pad                    0.00e+00   0.00e+00   0.00e+00   0.00e+00   0.0%
----------------------------------------------------------------
Total                  1.78e-02   7.45e-03   1.40e-07   2.52e-02 100.0%
                          70.5%      29.5%       0.0%

