#! /usr/local/bin/vvp
:ivl_version "12.0 (stable)";
:ivl_delay_selection "TYPICAL";
:vpi_time_precision + 0;
:vpi_module "/usr/local/lib/ivl/system.vpi";
:vpi_module "/usr/local/lib/ivl/vhdl_sys.vpi";
:vpi_module "/usr/local/lib/ivl/vhdl_textio.vpi";
:vpi_module "/usr/local/lib/ivl/v2005_math.vpi";
:vpi_module "/usr/local/lib/ivl/va_math.vpi";
:vpi_module "/usr/local/lib/ivl/v2009.vpi";
S_0x3979eaa0 .scope package, "$unit" "$unit" 2 1;
 .timescale 0 0;
S_0x3982e540 .scope module, "tb_simproc_system_single" "tb_simproc_system_single" 3 1;
 .timescale 0 0;
P_0x397b9f40 .param/l "CLK_BITS" 1 3 5, +C4<00000000000000000000000000001010>;
P_0x397b9f80 .param/l "CLK_PERIOD" 1 3 4, +C4<00000000000000000000000000001010>;
v0x39879da0_0 .var "clk", 0 0;
v0x39879f70_0 .var "clk_per_bit", 9 0;
v0x3987a0a0_0 .var "rst", 0 0;
v0x3987a140_0 .var "uart_rx", 0 0;
v0x3987a1e0_0 .net "uart_tx", 0 0, v0x39876690_0;  1 drivers
E_0x397b3a10 .event negedge, v0x3986c6b0_0;
S_0x3982b200 .scope module, "DUT" "simproc_system" 3 17, 4 1 0, S_0x3982e540;
 .timescale 0 0;
    .port_info 0 /INPUT 1 "clk";
    .port_info 1 /INPUT 1 "rst";
    .port_info 2 /INPUT 10 "clk_per_bit";
    .port_info 3 /INPUT 1 "uart_rx";
    .port_info 4 /OUTPUT 1 "uart_tx";
P_0x3983ed60 .param/l "CLK_BITS" 0 4 2, +C4<00000000000000000000000000001010>;
enum0x39785fb0 .enum4 (3)
   "UART_IDLE" 3'b000,
   "WAIT_CMD" 3'b001,
   "WAIT_ADDR" 3'b010,
   "WAIT_DATA" 3'b011,
   "EXEC" 3'b100,
   "SEND_RESP" 3'b101,
   "SEND_WAIT" 3'b110
 ;
enum0x39796970 .enum4 (8)
   "CMD_READ" 8'b10100011,
   "CMD_WRITE" 8'b01011100,
   "CMD_PING" 8'b11110000,
   "CMD_RUN" 8'b00111111,
   "CMD_HALT" 8'b11000111,
   "CMD_STEP" 8'b01101101,
   "CMD_SET_PC" 8'b10011001,
   "CMD_GET_PC" 8'b10110010
 ;
v0x39877c80_0 .var "addr_b", 7 0;
v0x39877d60_0 .var "addr_byte", 7 0;
v0x39877e20_0 .net "clk", 0 0, v0x39879da0_0;  1 drivers
v0x39877ef0_0 .net "clk_per_bit", 9 0, v0x39879f70_0;  1 drivers
v0x39877f90_0 .var "cmd_byte", 7 0;
v0x39878070_0 .var "data_byte", 7 0;
v0x39878150_0 .var "din_b", 7 0;
v0x39878210_0 .net "done", 0 0, v0x3986e0b0_0;  1 drivers
v0x398782e0_0 .net "dout_b", 7 0, v0x398713d0_0;  1 drivers
v0x39878440_0 .net "halt", 0 0, v0x3986e230_0;  1 drivers
v0x39878510_0 .net "mem_addr", 7 0, v0x3986e880_0;  1 drivers
v0x398785b0_0 .net "mem_din", 7 0, v0x3986e960_0;  1 drivers
v0x398786a0_0 .net "mem_dout", 7 0, v0x39871310_0;  1 drivers
v0x39878790_0 .net "mem_we", 0 0, v0x3986eb20_0;  1 drivers
v0x39878880_0 .var "pc_set_val", 7 0;
v0x39878940_0 .var "pc_set_wr", 0 0;
v0x398789e0_0 .net "pc_val", 7 0, v0x3986f150_0;  1 drivers
v0x39878b90_0 .net "rst", 0 0, v0x3987a0a0_0;  1 drivers
v0x39878c30_0 .var "run", 0 0;
v0x39878cd0_0 .var "run_reg", 0 0;
v0x39878d70_0 .net "rx_data", 7 0, v0x39875010_0;  1 drivers
v0x39878e10_0 .net "rx_done", 0 0, v0x39874f30_0;  1 drivers
v0x39878f00_0 .var "step_pulse", 0 0;
v0x39878fa0_0 .var "tx_buffer", 7 0;
v0x39879040_0 .net "tx_busy", 0 0, v0x39876760_0;  1 drivers
v0x39879130_0 .var "tx_data", 7 0;
v0x39879240_0 .net "tx_done", 0 0, v0x398764f0_0;  1 drivers
v0x39879330_0 .var "tx_en", 0 0;
v0x39879420_0 .var "uart_curr_state", 2 0;
v0x39879500_0 .var "uart_next_state", 2 0;
v0x398795e0_0 .net "uart_rx", 0 0, v0x3987a140_0;  1 drivers
v0x398796d0_0 .net "uart_tx", 0 0, v0x39876690_0;  alias, 1 drivers
v0x398797c0_0 .var "we_b", 0 0;
E_0x397fff40/0 .event anyedge, v0x39879420_0, v0x39878f00_0, v0x39878cd0_0, v0x39874f30_0;
E_0x397fff40/1 .event anyedge, v0x39877f90_0, v0x39877d60_0, v0x398713d0_0, v0x39878070_0;
E_0x397fff40/2 .event anyedge, v0x3986f150_0, v0x398764f0_0;
E_0x397fff40 .event/or E_0x397fff40/0, E_0x397fff40/1, E_0x397fff40/2;
S_0x397baeb0 .scope module, "CPU1" "simproc" 4 64, 4 321 0, S_0x3982b200;
 .timescale 0 0;
    .port_info 0 /INPUT 1 "clk";
    .port_info 1 /INPUT 1 "rst";
    .port_info 2 /OUTPUT 8 "mem_din";
    .port_info 3 /OUTPUT 8 "mem_addr";
    .port_info 4 /OUTPUT 1 "mem_we";
    .port_info 5 /INPUT 8 "mem_dout";
    .port_info 6 /INPUT 8 "pc_set_val";
    .port_info 7 /INPUT 1 "pc_set_wr";
    .port_info 8 /INPUT 1 "run";
    .port_info 9 /OUTPUT 8 "pc_val";
    .port_info 10 /OUTPUT 1 "halt";
    .port_info 11 /OUTPUT 1 "done";
enum0x397984b0 .enum4 (3)
   "IDLE" 3'b000,
   "CYCLE_1" 3'b001,
   "CYCLE_2" 3'b010,
   "CYCLE_3" 3'b011,
   "CYCLE_4" 3'b100,
   "CYCLE_5" 3'b101
 ;
enum0x39798bf0 .enum4 (3)
   "ALU_ADD" 3'b000,
   "ALU_SUB" 3'b001,
   "ALU_OR" 3'b010,
   "ALU_NAND" 3'b011,
   "ALU_SHL" 3'b100,
   "ALU_SHR" 3'b101
 ;
enum0x398091b0 .enum4 (4)
   "OP_ADD" 4'b0100,
   "OP_SUB" 4'b0110,
   "OP_NAND" 4'b1000,
   "OP_ORI" 4'b0111,
   "OP_LOAD" 4'b0000,
   "OP_STORE" 4'b0010,
   "OP_BNZ" 4'b1001,
   "OP_BPZ" 4'b0101,
   "OP_BZ" 4'b1010,
   "OP_SHIFT" 4'b0011,
   "OP_JUMP" 4'b0001
 ;
enum0x3980a430 .enum4 (1)
   "SHIFT_R" 1'b0,
   "SHIFT_L" 1'b1
 ;
v0x3986d6c0_0 .var "ab_load", 0 0;
v0x3986d7a0_0 .var "alu_in_a", 7 0;
v0x3986d890_0 .var "alu_in_b", 7 0;
v0x3986d990_0 .net "alu_n", 0 0, L_0x3987a280;  1 drivers
v0x3986da60_0 .var "alu_op", 2 0;
v0x3986db00_0 .net "alu_out", 7 0, v0x3986bb40_0;  1 drivers
v0x3986dbd0_0 .var "alu_out_load", 0 0;
v0x3986dc70_0 .var "alu_reg_in", 7 0;
v0x3986dd10_0 .var "alu_reg_out", 7 0;
v0x3986de80_0 .net "alu_z", 0 0, L_0x39874570;  1 drivers
v0x3986df50_0 .net "clk", 0 0, v0x39879da0_0;  alias, 1 drivers
v0x3986dff0_0 .var "curr_state", 2 0;
v0x3986e0b0_0 .var "done", 0 0;
v0x3986e170_0 .var "flag_wr", 0 0;
v0x3986e230_0 .var "halt", 0 0;
v0x3986e2f0_0 .var "instr_reg_in", 7 0;
v0x3986e3d0_0 .var "instr_reg_out", 7 0;
v0x3986e580_0 .var "ir_load", 0 0;
v0x3986e620_0 .var "mdr_in", 7 0;
v0x3986e6e0_0 .var "mdr_load", 0 0;
v0x3986e7a0_0 .var "mdr_out", 7 0;
v0x3986e880_0 .var "mem_addr", 7 0;
v0x3986e960_0 .var "mem_din", 7 0;
v0x3986ea40_0 .net "mem_dout", 7 0, v0x39871310_0;  alias, 1 drivers
v0x3986eb20_0 .var "mem_we", 0 0;
v0x3986ebe0_0 .var "n_flag_in", 0 0;
v0x3986eca0_0 .var "n_flag_out", 0 0;
v0x3986ed60_0 .var "next_state", 2 0;
v0x3986ee40_0 .var "pc_in", 7 0;
v0x3986ef00_0 .net "pc_out", 7 0, v0x3986c500_0;  1 drivers
v0x3986efd0_0 .net "pc_set_val", 7 0, v0x39878880_0;  1 drivers
v0x3986f090_0 .net "pc_set_wr", 0 0, v0x39878940_0;  1 drivers
v0x3986f150_0 .var "pc_val", 7 0;
v0x3986e4b0_0 .var "pc_wr", 0 0;
v0x3986f400_0 .var "reg_a_in", 7 0;
v0x3986f4c0_0 .var "reg_a_out", 7 0;
v0x3986f5a0_0 .var "reg_b_in", 7 0;
v0x3986f680_0 .var "reg_b_out", 7 0;
v0x3986f760_0 .net "rf_data_a_out", 7 0, v0x3986cdc0_0;  1 drivers
v0x3986f850_0 .net "rf_data_b_out", 7 0, v0x3986ce90_0;  1 drivers
v0x3986f920_0 .var "rf_data_w_in", 7 0;
v0x3986f9f0_0 .var "rf_reg_a_in", 1 0;
v0x3986fac0_0 .var "rf_reg_b_in", 1 0;
v0x3986fb90_0 .var "rf_reg_w_in", 1 0;
v0x3986fc60_0 .var "rf_write", 0 0;
v0x3986fd30_0 .net "rst", 0 0, v0x3987a0a0_0;  alias, 1 drivers
v0x3986fe20_0 .net "run", 0 0, v0x39878c30_0;  1 drivers
v0x3986fec0_0 .var "z_flag_in", 0 0;
v0x3986ff60_0 .var "z_flag_out", 0 0;
E_0x3979f820/0 .event anyedge, v0x3986dff0_0, v0x3986efd0_0, v0x3986f090_0, v0x3986fe20_0;
E_0x3979f820/1 .event anyedge, v0x3986c500_0, v0x3986bb40_0, v0x3986e3d0_0, v0x3986e3d0_0;
E_0x3979f820/2 .event anyedge, v0x3986e3d0_0, v0x3986f4c0_0, v0x3986f680_0, v0x3986e3d0_0;
E_0x3979f820/3 .event anyedge, v0x3986e3d0_0, v0x3986e3d0_0, v0x3986ff60_0, v0x3986eca0_0;
E_0x3979f820/4 .event anyedge, v0x3986e3d0_0, v0x3986e3d0_0, v0x3986dd10_0, v0x3986e7a0_0;
E_0x3979f820/5 .event anyedge, v0x3986e3d0_0;
E_0x3979f820 .event/or E_0x3979f820/0, E_0x3979f820/1, E_0x3979f820/2, E_0x3979f820/3, E_0x3979f820/4, E_0x3979f820/5;
E_0x3979f6d0/0 .event anyedge, v0x3986bd10_0, v0x3986be20_0, v0x3986bb40_0, v0x3986cdc0_0;
E_0x3979f6d0/1 .event anyedge, v0x3986ce90_0, v0x3986ea40_0, v0x3986c500_0;
E_0x3979f6d0 .event/or E_0x3979f6d0/0, E_0x3979f6d0/1;
S_0x3979e830 .scope module, "ALU1" "ALU" 4 362, 4 780 0, S_0x397baeb0;
 .timescale 0 0;
    .port_info 0 /INPUT 3 "ALUop";
    .port_info 1 /INPUT 8 "A";
    .port_info 2 /INPUT 8 "B";
    .port_info 3 /OUTPUT 1 "N";
    .port_info 4 /OUTPUT 1 "Z";
    .port_info 5 /OUTPUT 8 "ALUout";
enum0x3980ac60 .enum4 (3)
   "ADD" 3'b000,
   "SUB" 3'b001,
   "OR" 3'b010,
   "NAND" 3'b011,
   "SHL" 3'b100,
   "SHR" 3'b101
 ;
L_0x39874570 .functor NOT 1, L_0x3987a370, C4<0>, C4<0>, C4<0>;
v0x39840ad0_0 .net "A", 7 0, v0x3986d7a0_0;  1 drivers
v0x3986ba60_0 .net "ALUop", 2 0, v0x3986da60_0;  1 drivers
v0x3986bb40_0 .var "ALUout", 7 0;
v0x3986bc30_0 .net "B", 7 0, v0x3986d890_0;  1 drivers
v0x3986bd10_0 .net "N", 0 0, L_0x3987a280;  alias, 1 drivers
v0x3986be20_0 .net "Z", 0 0, L_0x39874570;  alias, 1 drivers
v0x3986bee0_0 .net *"_ivl_3", 0 0, L_0x3987a370;  1 drivers
E_0x3979f7b0 .event anyedge, v0x3986ba60_0, v0x39840ad0_0, v0x3986bc30_0;
L_0x3987a280 .part v0x3986bb40_0, 7, 1;
L_0x3987a370 .reduce/or v0x3986bb40_0;
S_0x3986c0a0 .scope module, "PC1" "program_counter" 4 387, 4 763 0, S_0x397baeb0;
 .timescale 0 0;
    .port_info 0 /INPUT 1 "clk";
    .port_info 1 /INPUT 1 "rst";
    .port_info 2 /INPUT 8 "pc_in";
    .port_info 3 /INPUT 1 "pc_wr";
    .port_info 4 /OUTPUT 8 "pc_out";
v0x3986c340_0 .net "clk", 0 0, v0x39879da0_0;  alias, 1 drivers
v0x3986c420_0 .net "pc_in", 7 0, v0x3986ee40_0;  1 drivers
v0x3986c500_0 .var "pc_out", 7 0;
v0x3986c5f0_0 .net "pc_wr", 0 0, v0x3986e4b0_0;  1 drivers
v0x3986c6b0_0 .net "rst", 0 0, v0x3987a0a0_0;  alias, 1 drivers
E_0x3979f660 .event posedge, v0x3986c340_0;
S_0x3986c860 .scope module, "RF1" "register_file" 4 373, 4 731 0, S_0x397baeb0;
 .timescale 0 0;
    .port_info 0 /INPUT 1 "clk";
    .port_info 1 /INPUT 1 "rst";
    .port_info 2 /INPUT 1 "RFWrite";
    .port_info 3 /INPUT 2 "regA";
    .port_info 4 /INPUT 2 "regB";
    .port_info 5 /INPUT 2 "regW";
    .port_info 6 /INPUT 8 "dataW";
    .port_info 7 /OUTPUT 8 "dataA";
    .port_info 8 /OUTPUT 8 "dataB";
v0x3986cbf0_0 .net "RFWrite", 0 0, v0x3986fc60_0;  1 drivers
v0x3986ccd0_0 .net "clk", 0 0, v0x39879da0_0;  alias, 1 drivers
v0x3986cdc0_0 .var "dataA", 7 0;
v0x3986ce90_0 .var "dataB", 7 0;
v0x3986cf50_0 .net "dataW", 7 0, v0x3986f920_0;  1 drivers
v0x3986d080_0 .net "regA", 1 0, v0x3986f9f0_0;  1 drivers
v0x3986d160_0 .net "regB", 1 0, v0x3986fac0_0;  1 drivers
v0x3986d240_0 .net "regW", 1 0, v0x3986fb90_0;  1 drivers
v0x3986d320 .array "rf", 3 0, 7 0;
v0x3986d4f0_0 .net "rst", 0 0, v0x3987a0a0_0;  alias, 1 drivers
v0x3986d320_0 .array/port v0x3986d320, 0;
v0x3986d320_1 .array/port v0x3986d320, 1;
v0x3986d320_2 .array/port v0x3986d320, 2;
E_0x3986cb70/0 .event anyedge, v0x3986d080_0, v0x3986d320_0, v0x3986d320_1, v0x3986d320_2;
v0x3986d320_3 .array/port v0x3986d320, 3;
E_0x3986cb70/1 .event anyedge, v0x3986d320_3, v0x3986d160_0;
E_0x3986cb70 .event/or E_0x3986cb70/0, E_0x3986cb70/1;
S_0x39870210 .scope module, "RAM1" "dp_ram" 4 47, 4 817 0, S_0x3982b200;
 .timescale 0 0;
    .port_info 0 /INPUT 1 "clk";
    .port_info 1 /INPUT 8 "din_a";
    .port_info 2 /INPUT 8 "addr_a";
    .port_info 3 /INPUT 1 "we_a";
    .port_info 4 /OUTPUT 8 "dout_a";
    .port_info 5 /INPUT 8 "din_b";
    .port_info 6 /INPUT 8 "addr_b";
    .port_info 7 /INPUT 1 "we_b";
    .port_info 8 /OUTPUT 8 "dout_b";
P_0x39870410 .param/l "DATA_WIDTH" 0 4 818, +C4<00000000000000000000000000001000>;
P_0x39870450 .param/l "MEM_DEPTH" 0 4 819, +C4<00000000000000000000000100000000>;
v0x39870eb0_0 .net "addr_a", 7 0, v0x3986e880_0;  alias, 1 drivers
v0x39870fa0_0 .net "addr_b", 7 0, v0x39877c80_0;  1 drivers
v0x39871060_0 .net "clk", 0 0, v0x39879da0_0;  alias, 1 drivers
v0x39871130_0 .net "din_a", 7 0, v0x3986e960_0;  alias, 1 drivers
v0x39871200_0 .net "din_b", 7 0, v0x39878150_0;  1 drivers
v0x39871310_0 .var "dout_a", 7 0;
v0x398713d0_0 .var "dout_b", 7 0;
v0x39871490 .array "mem", 255 0, 7 0;
v0x39873d60_0 .net "we_a", 0 0, v0x3986eb20_0;  alias, 1 drivers
v0x39873ec0_0 .net "we_b", 0 0, v0x398797c0_0;  1 drivers
v0x39871490_0 .array/port v0x39871490, 0;
v0x39871490_1 .array/port v0x39871490, 1;
v0x39871490_2 .array/port v0x39871490, 2;
E_0x39870540/0 .event anyedge, v0x3986e880_0, v0x39871490_0, v0x39871490_1, v0x39871490_2;
v0x39871490_3 .array/port v0x39871490, 3;
v0x39871490_4 .array/port v0x39871490, 4;
v0x39871490_5 .array/port v0x39871490, 5;
v0x39871490_6 .array/port v0x39871490, 6;
E_0x39870540/1 .event anyedge, v0x39871490_3, v0x39871490_4, v0x39871490_5, v0x39871490_6;
v0x39871490_7 .array/port v0x39871490, 7;
v0x39871490_8 .array/port v0x39871490, 8;
v0x39871490_9 .array/port v0x39871490, 9;
v0x39871490_10 .array/port v0x39871490, 10;
E_0x39870540/2 .event anyedge, v0x39871490_7, v0x39871490_8, v0x39871490_9, v0x39871490_10;
v0x39871490_11 .array/port v0x39871490, 11;
v0x39871490_12 .array/port v0x39871490, 12;
v0x39871490_13 .array/port v0x39871490, 13;
v0x39871490_14 .array/port v0x39871490, 14;
E_0x39870540/3 .event anyedge, v0x39871490_11, v0x39871490_12, v0x39871490_13, v0x39871490_14;
v0x39871490_15 .array/port v0x39871490, 15;
v0x39871490_16 .array/port v0x39871490, 16;
v0x39871490_17 .array/port v0x39871490, 17;
v0x39871490_18 .array/port v0x39871490, 18;
E_0x39870540/4 .event anyedge, v0x39871490_15, v0x39871490_16, v0x39871490_17, v0x39871490_18;
v0x39871490_19 .array/port v0x39871490, 19;
v0x39871490_20 .array/port v0x39871490, 20;
v0x39871490_21 .array/port v0x39871490, 21;
v0x39871490_22 .array/port v0x39871490, 22;
E_0x39870540/5 .event anyedge, v0x39871490_19, v0x39871490_20, v0x39871490_21, v0x39871490_22;
v0x39871490_23 .array/port v0x39871490, 23;
v0x39871490_24 .array/port v0x39871490, 24;
v0x39871490_25 .array/port v0x39871490, 25;
v0x39871490_26 .array/port v0x39871490, 26;
E_0x39870540/6 .event anyedge, v0x39871490_23, v0x39871490_24, v0x39871490_25, v0x39871490_26;
v0x39871490_27 .array/port v0x39871490, 27;
v0x39871490_28 .array/port v0x39871490, 28;
v0x39871490_29 .array/port v0x39871490, 29;
v0x39871490_30 .array/port v0x39871490, 30;
E_0x39870540/7 .event anyedge, v0x39871490_27, v0x39871490_28, v0x39871490_29, v0x39871490_30;
v0x39871490_31 .array/port v0x39871490, 31;
v0x39871490_32 .array/port v0x39871490, 32;
v0x39871490_33 .array/port v0x39871490, 33;
v0x39871490_34 .array/port v0x39871490, 34;
E_0x39870540/8 .event anyedge, v0x39871490_31, v0x39871490_32, v0x39871490_33, v0x39871490_34;
v0x39871490_35 .array/port v0x39871490, 35;
v0x39871490_36 .array/port v0x39871490, 36;
v0x39871490_37 .array/port v0x39871490, 37;
v0x39871490_38 .array/port v0x39871490, 38;
E_0x39870540/9 .event anyedge, v0x39871490_35, v0x39871490_36, v0x39871490_37, v0x39871490_38;
v0x39871490_39 .array/port v0x39871490, 39;
v0x39871490_40 .array/port v0x39871490, 40;
v0x39871490_41 .array/port v0x39871490, 41;
v0x39871490_42 .array/port v0x39871490, 42;
E_0x39870540/10 .event anyedge, v0x39871490_39, v0x39871490_40, v0x39871490_41, v0x39871490_42;
v0x39871490_43 .array/port v0x39871490, 43;
v0x39871490_44 .array/port v0x39871490, 44;
v0x39871490_45 .array/port v0x39871490, 45;
v0x39871490_46 .array/port v0x39871490, 46;
E_0x39870540/11 .event anyedge, v0x39871490_43, v0x39871490_44, v0x39871490_45, v0x39871490_46;
v0x39871490_47 .array/port v0x39871490, 47;
v0x39871490_48 .array/port v0x39871490, 48;
v0x39871490_49 .array/port v0x39871490, 49;
v0x39871490_50 .array/port v0x39871490, 50;
E_0x39870540/12 .event anyedge, v0x39871490_47, v0x39871490_48, v0x39871490_49, v0x39871490_50;
v0x39871490_51 .array/port v0x39871490, 51;
v0x39871490_52 .array/port v0x39871490, 52;
v0x39871490_53 .array/port v0x39871490, 53;
v0x39871490_54 .array/port v0x39871490, 54;
E_0x39870540/13 .event anyedge, v0x39871490_51, v0x39871490_52, v0x39871490_53, v0x39871490_54;
v0x39871490_55 .array/port v0x39871490, 55;
v0x39871490_56 .array/port v0x39871490, 56;
v0x39871490_57 .array/port v0x39871490, 57;
v0x39871490_58 .array/port v0x39871490, 58;
E_0x39870540/14 .event anyedge, v0x39871490_55, v0x39871490_56, v0x39871490_57, v0x39871490_58;
v0x39871490_59 .array/port v0x39871490, 59;
v0x39871490_60 .array/port v0x39871490, 60;
v0x39871490_61 .array/port v0x39871490, 61;
v0x39871490_62 .array/port v0x39871490, 62;
E_0x39870540/15 .event anyedge, v0x39871490_59, v0x39871490_60, v0x39871490_61, v0x39871490_62;
v0x39871490_63 .array/port v0x39871490, 63;
v0x39871490_64 .array/port v0x39871490, 64;
v0x39871490_65 .array/port v0x39871490, 65;
v0x39871490_66 .array/port v0x39871490, 66;
E_0x39870540/16 .event anyedge, v0x39871490_63, v0x39871490_64, v0x39871490_65, v0x39871490_66;
v0x39871490_67 .array/port v0x39871490, 67;
v0x39871490_68 .array/port v0x39871490, 68;
v0x39871490_69 .array/port v0x39871490, 69;
v0x39871490_70 .array/port v0x39871490, 70;
E_0x39870540/17 .event anyedge, v0x39871490_67, v0x39871490_68, v0x39871490_69, v0x39871490_70;
v0x39871490_71 .array/port v0x39871490, 71;
v0x39871490_72 .array/port v0x39871490, 72;
v0x39871490_73 .array/port v0x39871490, 73;
v0x39871490_74 .array/port v0x39871490, 74;
E_0x39870540/18 .event anyedge, v0x39871490_71, v0x39871490_72, v0x39871490_73, v0x39871490_74;
v0x39871490_75 .array/port v0x39871490, 75;
v0x39871490_76 .array/port v0x39871490, 76;
v0x39871490_77 .array/port v0x39871490, 77;
v0x39871490_78 .array/port v0x39871490, 78;
E_0x39870540/19 .event anyedge, v0x39871490_75, v0x39871490_76, v0x39871490_77, v0x39871490_78;
v0x39871490_79 .array/port v0x39871490, 79;
v0x39871490_80 .array/port v0x39871490, 80;
v0x39871490_81 .array/port v0x39871490, 81;
v0x39871490_82 .array/port v0x39871490, 82;
E_0x39870540/20 .event anyedge, v0x39871490_79, v0x39871490_80, v0x39871490_81, v0x39871490_82;
v0x39871490_83 .array/port v0x39871490, 83;
v0x39871490_84 .array/port v0x39871490, 84;
v0x39871490_85 .array/port v0x39871490, 85;
v0x39871490_86 .array/port v0x39871490, 86;
E_0x39870540/21 .event anyedge, v0x39871490_83, v0x39871490_84, v0x39871490_85, v0x39871490_86;
v0x39871490_87 .array/port v0x39871490, 87;
v0x39871490_88 .array/port v0x39871490, 88;
v0x39871490_89 .array/port v0x39871490, 89;
v0x39871490_90 .array/port v0x39871490, 90;
E_0x39870540/22 .event anyedge, v0x39871490_87, v0x39871490_88, v0x39871490_89, v0x39871490_90;
v0x39871490_91 .array/port v0x39871490, 91;
v0x39871490_92 .array/port v0x39871490, 92;
v0x39871490_93 .array/port v0x39871490, 93;
v0x39871490_94 .array/port v0x39871490, 94;
E_0x39870540/23 .event anyedge, v0x39871490_91, v0x39871490_92, v0x39871490_93, v0x39871490_94;
v0x39871490_95 .array/port v0x39871490, 95;
v0x39871490_96 .array/port v0x39871490, 96;
v0x39871490_97 .array/port v0x39871490, 97;
v0x39871490_98 .array/port v0x39871490, 98;
E_0x39870540/24 .event anyedge, v0x39871490_95, v0x39871490_96, v0x39871490_97, v0x39871490_98;
v0x39871490_99 .array/port v0x39871490, 99;
v0x39871490_100 .array/port v0x39871490, 100;
v0x39871490_101 .array/port v0x39871490, 101;
v0x39871490_102 .array/port v0x39871490, 102;
E_0x39870540/25 .event anyedge, v0x39871490_99, v0x39871490_100, v0x39871490_101, v0x39871490_102;
v0x39871490_103 .array/port v0x39871490, 103;
v0x39871490_104 .array/port v0x39871490, 104;
v0x39871490_105 .array/port v0x39871490, 105;
v0x39871490_106 .array/port v0x39871490, 106;
E_0x39870540/26 .event anyedge, v0x39871490_103, v0x39871490_104, v0x39871490_105, v0x39871490_106;
v0x39871490_107 .array/port v0x39871490, 107;
v0x39871490_108 .array/port v0x39871490, 108;
v0x39871490_109 .array/port v0x39871490, 109;
v0x39871490_110 .array/port v0x39871490, 110;
E_0x39870540/27 .event anyedge, v0x39871490_107, v0x39871490_108, v0x39871490_109, v0x39871490_110;
v0x39871490_111 .array/port v0x39871490, 111;
v0x39871490_112 .array/port v0x39871490, 112;
v0x39871490_113 .array/port v0x39871490, 113;
v0x39871490_114 .array/port v0x39871490, 114;
E_0x39870540/28 .event anyedge, v0x39871490_111, v0x39871490_112, v0x39871490_113, v0x39871490_114;
v0x39871490_115 .array/port v0x39871490, 115;
v0x39871490_116 .array/port v0x39871490, 116;
v0x39871490_117 .array/port v0x39871490, 117;
v0x39871490_118 .array/port v0x39871490, 118;
E_0x39870540/29 .event anyedge, v0x39871490_115, v0x39871490_116, v0x39871490_117, v0x39871490_118;
v0x39871490_119 .array/port v0x39871490, 119;
v0x39871490_120 .array/port v0x39871490, 120;
v0x39871490_121 .array/port v0x39871490, 121;
v0x39871490_122 .array/port v0x39871490, 122;
E_0x39870540/30 .event anyedge, v0x39871490_119, v0x39871490_120, v0x39871490_121, v0x39871490_122;
v0x39871490_123 .array/port v0x39871490, 123;
v0x39871490_124 .array/port v0x39871490, 124;
v0x39871490_125 .array/port v0x39871490, 125;
v0x39871490_126 .array/port v0x39871490, 126;
E_0x39870540/31 .event anyedge, v0x39871490_123, v0x39871490_124, v0x39871490_125, v0x39871490_126;
v0x39871490_127 .array/port v0x39871490, 127;
v0x39871490_128 .array/port v0x39871490, 128;
v0x39871490_129 .array/port v0x39871490, 129;
v0x39871490_130 .array/port v0x39871490, 130;
E_0x39870540/32 .event anyedge, v0x39871490_127, v0x39871490_128, v0x39871490_129, v0x39871490_130;
v0x39871490_131 .array/port v0x39871490, 131;
v0x39871490_132 .array/port v0x39871490, 132;
v0x39871490_133 .array/port v0x39871490, 133;
v0x39871490_134 .array/port v0x39871490, 134;
E_0x39870540/33 .event anyedge, v0x39871490_131, v0x39871490_132, v0x39871490_133, v0x39871490_134;
v0x39871490_135 .array/port v0x39871490, 135;
v0x39871490_136 .array/port v0x39871490, 136;
v0x39871490_137 .array/port v0x39871490, 137;
v0x39871490_138 .array/port v0x39871490, 138;
E_0x39870540/34 .event anyedge, v0x39871490_135, v0x39871490_136, v0x39871490_137, v0x39871490_138;
v0x39871490_139 .array/port v0x39871490, 139;
v0x39871490_140 .array/port v0x39871490, 140;
v0x39871490_141 .array/port v0x39871490, 141;
v0x39871490_142 .array/port v0x39871490, 142;
E_0x39870540/35 .event anyedge, v0x39871490_139, v0x39871490_140, v0x39871490_141, v0x39871490_142;
v0x39871490_143 .array/port v0x39871490, 143;
v0x39871490_144 .array/port v0x39871490, 144;
v0x39871490_145 .array/port v0x39871490, 145;
v0x39871490_146 .array/port v0x39871490, 146;
E_0x39870540/36 .event anyedge, v0x39871490_143, v0x39871490_144, v0x39871490_145, v0x39871490_146;
v0x39871490_147 .array/port v0x39871490, 147;
v0x39871490_148 .array/port v0x39871490, 148;
v0x39871490_149 .array/port v0x39871490, 149;
v0x39871490_150 .array/port v0x39871490, 150;
E_0x39870540/37 .event anyedge, v0x39871490_147, v0x39871490_148, v0x39871490_149, v0x39871490_150;
v0x39871490_151 .array/port v0x39871490, 151;
v0x39871490_152 .array/port v0x39871490, 152;
v0x39871490_153 .array/port v0x39871490, 153;
v0x39871490_154 .array/port v0x39871490, 154;
E_0x39870540/38 .event anyedge, v0x39871490_151, v0x39871490_152, v0x39871490_153, v0x39871490_154;
v0x39871490_155 .array/port v0x39871490, 155;
v0x39871490_156 .array/port v0x39871490, 156;
v0x39871490_157 .array/port v0x39871490, 157;
v0x39871490_158 .array/port v0x39871490, 158;
E_0x39870540/39 .event anyedge, v0x39871490_155, v0x39871490_156, v0x39871490_157, v0x39871490_158;
v0x39871490_159 .array/port v0x39871490, 159;
v0x39871490_160 .array/port v0x39871490, 160;
v0x39871490_161 .array/port v0x39871490, 161;
v0x39871490_162 .array/port v0x39871490, 162;
E_0x39870540/40 .event anyedge, v0x39871490_159, v0x39871490_160, v0x39871490_161, v0x39871490_162;
v0x39871490_163 .array/port v0x39871490, 163;
v0x39871490_164 .array/port v0x39871490, 164;
v0x39871490_165 .array/port v0x39871490, 165;
v0x39871490_166 .array/port v0x39871490, 166;
E_0x39870540/41 .event anyedge, v0x39871490_163, v0x39871490_164, v0x39871490_165, v0x39871490_166;
v0x39871490_167 .array/port v0x39871490, 167;
v0x39871490_168 .array/port v0x39871490, 168;
v0x39871490_169 .array/port v0x39871490, 169;
v0x39871490_170 .array/port v0x39871490, 170;
E_0x39870540/42 .event anyedge, v0x39871490_167, v0x39871490_168, v0x39871490_169, v0x39871490_170;
v0x39871490_171 .array/port v0x39871490, 171;
v0x39871490_172 .array/port v0x39871490, 172;
v0x39871490_173 .array/port v0x39871490, 173;
v0x39871490_174 .array/port v0x39871490, 174;
E_0x39870540/43 .event anyedge, v0x39871490_171, v0x39871490_172, v0x39871490_173, v0x39871490_174;
v0x39871490_175 .array/port v0x39871490, 175;
v0x39871490_176 .array/port v0x39871490, 176;
v0x39871490_177 .array/port v0x39871490, 177;
v0x39871490_178 .array/port v0x39871490, 178;
E_0x39870540/44 .event anyedge, v0x39871490_175, v0x39871490_176, v0x39871490_177, v0x39871490_178;
v0x39871490_179 .array/port v0x39871490, 179;
v0x39871490_180 .array/port v0x39871490, 180;
v0x39871490_181 .array/port v0x39871490, 181;
v0x39871490_182 .array/port v0x39871490, 182;
E_0x39870540/45 .event anyedge, v0x39871490_179, v0x39871490_180, v0x39871490_181, v0x39871490_182;
v0x39871490_183 .array/port v0x39871490, 183;
v0x39871490_184 .array/port v0x39871490, 184;
v0x39871490_185 .array/port v0x39871490, 185;
v0x39871490_186 .array/port v0x39871490, 186;
E_0x39870540/46 .event anyedge, v0x39871490_183, v0x39871490_184, v0x39871490_185, v0x39871490_186;
v0x39871490_187 .array/port v0x39871490, 187;
v0x39871490_188 .array/port v0x39871490, 188;
v0x39871490_189 .array/port v0x39871490, 189;
v0x39871490_190 .array/port v0x39871490, 190;
E_0x39870540/47 .event anyedge, v0x39871490_187, v0x39871490_188, v0x39871490_189, v0x39871490_190;
v0x39871490_191 .array/port v0x39871490, 191;
v0x39871490_192 .array/port v0x39871490, 192;
v0x39871490_193 .array/port v0x39871490, 193;
v0x39871490_194 .array/port v0x39871490, 194;
E_0x39870540/48 .event anyedge, v0x39871490_191, v0x39871490_192, v0x39871490_193, v0x39871490_194;
v0x39871490_195 .array/port v0x39871490, 195;
v0x39871490_196 .array/port v0x39871490, 196;
v0x39871490_197 .array/port v0x39871490, 197;
v0x39871490_198 .array/port v0x39871490, 198;
E_0x39870540/49 .event anyedge, v0x39871490_195, v0x39871490_196, v0x39871490_197, v0x39871490_198;
v0x39871490_199 .array/port v0x39871490, 199;
v0x39871490_200 .array/port v0x39871490, 200;
v0x39871490_201 .array/port v0x39871490, 201;
v0x39871490_202 .array/port v0x39871490, 202;
E_0x39870540/50 .event anyedge, v0x39871490_199, v0x39871490_200, v0x39871490_201, v0x39871490_202;
v0x39871490_203 .array/port v0x39871490, 203;
v0x39871490_204 .array/port v0x39871490, 204;
v0x39871490_205 .array/port v0x39871490, 205;
v0x39871490_206 .array/port v0x39871490, 206;
E_0x39870540/51 .event anyedge, v0x39871490_203, v0x39871490_204, v0x39871490_205, v0x39871490_206;
v0x39871490_207 .array/port v0x39871490, 207;
v0x39871490_208 .array/port v0x39871490, 208;
v0x39871490_209 .array/port v0x39871490, 209;
v0x39871490_210 .array/port v0x39871490, 210;
E_0x39870540/52 .event anyedge, v0x39871490_207, v0x39871490_208, v0x39871490_209, v0x39871490_210;
v0x39871490_211 .array/port v0x39871490, 211;
v0x39871490_212 .array/port v0x39871490, 212;
v0x39871490_213 .array/port v0x39871490, 213;
v0x39871490_214 .array/port v0x39871490, 214;
E_0x39870540/53 .event anyedge, v0x39871490_211, v0x39871490_212, v0x39871490_213, v0x39871490_214;
v0x39871490_215 .array/port v0x39871490, 215;
v0x39871490_216 .array/port v0x39871490, 216;
v0x39871490_217 .array/port v0x39871490, 217;
v0x39871490_218 .array/port v0x39871490, 218;
E_0x39870540/54 .event anyedge, v0x39871490_215, v0x39871490_216, v0x39871490_217, v0x39871490_218;
v0x39871490_219 .array/port v0x39871490, 219;
v0x39871490_220 .array/port v0x39871490, 220;
v0x39871490_221 .array/port v0x39871490, 221;
v0x39871490_222 .array/port v0x39871490, 222;
E_0x39870540/55 .event anyedge, v0x39871490_219, v0x39871490_220, v0x39871490_221, v0x39871490_222;
v0x39871490_223 .array/port v0x39871490, 223;
v0x39871490_224 .array/port v0x39871490, 224;
v0x39871490_225 .array/port v0x39871490, 225;
v0x39871490_226 .array/port v0x39871490, 226;
E_0x39870540/56 .event anyedge, v0x39871490_223, v0x39871490_224, v0x39871490_225, v0x39871490_226;
v0x39871490_227 .array/port v0x39871490, 227;
v0x39871490_228 .array/port v0x39871490, 228;
v0x39871490_229 .array/port v0x39871490, 229;
v0x39871490_230 .array/port v0x39871490, 230;
E_0x39870540/57 .event anyedge, v0x39871490_227, v0x39871490_228, v0x39871490_229, v0x39871490_230;
v0x39871490_231 .array/port v0x39871490, 231;
v0x39871490_232 .array/port v0x39871490, 232;
v0x39871490_233 .array/port v0x39871490, 233;
v0x39871490_234 .array/port v0x39871490, 234;
E_0x39870540/58 .event anyedge, v0x39871490_231, v0x39871490_232, v0x39871490_233, v0x39871490_234;
v0x39871490_235 .array/port v0x39871490, 235;
v0x39871490_236 .array/port v0x39871490, 236;
v0x39871490_237 .array/port v0x39871490, 237;
v0x39871490_238 .array/port v0x39871490, 238;
E_0x39870540/59 .event anyedge, v0x39871490_235, v0x39871490_236, v0x39871490_237, v0x39871490_238;
v0x39871490_239 .array/port v0x39871490, 239;
v0x39871490_240 .array/port v0x39871490, 240;
v0x39871490_241 .array/port v0x39871490, 241;
v0x39871490_242 .array/port v0x39871490, 242;
E_0x39870540/60 .event anyedge, v0x39871490_239, v0x39871490_240, v0x39871490_241, v0x39871490_242;
v0x39871490_243 .array/port v0x39871490, 243;
v0x39871490_244 .array/port v0x39871490, 244;
v0x39871490_245 .array/port v0x39871490, 245;
v0x39871490_246 .array/port v0x39871490, 246;
E_0x39870540/61 .event anyedge, v0x39871490_243, v0x39871490_244, v0x39871490_245, v0x39871490_246;
v0x39871490_247 .array/port v0x39871490, 247;
v0x39871490_248 .array/port v0x39871490, 248;
v0x39871490_249 .array/port v0x39871490, 249;
v0x39871490_250 .array/port v0x39871490, 250;
E_0x39870540/62 .event anyedge, v0x39871490_247, v0x39871490_248, v0x39871490_249, v0x39871490_250;
v0x39871490_251 .array/port v0x39871490, 251;
v0x39871490_252 .array/port v0x39871490, 252;
v0x39871490_253 .array/port v0x39871490, 253;
v0x39871490_254 .array/port v0x39871490, 254;
E_0x39870540/63 .event anyedge, v0x39871490_251, v0x39871490_252, v0x39871490_253, v0x39871490_254;
v0x39871490_255 .array/port v0x39871490, 255;
E_0x39870540/64 .event anyedge, v0x39871490_255, v0x39870fa0_0;
E_0x39870540 .event/or E_0x39870540/0, E_0x39870540/1, E_0x39870540/2, E_0x39870540/3, E_0x39870540/4, E_0x39870540/5, E_0x39870540/6, E_0x39870540/7, E_0x39870540/8, E_0x39870540/9, E_0x39870540/10, E_0x39870540/11, E_0x39870540/12, E_0x39870540/13, E_0x39870540/14, E_0x39870540/15, E_0x39870540/16, E_0x39870540/17, E_0x39870540/18, E_0x39870540/19, E_0x39870540/20, E_0x39870540/21, E_0x39870540/22, E_0x39870540/23, E_0x39870540/24, E_0x39870540/25, E_0x39870540/26, E_0x39870540/27, E_0x39870540/28, E_0x39870540/29, E_0x39870540/30, E_0x39870540/31, E_0x39870540/32, E_0x39870540/33, E_0x39870540/34, E_0x39870540/35, E_0x39870540/36, E_0x39870540/37, E_0x39870540/38, E_0x39870540/39, E_0x39870540/40, E_0x39870540/41, E_0x39870540/42, E_0x39870540/43, E_0x39870540/44, E_0x39870540/45, E_0x39870540/46, E_0x39870540/47, E_0x39870540/48, E_0x39870540/49, E_0x39870540/50, E_0x39870540/51, E_0x39870540/52, E_0x39870540/53, E_0x39870540/54, E_0x39870540/55, E_0x39870540/56, E_0x39870540/57, E_0x39870540/58, E_0x39870540/59, E_0x39870540/60, E_0x39870540/61, E_0x39870540/62, E_0x39870540/63, E_0x39870540/64;
S_0x39874080 .scope module, "UART1" "UART_wrapper" 4 89, 4 853 0, S_0x3982b200;
 .timescale 0 0;
    .port_info 0 /INPUT 1 "clk";
    .port_info 1 /INPUT 1 "rst";
    .port_info 2 /INPUT 10 "clk_per_bit";
    .port_info 3 /INPUT 8 "TX_dataIn";
    .port_info 4 /INPUT 1 "TX_en";
    .port_info 5 /INPUT 1 "RX_dataIn";
    .port_info 6 /OUTPUT 1 "TX_out";
    .port_info 7 /OUTPUT 1 "TX_done";
    .port_info 8 /OUTPUT 1 "TX_busy";
    .port_info 9 /OUTPUT 8 "RX_dataOut";
    .port_info 10 /OUTPUT 1 "RX_done";
    .port_info 11 /OUTPUT 1 "RX_parityError";
P_0x39874240 .param/l "CLK_BITS" 0 4 854, +C4<00000000000000000000000000001010>;
P_0x39874280 .param/l "DATA_WIDTH" 0 4 855, +C4<00000000000000000000000000001000>;
P_0x398742c0 .param/l "PARITY_BITS" 0 4 856, +C4<00000000000000000000000000000000>;
P_0x39874300 .param/l "STOP_BITS" 0 4 857, +C4<00000000000000000000000000000001>;
v0x39877190_0 .net "RX_dataIn", 0 0, v0x3987a140_0;  alias, 1 drivers
v0x39877280_0 .net "RX_dataOut", 7 0, v0x39875010_0;  alias, 1 drivers
v0x39877350_0 .net "RX_done", 0 0, v0x39874f30_0;  alias, 1 drivers
v0x39877450_0 .net "RX_parityError", 0 0, v0x39875880_0;  1 drivers
v0x39877520_0 .net "TX_busy", 0 0, v0x39876760_0;  alias, 1 drivers
v0x398775c0_0 .net "TX_dataIn", 7 0, v0x39879130_0;  1 drivers
v0x39877690_0 .net "TX_done", 0 0, v0x398764f0_0;  alias, 1 drivers
v0x39877760_0 .net "TX_en", 0 0, v0x39879330_0;  1 drivers
v0x39877830_0 .net "TX_out", 0 0, v0x39876690_0;  alias, 1 drivers
v0x39877990_0 .net "clk", 0 0, v0x39879da0_0;  alias, 1 drivers
v0x39877a30_0 .net "clk_per_bit", 9 0, v0x39879f70_0;  alias, 1 drivers
v0x39877ad0_0 .net "rst", 0 0, v0x3987a0a0_0;  alias, 1 drivers
S_0x39874710 .scope module, "UART_RX1" "UART_RX" 4 904, 4 917 0, S_0x39874080;
 .timescale 0 0;
    .port_info 0 /INPUT 1 "clk";
    .port_info 1 /INPUT 1 "rst";
    .port_info 2 /INPUT 10 "clk_per_bit";
    .port_info 3 /INPUT 1 "dataIn";
    .port_info 4 /OUTPUT 8 "RXout";
    .port_info 5 /OUTPUT 1 "RXdone";
    .port_info 6 /OUTPUT 1 "parityError";
P_0x398748f0 .param/l "CLK_BITS" 0 4 918, +C4<00000000000000000000000000001010>;
P_0x39874930 .param/l "DATA_WIDTH" 0 4 919, +C4<00000000000000000000000000001000>;
P_0x39874970 .param/l "PACKET_SIZE" 0 4 922, +C4<00000000000000000000000000000001010>;
P_0x398749b0 .param/l "PARITY_BITS" 0 4 921, +C4<00000000000000000000000000000000>;
P_0x398749f0 .param/l "STOP_BITS" 0 4 920, +C4<00000000000000000000000000000001>;
P_0x39874a30 .param/l "indexBits" 1 4 936, +C4<00000000000000000000000000000100>;
enum0x3980dbf0 .enum4 (2)
   "IDLE" 2'b00,
   "START" 2'b01,
   "RECEIVE" 2'b10,
   "DONE" 2'b11
 ;
v0x39874f30_0 .var "RXdone", 0 0;
v0x39875010_0 .var "RXout", 7 0;
v0x398750f0_0 .net "clk", 0 0, v0x39879da0_0;  alias, 1 drivers
v0x39875250_0 .var "clkCount", 9 0;
v0x39875310_0 .net "clk_per_bit", 9 0, v0x39879f70_0;  alias, 1 drivers
v0x398753f0_0 .var "dataDone", 0 0;
v0x398754b0_0 .net "dataIn", 0 0, v0x3987a140_0;  alias, 1 drivers
v0x39875570_0 .var "dataOut", 7 0;
v0x39875650_0 .var "index", 3 0;
v0x398757c0_0 .var "parity", 0 0;
v0x39875880_0 .var "parityError", 0 0;
v0x39875940_0 .var "regIn", 0 0;
v0x39875a00_0 .var "regInMeta", 0 0;
v0x39875ac0_0 .net "rst", 0 0, v0x3987a0a0_0;  alias, 1 drivers
v0x39875b60_0 .var "state", 1 0;
E_0x39874eb0 .event anyedge, v0x398753f0_0;
S_0x39875d60 .scope module, "UART_TX1" "UART_TX" 4 884, 4 1059 0, S_0x39874080;
 .timescale 0 0;
    .port_info 0 /INPUT 1 "clk";
    .port_info 1 /INPUT 1 "rst";
    .port_info 2 /INPUT 10 "clk_per_bit";
    .port_info 3 /INPUT 8 "dataIn";
    .port_info 4 /INPUT 1 "TXen";
    .port_info 5 /OUTPUT 1 "TXout";
    .port_info 6 /OUTPUT 1 "TXdone";
    .port_info 7 /OUTPUT 1 "busy";
P_0x39875f10 .param/l "CLK_BITS" 0 4 1060, +C4<00000000000000000000000000001010>;
P_0x39875f50 .param/l "DATA_WIDTH" 0 4 1061, +C4<00000000000000000000000000001000>;
P_0x39875f90 .param/l "PACKET_SIZE" 0 4 1064, +C4<00000000000000000000000000000001010>;
P_0x39875fd0 .param/l "PARITY_BITS" 0 4 1063, +C4<00000000000000000000000000000000>;
P_0x39876010 .param/l "STOP_BITS" 0 4 1062, +C4<00000000000000000000000000000001>;
P_0x39876050 .param/l "indexBits" 1 4 1079, +C4<00000000000000000000000000000100>;
enum0x3980cf50 .enum4 (2)
   "IDLE" 2'b00,
   "TRANSMIT" 2'b01,
   "DONE" 2'b10
 ;
v0x398764f0_0 .var "TXdone", 0 0;
v0x398765d0_0 .net "TXen", 0 0, v0x39879330_0;  alias, 1 drivers
v0x39876690_0 .var "TXout", 0 0;
v0x39876760_0 .var "busy", 0 0;
v0x39876820_0 .net "clk", 0 0, v0x39879da0_0;  alias, 1 drivers
v0x39876910_0 .var "clkCount", 9 0;
v0x398769f0_0 .net "clk_per_bit", 9 0, v0x39879f70_0;  alias, 1 drivers
v0x39876ab0_0 .net "dataIn", 7 0, v0x39879130_0;  alias, 1 drivers
v0x39876b70_0 .var "index", 3 0;
v0x39876ce0_0 .var "packet", 9 0;
v0x39876dc0_0 .var "parityBit", 0 0;
v0x39876e80_0 .net "rst", 0 0, v0x3987a0a0_0;  alias, 1 drivers
v0x39876fb0_0 .var "state", 1 0;
E_0x39876490 .event anyedge, v0x39876ab0_0;
S_0x39879a70 .scope task, "uart_send_byte" "uart_send_byte" 3 30, 3 30 0, S_0x3982e540;
 .timescale 0 0;
v0x39879c00_0 .var "data", 7 0;
v0x39879cc0_0 .var/i "i", 31 0;
TD_tb_simproc_system_single.uart_send_byte ;
    %pushi/vec4 0, 0, 1;
    %store/vec4 v0x3987a140_0, 0, 1;
    %load/vec4 v0x39879f70_0;
    %pad/u 32;
    %muli 10, 0, 32;
    %pad/u 64;
    %muli 1, 0, 64;
    %ix/vec4 4;
    %delayx 4;
    %pushi/vec4 0, 0, 32;
    %store/vec4 v0x39879cc0_0, 0, 32;
T_0.0 ;
    %load/vec4 v0x39879cc0_0;
    %cmpi/s 8, 0, 32;
    %jmp/0xz T_0.1, 5;
    %load/vec4 v0x39879c00_0;
    %load/vec4 v0x39879cc0_0;
    %part/s 1;
    %store/vec4 v0x3987a140_0, 0, 1;
    %load/vec4 v0x39879f70_0;
    %pad/u 32;
    %muli 10, 0, 32;
    %pad/u 64;
    %muli 1, 0, 64;
    %ix/vec4 4;
    %delayx 4;
    %load/vec4 v0x39879cc0_0;
    %addi 1, 0, 32;
    %store/vec4 v0x39879cc0_0, 0, 32;
    %jmp T_0.0;
T_0.1 ;
    %pushi/vec4 1, 0, 1;
    %store/vec4 v0x3987a140_0, 0, 1;
    %load/vec4 v0x39879f70_0;
    %pad/u 32;
    %muli 2, 0, 32;
    %muli 10, 0, 32;
    %pad/u 64;
    %muli 1, 0, 64;
    %ix/vec4 4;
    %delayx 4;
    %end;
    .scope S_0x39870210;
T_1 ;
    %wait E_0x3979f660;
    %load/vec4 v0x39873d60_0;
    %flag_set/vec4 8;
    %jmp/0xz  T_1.0, 8;
    %load/vec4 v0x39871130_0;
    %load/vec4 v0x39870eb0_0;
    %pad/u 10;
    %ix/vec4 3;
    %ix/load 4, 0, 0; Constant delay
    %assign/vec4/a/d v0x39871490, 0, 4;
T_1.0 ;
    %load/vec4 v0x39873ec0_0;
    %flag_set/vec4 8;
    %jmp/0xz  T_1.2, 8;
    %load/vec4 v0x39871200_0;
    %load/vec4 v0x39870fa0_0;
    %pad/u 10;
    %ix/vec4 3;
    %ix/load 4, 0, 0; Constant delay
    %assign/vec4/a/d v0x39871490, 0, 4;
T_1.2 ;
    %jmp T_1;
    .thread T_1;
    .scope S_0x39870210;
T_2 ;
Ewait_0 .event/or E_0x39870540, E_0x0;
    %wait Ewait_0;
    %load/vec4 v0x39870eb0_0;
    %pad/u 10;
    %ix/vec4 4;
    %load/vec4a v0x39871490, 4;
    %store/vec4 v0x39871310_0, 0, 8;
    %load/vec4 v0x39870fa0_0;
    %pad/u 10;
    %ix/vec4 4;
    %load/vec4a v0x39871490, 4;
    %store/vec4 v0x398713d0_0, 0, 8;
    %jmp T_2;
    .thread T_2, $push;
    .scope S_0x3979e830;
T_3 ;
    %wait E_0x3979f7b0;
    %load/vec4 v0x3986ba60_0;
    %dup/vec4;
    %pushi/vec4 0, 0, 3;
    %cmp/u;
    %jmp/1 T_3.0, 6;
    %dup/vec4;
    %pushi/vec4 1, 0, 3;
    %cmp/u;
    %jmp/1 T_3.1, 6;
    %dup/vec4;
    %pushi/vec4 2, 0, 3;
    %cmp/u;
    %jmp/1 T_3.2, 6;
    %dup/vec4;
    %pushi/vec4 3, 0, 3;
    %cmp/u;
    %jmp/1 T_3.3, 6;
    %dup/vec4;
    %pushi/vec4 4, 0, 3;
    %cmp/u;
    %jmp/1 T_3.4, 6;
    %dup/vec4;
    %pushi/vec4 5, 0, 3;
    %cmp/u;
    %jmp/1 T_3.5, 6;
    %pushi/vec4 0, 0, 8;
    %store/vec4 v0x3986bb40_0, 0, 8;
    %jmp T_3.7;
T_3.0 ;
    %load/vec4 v0x39840ad0_0;
    %load/vec4 v0x3986bc30_0;
    %add;
    %store/vec4 v0x3986bb40_0, 0, 8;
    %jmp T_3.7;
T_3.1 ;
    %load/vec4 v0x39840ad0_0;
    %load/vec4 v0x3986bc30_0;
    %sub;
    %store/vec4 v0x3986bb40_0, 0, 8;
    %jmp T_3.7;
T_3.2 ;
    %load/vec4 v0x39840ad0_0;
    %load/vec4 v0x3986bc30_0;
    %or;
    %store/vec4 v0x3986bb40_0, 0, 8;
    %jmp T_3.7;
T_3.3 ;
    %load/vec4 v0x39840ad0_0;
    %load/vec4 v0x3986bc30_0;
    %and;
    %inv;
    %store/vec4 v0x3986bb40_0, 0, 8;
    %jmp T_3.7;
T_3.4 ;
    %load/vec4 v0x39840ad0_0;
    %load/vec4 v0x3986bc30_0;
    %parti/s 2, 0, 2;
    %ix/vec4 4;
    %shiftl 4;
    %store/vec4 v0x3986bb40_0, 0, 8;
    %jmp T_3.7;
T_3.5 ;
    %load/vec4 v0x39840ad0_0;
    %load/vec4 v0x3986bc30_0;
    %parti/s 2, 0, 2;
    %ix/vec4 4;
    %shiftr 4;
    %store/vec4 v0x3986bb40_0, 0, 8;
    %jmp T_3.7;
T_3.7 ;
    %pop/vec4 1;
    %jmp T_3;
    .thread T_3, $push;
    .scope S_0x3986c860;
T_4 ;
    %wait E_0x3979f660;
    %load/vec4 v0x3986d4f0_0;
    %flag_set/vec4 8;
    %jmp/0xz  T_4.0, 8;
    %pushi/vec4 0, 0, 8;
    %ix/load 3, 0, 0;
    %flag_set/imm 4, 0;
    %ix/load 4, 0, 0; Constant delay
    %assign/vec4/a/d v0x3986d320, 0, 4;
    %pushi/vec4 0, 0, 8;
    %ix/load 3, 1, 0;
    %flag_set/imm 4, 0;
    %ix/load 4, 0, 0; Constant delay
    %assign/vec4/a/d v0x3986d320, 0, 4;
    %pushi/vec4 0, 0, 8;
    %ix/load 3, 2, 0;
    %flag_set/imm 4, 0;
    %ix/load 4, 0, 0; Constant delay
    %assign/vec4/a/d v0x3986d320, 0, 4;
    %pushi/vec4 0, 0, 8;
    %ix/load 3, 3, 0;
    %flag_set/imm 4, 0;
    %ix/load 4, 0, 0; Constant delay
    %assign/vec4/a/d v0x3986d320, 0, 4;
    %jmp T_4.1;
T_4.0 ;
    %load/vec4 v0x3986cbf0_0;
    %flag_set/vec4 8;
    %jmp/0xz  T_4.2, 8;
    %load/vec4 v0x3986cf50_0;
    %load/vec4 v0x3986d240_0;
    %pad/u 4;
    %ix/vec4 3;
    %ix/load 4, 0, 0; Constant delay
    %assign/vec4/a/d v0x3986d320, 0, 4;
T_4.2 ;
T_4.1 ;
    %jmp T_4;
    .thread T_4;
    .scope S_0x3986c860;
T_5 ;
Ewait_1 .event/or E_0x3986cb70, E_0x0;
    %wait Ewait_1;
    %load/vec4 v0x3986d080_0;
    %pad/u 4;
    %ix/vec4 4;
    %load/vec4a v0x3986d320, 4;
    %store/vec4 v0x3986cdc0_0, 0, 8;
    %load/vec4 v0x3986d160_0;
    %pad/u 4;
    %ix/vec4 4;
    %load/vec4a v0x3986d320, 4;
    %store/vec4 v0x3986ce90_0, 0, 8;
    %jmp T_5;
    .thread T_5, $push;
    .scope S_0x3986c0a0;
T_6 ;
    %wait E_0x3979f660;
    %load/vec4 v0x3986c6b0_0;
    %flag_set/vec4 8;
    %jmp/0xz  T_6.0, 8;
    %pushi/vec4 0, 0, 8;
    %assign/vec4 v0x3986c500_0, 0;
    %jmp T_6.1;
T_6.0 ;
    %load/vec4 v0x3986c5f0_0;
    %flag_set/vec4 8;
    %jmp/0xz  T_6.2, 8;
    %load/vec4 v0x3986c420_0;
    %assign/vec4 v0x3986c500_0, 0;
T_6.2 ;
T_6.1 ;
    %jmp T_6;
    .thread T_6;
    .scope S_0x397baeb0;
T_7 ;
Ewait_2 .event/or E_0x3979f6d0, E_0x0;
    %wait Ewait_2;
    %load/vec4 v0x3986d990_0;
    %store/vec4 v0x3986ebe0_0, 0, 1;
    %load/vec4 v0x3986de80_0;
    %store/vec4 v0x3986fec0_0, 0, 1;
    %load/vec4 v0x3986db00_0;
    %store/vec4 v0x3986dc70_0, 0, 8;
    %load/vec4 v0x3986f760_0;
    %store/vec4 v0x3986f400_0, 0, 8;
    %load/vec4 v0x3986f850_0;
    %store/vec4 v0x3986f5a0_0, 0, 8;
    %load/vec4 v0x3986ea40_0;
    %store/vec4 v0x3986e620_0, 0, 8;
    %load/vec4 v0x3986ea40_0;
    %store/vec4 v0x3986e2f0_0, 0, 8;
    %load/vec4 v0x3986ef00_0;
    %store/vec4 v0x3986f150_0, 0, 8;
    %jmp T_7;
    .thread T_7, $push;
    .scope S_0x397baeb0;
T_8 ;
Ewait_3 .event/or E_0x3979f820, E_0x0;
    %wait Ewait_3;
    %load/vec4 v0x3986dff0_0;
    %store/vec4 v0x3986ed60_0, 0, 3;
    %pushi/vec4 0, 0, 1;
    %store/vec4 v0x3986e0b0_0, 0, 1;
    %pushi/vec4 0, 0, 1;
    %store/vec4 v0x3986e230_0, 0, 1;
    %pushi/vec4 0, 0, 8;
    %store/vec4 v0x3986ee40_0, 0, 8;
    %pushi/vec4 0, 0, 1;
    %store/vec4 v0x3986e4b0_0, 0, 1;
    %pushi/vec4 0, 0, 8;
    %store/vec4 v0x3986d7a0_0, 0, 8;
    %pushi/vec4 0, 0, 8;
    %store/vec4 v0x3986d890_0, 0, 8;
    %pushi/vec4 0, 0, 8;
    %store/vec4 v0x3986e880_0, 0, 8;
    %pushi/vec4 0, 0, 1;
    %store/vec4 v0x3986eb20_0, 0, 1;
    %pushi/vec4 0, 0, 8;
    %store/vec4 v0x3986e960_0, 0, 8;
    %pushi/vec4 0, 0, 1;
    %store/vec4 v0x3986e580_0, 0, 1;
    %pushi/vec4 0, 0, 1;
    %store/vec4 v0x3986fc60_0, 0, 1;
    %pushi/vec4 0, 0, 8;
    %store/vec4 v0x3986f920_0, 0, 8;
    %pushi/vec4 0, 0, 3;
    %store/vec4 v0x3986da60_0, 0, 3;
    %pushi/vec4 0, 0, 1;
    %store/vec4 v0x3986dbd0_0, 0, 1;
    %pushi/vec4 0, 0, 1;
    %store/vec4 v0x3986e170_0, 0, 1;
    %pushi/vec4 0, 0, 2;
    %store/vec4 v0x3986f9f0_0, 0, 2;
    %pushi/vec4 0, 0, 2;
    %store/vec4 v0x3986fac0_0, 0, 2;
    %pushi/vec4 0, 0, 1;
    %store/vec4 v0x3986d6c0_0, 0, 1;
    %pushi/vec4 0, 0, 1;
    %store/vec4 v0x3986e6e0_0, 0, 1;
    %pushi/vec4 0, 0, 2;
    %store/vec4 v0x3986fb90_0, 0, 2;
    %load/vec4 v0x3986dff0_0;
    %dup/vec4;
    %pushi/vec4 0, 0, 3;
    %cmp/u;
    %jmp/1 T_8.0, 6;
    %dup/vec4;
    %pushi/vec4 1, 0, 3;
    %cmp/u;
    %jmp/1 T_8.1, 6;
    %dup/vec4;
    %pushi/vec4 2, 0, 3;
    %cmp/u;
    %jmp/1 T_8.2, 6;
    %dup/vec4;
    %pushi/vec4 3, 0, 3;
    %cmp/u;
    %jmp/1 T_8.3, 6;
    %dup/vec4;
    %pushi/vec4 4, 0, 3;
    %cmp/u;
    %jmp/1 T_8.4, 6;
    %dup/vec4;
    %pushi/vec4 5, 0, 3;
    %cmp/u;
    %jmp/1 T_8.5, 6;
    %pushi/vec4 0, 0, 3;
    %store/vec4 v0x3986ed60_0, 0, 3;
    %jmp T_8.7;
T_8.0 ;
    %pushi/vec4 1, 0, 1;
    %store/vec4 v0x3986e230_0, 0, 1;
    %load/vec4 v0x3986efd0_0;
    %store/vec4 v0x3986ee40_0, 0, 8;
    %load/vec4 v0x3986f090_0;
    %store/vec4 v0x3986e4b0_0, 0, 1;
    %load/vec4 v0x3986fe20_0;
    %flag_set/vec4 8;
    %jmp/0xz  T_8.8, 8;
    %pushi/vec4 1, 0, 3;
    %store/vec4 v0x3986ed60_0, 0, 3;
    %jmp T_8.9;
T_8.8 ;
    %pushi/vec4 0, 0, 3;
    %store/vec4 v0x3986ed60_0, 0, 3;
T_8.9 ;
    %jmp T_8.7;
T_8.1 ;
    %load/vec4 v0x3986ef00_0;
    %store/vec4 v0x3986e880_0, 0, 8;
    %pushi/vec4 1, 0, 1;
    %store/vec4 v0x3986e580_0, 0, 1;
    %load/vec4 v0x3986ef00_0;
    %store/vec4 v0x3986d7a0_0, 0, 8;
    %pushi/vec4 1, 0, 8;
    %store/vec4 v0x3986d890_0, 0, 8;
    %pushi/vec4 0, 0, 3;
    %store/vec4 v0x3986da60_0, 0, 3;
    %load/vec4 v0x3986db00_0;
    %store/vec4 v0x3986ee40_0, 0, 8;
    %pushi/vec4 1, 0, 1;
    %store/vec4 v0x3986e4b0_0, 0, 1;
    %pushi/vec4 2, 0, 3;
    %store/vec4 v0x3986ed60_0, 0, 3;
    %jmp T_8.7;
T_8.2 ;
    %load/vec4 v0x3986e3d0_0;
    %parti/s 2, 6, 4;
    %store/vec4 v0x3986f9f0_0, 0, 2;
    %load/vec4 v0x3986e3d0_0;
    %parti/s 2, 4, 4;
    %store/vec4 v0x3986fac0_0, 0, 2;
    %pushi/vec4 1, 0, 1;
    %store/vec4 v0x3986d6c0_0, 0, 1;
    %pushi/vec4 3, 0, 3;
    %store/vec4 v0x3986ed60_0, 0, 3;
    %jmp T_8.7;
T_8.3 ;
    %load/vec4 v0x3986e3d0_0;
    %parti/s 4, 0, 2;
    %cmpi/e 4, 0, 4;
    %jmp/1 T_8.13, 4;
    %flag_mov 8, 4;
    %load/vec4 v0x3986e3d0_0;
    %parti/s 4, 0, 2;
    %cmpi/e 6, 0, 4;
    %flag_or 4, 8;
T_8.13;
    %jmp/1 T_8.12, 4;
    %flag_mov 8, 4;
    %load/vec4 v0x3986e3d0_0;
    %parti/s 4, 0, 2;
    %cmpi/e 8, 0, 4;
    %flag_or 4, 8;
T_8.12;
    %jmp/0xz  T_8.10, 4;
    %load/vec4 v0x3986e3d0_0;
    %parti/s 4, 0, 2;
    %dup/vec4;
    %pushi/vec4 4, 0, 4;
    %cmp/u;
    %jmp/1 T_8.14, 6;
    %dup/vec4;
    %pushi/vec4 6, 0, 4;
    %cmp/u;
    %jmp/1 T_8.15, 6;
    %dup/vec4;
    %pushi/vec4 8, 0, 4;
    %cmp/u;
    %jmp/1 T_8.16, 6;
    %pushi/vec4 0, 0, 3;
    %store/vec4 v0x3986da60_0, 0, 3;
    %jmp T_8.18;
T_8.14 ;
    %pushi/vec4 0, 0, 3;
    %store/vec4 v0x3986da60_0, 0, 3;
    %jmp T_8.18;
T_8.15 ;
    %pushi/vec4 1, 0, 3;
    %store/vec4 v0x3986da60_0, 0, 3;
    %jmp T_8.18;
T_8.16 ;
    %pushi/vec4 3, 0, 3;
    %store/vec4 v0x3986da60_0, 0, 3;
    %jmp T_8.18;
T_8.18 ;
    %pop/vec4 1;
    %load/vec4 v0x3986f4c0_0;
    %store/vec4 v0x3986d7a0_0, 0, 8;
    %load/vec4 v0x3986f680_0;
    %store/vec4 v0x3986d890_0, 0, 8;
    %pushi/vec4 1, 0, 1;
    %store/vec4 v0x3986dbd0_0, 0, 1;
    %pushi/vec4 1, 0, 1;
    %store/vec4 v0x3986e170_0, 0, 1;
    %pushi/vec4 4, 0, 3;
    %store/vec4 v0x3986ed60_0, 0, 3;
    %jmp T_8.11;
T_8.10 ;
    %load/vec4 v0x3986e3d0_0;
    %parti/s 3, 0, 2;
    %cmpi/e 3, 0, 3;
    %jmp/0xz  T_8.19, 4;
    %load/vec4 v0x3986e3d0_0;
    %parti/s 1, 5, 4;
    %pad/u 32;
    %cmpi/e 1, 0, 32;
    %jmp/0xz  T_8.21, 4;
    %pushi/vec4 4, 0, 3;
    %store/vec4 v0x3986da60_0, 0, 3;
    %jmp T_8.22;
T_8.21 ;
    %pushi/vec4 5, 0, 3;
    %store/vec4 v0x3986da60_0, 0, 3;
T_8.22 ;
    %load/vec4 v0x3986f4c0_0;
    %store/vec4 v0x3986d7a0_0, 0, 8;
    %pushi/vec4 0, 0, 6;
    %load/vec4 v0x3986e3d0_0;
    %parti/s 2, 3, 3;
    %concat/vec4; draw_concat_vec4
    %store/vec4 v0x3986d890_0, 0, 8;
    %pushi/vec4 1, 0, 1;
    %store/vec4 v0x3986dbd0_0, 0, 1;
    %pushi/vec4 1, 0, 1;
    %store/vec4 v0x3986e170_0, 0, 1;
    %pushi/vec4 4, 0, 3;
    %store/vec4 v0x3986ed60_0, 0, 3;
    %jmp T_8.20;
T_8.19 ;
    %load/vec4 v0x3986e3d0_0;
    %parti/s 4, 0, 2;
    %cmpi/e 0, 0, 4;
    %jmp/0xz  T_8.23, 4;
    %load/vec4 v0x3986f680_0;
    %store/vec4 v0x3986e880_0, 0, 8;
    %pushi/vec4 1, 0, 1;
    %store/vec4 v0x3986e6e0_0, 0, 1;
    %pushi/vec4 4, 0, 3;
    %store/vec4 v0x3986ed60_0, 0, 3;
    %jmp T_8.24;
T_8.23 ;
    %load/vec4 v0x3986e3d0_0;
    %parti/s 4, 0, 2;
    %cmpi/e 2, 0, 4;
    %jmp/0xz  T_8.25, 4;
    %load/vec4 v0x3986f680_0;
    %store/vec4 v0x3986e880_0, 0, 8;
    %load/vec4 v0x3986f4c0_0;
    %store/vec4 v0x3986e960_0, 0, 8;
    %pushi/vec4 1, 0, 1;
    %store/vec4 v0x3986eb20_0, 0, 1;
    %pushi/vec4 1, 0, 1;
    %store/vec4 v0x3986e0b0_0, 0, 1;
    %load/vec4 v0x3986fe20_0;
    %flag_set/vec4 8;
    %jmp/0xz  T_8.27, 8;
    %pushi/vec4 1, 0, 3;
    %store/vec4 v0x3986ed60_0, 0, 3;
    %jmp T_8.28;
T_8.27 ;
    %pushi/vec4 0, 0, 3;
    %store/vec4 v0x3986ed60_0, 0, 3;
T_8.28 ;
    %jmp T_8.26;
T_8.25 ;
    %load/vec4 v0x3986e3d0_0;
    %parti/s 4, 0, 2;
    %cmpi/e 9, 0, 4;
    %jmp/1 T_8.33, 4;
    %flag_mov 8, 4;
    %load/vec4 v0x3986e3d0_0;
    %parti/s 4, 0, 2;
    %cmpi/e 5, 0, 4;
    %flag_or 4, 8;
T_8.33;
    %jmp/1 T_8.32, 4;
    %flag_mov 8, 4;
    %load/vec4 v0x3986e3d0_0;
    %parti/s 4, 0, 2;
    %cmpi/e 10, 0, 4;
    %flag_or 4, 8;
T_8.32;
    %jmp/1 T_8.31, 4;
    %flag_mov 8, 4;
    %load/vec4 v0x3986e3d0_0;
    %parti/s 4, 0, 2;
    %cmpi/e 1, 0, 4;
    %flag_or 4, 8;
T_8.31;
    %jmp/0xz  T_8.29, 4;
    %load/vec4 v0x3986e3d0_0;
    %parti/s 4, 0, 2;
    %dup/vec4;
    %pushi/vec4 9, 0, 4;
    %cmp/u;
    %jmp/1 T_8.34, 6;
    %dup/vec4;
    %pushi/vec4 5, 0, 4;
    %cmp/u;
    %jmp/1 T_8.35, 6;
    %dup/vec4;
    %pushi/vec4 10, 0, 4;
    %cmp/u;
    %jmp/1 T_8.36, 6;
    %dup/vec4;
    %pushi/vec4 1, 0, 4;
    %cmp/u;
    %jmp/1 T_8.37, 6;
    %jmp T_8.38;
T_8.34 ;
    %load/vec4 v0x3986ff60_0;
    %nor/r;
    %flag_set/vec4 8;
    %jmp/0xz  T_8.39, 8;
    %pushi/vec4 1, 0, 1;
    %store/vec4 v0x3986e4b0_0, 0, 1;
T_8.39 ;
    %jmp T_8.38;
T_8.35 ;
    %load/vec4 v0x3986eca0_0;
    %nor/r;
    %flag_set/vec4 8;
    %jmp/0xz  T_8.41, 8;
    %pushi/vec4 1, 0, 1;
    %store/vec4 v0x3986e4b0_0, 0, 1;
T_8.41 ;
    %jmp T_8.38;
T_8.36 ;
    %load/vec4 v0x3986ff60_0;
    %flag_set/vec4 8;
    %jmp/0xz  T_8.43, 8;
    %pushi/vec4 1, 0, 1;
    %store/vec4 v0x3986e4b0_0, 0, 1;
T_8.43 ;
    %jmp T_8.38;
T_8.37 ;
    %pushi/vec4 1, 0, 1;
    %store/vec4 v0x3986e4b0_0, 0, 1;
    %jmp T_8.38;
T_8.38 ;
    %pop/vec4 1;
    %load/vec4 v0x3986ef00_0;
    %store/vec4 v0x3986d7a0_0, 0, 8;
    %load/vec4 v0x3986e3d0_0;
    %parti/s 1, 7, 4;
    %replicate 4;
    %load/vec4 v0x3986e3d0_0;
    %parti/s 4, 4, 4;
    %concat/vec4; draw_concat_vec4
    %store/vec4 v0x3986d890_0, 0, 8;
    %pushi/vec4 0, 0, 3;
    %store/vec4 v0x3986da60_0, 0, 3;
    %load/vec4 v0x3986db00_0;
    %store/vec4 v0x3986ee40_0, 0, 8;
    %pushi/vec4 1, 0, 1;
    %store/vec4 v0x3986e0b0_0, 0, 1;
    %load/vec4 v0x3986fe20_0;
    %flag_set/vec4 8;
    %jmp/0xz  T_8.45, 8;
    %pushi/vec4 1, 0, 3;
    %store/vec4 v0x3986ed60_0, 0, 3;
    %jmp T_8.46;
T_8.45 ;
    %pushi/vec4 0, 0, 3;
    %store/vec4 v0x3986ed60_0, 0, 3;
T_8.46 ;
    %jmp T_8.30;
T_8.29 ;
    %load/vec4 v0x3986e3d0_0;
    %parti/s 3, 0, 2;
    %cmpi/e 7, 0, 3;
    %jmp/0xz  T_8.47, 4;
    %pushi/vec4 0, 0, 2;
    %store/vec4 v0x3986f9f0_0, 0, 2;
    %pushi/vec4 1, 0, 1;
    %store/vec4 v0x3986d6c0_0, 0, 1;
    %pushi/vec4 4, 0, 3;
    %store/vec4 v0x3986ed60_0, 0, 3;
T_8.47 ;
T_8.30 ;
T_8.26 ;
T_8.24 ;
T_8.20 ;
T_8.11 ;
    %jmp T_8.7;
T_8.4 ;
    %load/vec4 v0x3986e3d0_0;
    %parti/s 4, 0, 2;
    %cmpi/e 4, 0, 4;
    %jmp/1 T_8.53, 4;
    %flag_mov 8, 4;
    %load/vec4 v0x3986e3d0_0;
    %parti/s 4, 0, 2;
    %cmpi/e 6, 0, 4;
    %flag_or 4, 8;
T_8.53;
    %jmp/1 T_8.52, 4;
    %flag_mov 8, 4;
    %load/vec4 v0x3986e3d0_0;
    %parti/s 4, 0, 2;
    %cmpi/e 8, 0, 4;
    %flag_or 4, 8;
T_8.52;
    %jmp/1 T_8.51, 4;
    %flag_mov 8, 4;
    %load/vec4 v0x3986e3d0_0;
    %parti/s 3, 0, 2;
    %cmpi/e 3, 0, 3;
    %flag_or 4, 8;
T_8.51;
    %jmp/0xz  T_8.49, 4;
    %load/vec4 v0x3986e3d0_0;
    %parti/s 2, 6, 4;
    %store/vec4 v0x3986fb90_0, 0, 2;
    %load/vec4 v0x3986dd10_0;
    %store/vec4 v0x3986f920_0, 0, 8;
    %pushi/vec4 1, 0, 1;
    %store/vec4 v0x3986fc60_0, 0, 1;
    %pushi/vec4 1, 0, 1;
    %store/vec4 v0x3986e0b0_0, 0, 1;
    %load/vec4 v0x3986fe20_0;
    %flag_set/vec4 8;
    %jmp/0xz  T_8.54, 8;
    %pushi/vec4 1, 0, 3;
    %store/vec4 v0x3986ed60_0, 0, 3;
    %jmp T_8.55;
T_8.54 ;
    %pushi/vec4 0, 0, 3;
    %store/vec4 v0x3986ed60_0, 0, 3;
T_8.55 ;
    %jmp T_8.50;
T_8.49 ;
    %load/vec4 v0x3986e3d0_0;
    %parti/s 4, 0, 2;
    %cmpi/e 0, 0, 4;
    %jmp/0xz  T_8.56, 4;
    %load/vec4 v0x3986e3d0_0;
    %parti/s 2, 6, 4;
    %store/vec4 v0x3986fb90_0, 0, 2;
    %load/vec4 v0x3986e7a0_0;
    %store/vec4 v0x3986f920_0, 0, 8;
    %pushi/vec4 1, 0, 1;
    %store/vec4 v0x3986fc60_0, 0, 1;
    %pushi/vec4 1, 0, 1;
    %store/vec4 v0x3986e0b0_0, 0, 1;
    %load/vec4 v0x3986fe20_0;
    %flag_set/vec4 8;
    %jmp/0xz  T_8.58, 8;
    %pushi/vec4 1, 0, 3;
    %store/vec4 v0x3986ed60_0, 0, 3;
    %jmp T_8.59;
T_8.58 ;
    %pushi/vec4 0, 0, 3;
    %store/vec4 v0x3986ed60_0, 0, 3;
T_8.59 ;
    %jmp T_8.57;
T_8.56 ;
    %load/vec4 v0x3986e3d0_0;
    %parti/s 3, 0, 2;
    %cmpi/e 7, 0, 3;
    %jmp/0xz  T_8.60, 4;
    %load/vec4 v0x3986f4c0_0;
    %store/vec4 v0x3986d7a0_0, 0, 8;
    %pushi/vec4 0, 0, 3;
    %load/vec4 v0x3986e3d0_0;
    %parti/s 5, 3, 3;
    %concat/vec4; draw_concat_vec4
    %store/vec4 v0x3986d890_0, 0, 8;
    %pushi/vec4 2, 0, 3;
    %store/vec4 v0x3986da60_0, 0, 3;
    %pushi/vec4 1, 0, 1;
    %store/vec4 v0x3986dbd0_0, 0, 1;
    %pushi/vec4 1, 0, 1;
    %store/vec4 v0x3986e170_0, 0, 1;
    %pushi/vec4 5, 0, 3;
    %store/vec4 v0x3986ed60_0, 0, 3;
T_8.60 ;
T_8.57 ;
T_8.50 ;
    %jmp T_8.7;
T_8.5 ;
    %pushi/vec4 0, 0, 2;
    %store/vec4 v0x3986fb90_0, 0, 2;
    %load/vec4 v0x3986dd10_0;
    %store/vec4 v0x3986f920_0, 0, 8;
    %pushi/vec4 1, 0, 1;
    %store/vec4 v0x3986fc60_0, 0, 1;
    %pushi/vec4 1, 0, 1;
    %store/vec4 v0x3986e0b0_0, 0, 1;
    %load/vec4 v0x3986fe20_0;
    %flag_set/vec4 8;
    %jmp/0xz  T_8.62, 8;
    %pushi/vec4 1, 0, 3;
    %store/vec4 v0x3986ed60_0, 0, 3;
    %jmp T_8.63;
T_8.62 ;
    %pushi/vec4 0, 0, 3;
    %store/vec4 v0x3986ed60_0, 0, 3;
T_8.63 ;
    %jmp T_8.7;
T_8.7 ;
    %pop/vec4 1;
    %jmp T_8;
    .thread T_8, $push;
    .scope S_0x397baeb0;
T_9 ;
    %wait E_0x3979f660;
    %load/vec4 v0x3986fd30_0;
    %flag_set/vec4 8;
    %jmp/0xz  T_9.0, 8;
    %pushi/vec4 0, 0, 3;
    %assign/vec4 v0x3986dff0_0, 0;
    %pushi/vec4 0, 0, 8;
    %assign/vec4 v0x3986e3d0_0, 0;
    %pushi/vec4 0, 0, 8;
    %assign/vec4 v0x3986e7a0_0, 0;
    %pushi/vec4 0, 0, 8;
    %assign/vec4 v0x3986f4c0_0, 0;
    %pushi/vec4 0, 0, 8;
    %assign/vec4 v0x3986f680_0, 0;
    %pushi/vec4 0, 0, 8;
    %assign/vec4 v0x3986dd10_0, 0;
    %pushi/vec4 0, 0, 1;
    %assign/vec4 v0x3986eca0_0, 0;
    %pushi/vec4 0, 0, 1;
    %assign/vec4 v0x3986ff60_0, 0;
    %jmp T_9.1;
T_9.0 ;
    %load/vec4 v0x3986ed60_0;
    %assign/vec4 v0x3986dff0_0, 0;
    %load/vec4 v0x3986e580_0;
    %flag_set/vec4 8;
    %jmp/0xz  T_9.2, 8;
    %load/vec4 v0x3986e2f0_0;
    %assign/vec4 v0x3986e3d0_0, 0;
T_9.2 ;
    %load/vec4 v0x3986e6e0_0;
    %flag_set/vec4 8;
    %jmp/0xz  T_9.4, 8;
    %load/vec4 v0x3986e620_0;
    %assign/vec4 v0x3986e7a0_0, 0;
T_9.4 ;
    %load/vec4 v0x3986d6c0_0;
    %flag_set/vec4 8;
    %jmp/0xz  T_9.6, 8;
    %load/vec4 v0x3986f400_0;
    %assign/vec4 v0x3986f4c0_0, 0;
    %load/vec4 v0x3986f5a0_0;
    %assign/vec4 v0x3986f680_0, 0;
T_9.6 ;
    %load/vec4 v0x3986dbd0_0;
    %flag_set/vec4 8;
    %jmp/0xz  T_9.8, 8;
    %load/vec4 v0x3986dc70_0;
    %assign/vec4 v0x3986dd10_0, 0;
T_9.8 ;
    %load/vec4 v0x3986e170_0;
    %flag_set/vec4 8;
    %jmp/0xz  T_9.10, 8;
    %load/vec4 v0x3986ebe0_0;
    %assign/vec4 v0x3986eca0_0, 0;
    %load/vec4 v0x3986fec0_0;
    %assign/vec4 v0x3986ff60_0, 0;
T_9.10 ;
T_9.1 ;
    %jmp T_9;
    .thread T_9;
    .scope S_0x39875d60;
T_10 ;
Ewait_4 .event/or E_0x39876490, E_0x0;
    %wait Ewait_4;
    %load/vec4 v0x39876ab0_0;
    %xor/r;
    %store/vec4 v0x39876dc0_0, 0, 1;
    %jmp T_10;
    .thread T_10, $push;
    .scope S_0x39875d60;
T_11 ;
    %wait E_0x3979f660;
    %load/vec4 v0x39876e80_0;
    %flag_set/vec4 8;
    %jmp/0xz  T_11.0, 8;
    %pushi/vec4 1, 0, 1;
    %assign/vec4 v0x39876690_0, 0;
    %pushi/vec4 0, 0, 2;
    %assign/vec4 v0x39876fb0_0, 0;
    %pushi/vec4 0, 0, 1;
    %assign/vec4 v0x39876760_0, 0;
    %pushi/vec4 0, 0, 4;
    %assign/vec4 v0x39876b70_0, 0;
    %pushi/vec4 0, 0, 10;
    %assign/vec4 v0x39876910_0, 0;
    %pushi/vec4 0, 0, 1;
    %assign/vec4 v0x398764f0_0, 0;
    %jmp T_11.1;
T_11.0 ;
    %load/vec4 v0x39876fb0_0;
    %dup/vec4;
    %pushi/vec4 0, 0, 2;
    %cmp/u;
    %jmp/1 T_11.2, 6;
    %dup/vec4;
    %pushi/vec4 1, 0, 2;
    %cmp/u;
    %jmp/1 T_11.3, 6;
    %dup/vec4;
    %pushi/vec4 2, 0, 2;
    %cmp/u;
    %jmp/1 T_11.4, 6;
    %pushi/vec4 0, 0, 2;
    %assign/vec4 v0x39876fb0_0, 0;
    %jmp T_11.6;
T_11.2 ;
    %pushi/vec4 1, 0, 1;
    %assign/vec4 v0x39876690_0, 0;
    %pushi/vec4 0, 0, 4;
    %assign/vec4 v0x39876b70_0, 0;
    %pushi/vec4 0, 0, 10;
    %assign/vec4 v0x39876910_0, 0;
    %pushi/vec4 0, 0, 1;
    %assign/vec4 v0x398764f0_0, 0;
    %load/vec4 v0x398765d0_0;
    %flag_set/vec4 8;
    %jmp/0xz  T_11.7, 8;
    %pushi/vec4 1, 0, 1;
    %load/vec4 v0x39876ab0_0;
    %concat/vec4; draw_concat_vec4
    %concati/vec4 0, 0, 1;
    %assign/vec4 v0x39876ce0_0, 0;
    %pushi/vec4 1, 0, 1;
    %assign/vec4 v0x39876760_0, 0;
    %pushi/vec4 1, 0, 2;
    %assign/vec4 v0x39876fb0_0, 0;
    %jmp T_11.8;
T_11.7 ;
    %pushi/vec4 0, 0, 2;
    %assign/vec4 v0x39876fb0_0, 0;
T_11.8 ;
    %jmp T_11.6;
T_11.3 ;
    %load/vec4 v0x39876ce0_0;
    %load/vec4 v0x39876b70_0;
    %part/u 1;
    %assign/vec4 v0x39876690_0, 0;
    %load/vec4 v0x39876910_0;
    %pad/u 32;
    %load/vec4 v0x398769f0_0;
    %pad/u 32;
    %subi 1, 0, 32;
    %cmp/u;
    %jmp/0xz  T_11.9, 5;
    %load/vec4 v0x39876910_0;
    %addi 1, 0, 10;
    %assign/vec4 v0x39876910_0, 0;
    %pushi/vec4 1, 0, 2;
    %assign/vec4 v0x39876fb0_0, 0;
    %jmp T_11.10;
T_11.9 ;
    %pushi/vec4 0, 0, 10;
    %assign/vec4 v0x39876910_0, 0;
    %load/vec4 v0x39876b70_0;
    %pad/u 35;
    %cmpi/e 9, 0, 35;
    %jmp/0xz  T_11.11, 4;
    %pushi/vec4 2, 0, 2;
    %assign/vec4 v0x39876fb0_0, 0;
    %jmp T_11.12;
T_11.11 ;
    %load/vec4 v0x39876b70_0;
    %addi 1, 0, 4;
    %assign/vec4 v0x39876b70_0, 0;
    %pushi/vec4 1, 0, 2;
    %assign/vec4 v0x39876fb0_0, 0;
T_11.12 ;
T_11.10 ;
    %jmp T_11.6;
T_11.4 ;
    %pushi/vec4 0, 0, 2;
    %assign/vec4 v0x39876fb0_0, 0;
    %pushi/vec4 0, 0, 1;
    %assign/vec4 v0x39876760_0, 0;
    %pushi/vec4 1, 0, 1;
    %assign/vec4 v0x398764f0_0, 0;
    %pushi/vec4 0, 0, 4;
    %assign/vec4 v0x39876b70_0, 0;
    %pushi/vec4 0, 0, 10;
    %assign/vec4 v0x39876910_0, 0;
    %jmp T_11.6;
T_11.6 ;
    %pop/vec4 1;
T_11.1 ;
    %jmp T_11;
    .thread T_11;
    .scope S_0x39874710;
T_12 ;
    %wait E_0x3979f660;
    %load/vec4 v0x398754b0_0;
    %assign/vec4 v0x39875a00_0, 0;
    %load/vec4 v0x39875a00_0;
    %assign/vec4 v0x39875940_0, 0;
    %jmp T_12;
    .thread T_12;
    .scope S_0x39874710;
T_13 ;
    %wait E_0x3979f660;
    %load/vec4 v0x39875ac0_0;
    %flag_set/vec4 8;
    %jmp/0xz  T_13.0, 8;
    %pushi/vec4 0, 0, 8;
    %assign/vec4 v0x39875570_0, 0;
    %pushi/vec4 0, 0, 2;
    %assign/vec4 v0x39875b60_0, 0;
    %pushi/vec4 0, 0, 4;
    %assign/vec4 v0x39875650_0, 0;
    %pushi/vec4 0, 0, 10;
    %assign/vec4 v0x39875250_0, 0;
    %pushi/vec4 0, 0, 1;
    %assign/vec4 v0x398753f0_0, 0;
    %jmp T_13.1;
T_13.0 ;
    %load/vec4 v0x39875b60_0;
    %dup/vec4;
    %pushi/vec4 0, 0, 2;
    %cmp/u;
    %jmp/1 T_13.2, 6;
    %dup/vec4;
    %pushi/vec4 1, 0, 2;
    %cmp/u;
    %jmp/1 T_13.3, 6;
    %dup/vec4;
    %pushi/vec4 2, 0, 2;
    %cmp/u;
    %jmp/1 T_13.4, 6;
    %dup/vec4;
    %pushi/vec4 3, 0, 2;
    %cmp/u;
    %jmp/1 T_13.5, 6;
    %pushi/vec4 0, 0, 2;
    %assign/vec4 v0x39875b60_0, 0;
    %jmp T_13.7;
T_13.2 ;
    %pushi/vec4 0, 0, 10;
    %assign/vec4 v0x39875250_0, 0;
    %pushi/vec4 0, 0, 4;
    %assign/vec4 v0x39875650_0, 0;
    %pushi/vec4 0, 0, 8;
    %assign/vec4 v0x39875570_0, 0;
    %pushi/vec4 0, 0, 1;
    %assign/vec4 v0x398753f0_0, 0;
    %load/vec4 v0x39875940_0;
    %cmpi/e 0, 0, 1;
    %jmp/0xz  T_13.8, 4;
    %pushi/vec4 1, 0, 2;
    %assign/vec4 v0x39875b60_0, 0;
    %jmp T_13.9;
T_13.8 ;
    %pushi/vec4 0, 0, 2;
    %assign/vec4 v0x39875b60_0, 0;
T_13.9 ;
    %jmp T_13.7;
T_13.3 ;
    %load/vec4 v0x39875250_0;
    %pad/u 32;
    %load/vec4 v0x39875310_0;
    %pad/u 32;
    %subi 1, 0, 32;
    %ix/load 4, 1, 0;
    %flag_set/imm 4, 0;
    %shiftr 4;
    %cmp/e;
    %jmp/0xz  T_13.10, 4;
    %pushi/vec4 0, 0, 10;
    %assign/vec4 v0x39875250_0, 0;
    %pushi/vec4 2, 0, 2;
    %assign/vec4 v0x39875b60_0, 0;
    %jmp T_13.11;
T_13.10 ;
    %load/vec4 v0x39875250_0;
    %addi 1, 0, 10;
    %assign/vec4 v0x39875250_0, 0;
    %pushi/vec4 1, 0, 2;
    %assign/vec4 v0x39875b60_0, 0;
T_13.11 ;
    %jmp T_13.7;
T_13.4 ;
    %load/vec4 v0x39875250_0;
    %pad/u 32;
    %load/vec4 v0x39875310_0;
    %pad/u 32;
    %subi 1, 0, 32;
    %cmp/u;
    %jmp/0xz  T_13.12, 5;
    %load/vec4 v0x39875250_0;
    %addi 1, 0, 10;
    %assign/vec4 v0x39875250_0, 0;
    %pushi/vec4 2, 0, 2;
    %assign/vec4 v0x39875b60_0, 0;
    %jmp T_13.13;
T_13.12 ;
    %pushi/vec4 0, 0, 10;
    %assign/vec4 v0x39875250_0, 0;
    %load/vec4 v0x39875650_0;
    %pad/u 32;
    %cmpi/u 8, 0, 32;
    %jmp/0xz  T_13.14, 5;
    %load/vec4 v0x39875940_0;
    %ix/load 5, 0, 0;
    %ix/getv 4, v0x39875650_0;
    %assign/vec4/off/d v0x39875570_0, 4, 5;
    %load/vec4 v0x39875650_0;
    %addi 1, 0, 4;
    %assign/vec4 v0x39875650_0, 0;
    %pushi/vec4 2, 0, 2;
    %assign/vec4 v0x39875b60_0, 0;
    %jmp T_13.15;
T_13.14 ;
    %load/vec4 v0x39875650_0;
    %pad/u 32;
    %cmpi/e 8, 0, 32;
    %flag_get/vec4 4;
    %jmp/0 T_13.18, 4;
    %pushi/vec4 0, 0, 1;
    %and;
T_13.18;
    %flag_set/vec4 8;
    %jmp/0xz  T_13.16, 8;
    %load/vec4 v0x39875940_0;
    %assign/vec4 v0x398757c0_0, 0;
    %pushi/vec4 3, 0, 2;
    %assign/vec4 v0x39875b60_0, 0;
    %jmp T_13.17;
T_13.16 ;
    %pushi/vec4 3, 0, 2;
    %assign/vec4 v0x39875b60_0, 0;
T_13.17 ;
T_13.15 ;
T_13.13 ;
    %jmp T_13.7;
T_13.5 ;
    %load/vec4 v0x39875250_0;
    %pad/u 32;
    %load/vec4 v0x39875310_0;
    %pad/u 32;
    %subi 1, 0, 32;
    %cmp/u;
    %jmp/0xz  T_13.19, 5;
    %load/vec4 v0x39875250_0;
    %addi 1, 0, 10;
    %assign/vec4 v0x39875250_0, 0;
    %pushi/vec4 3, 0, 2;
    %assign/vec4 v0x39875b60_0, 0;
    %jmp T_13.20;
T_13.19 ;
    %pushi/vec4 0, 0, 10;
    %assign/vec4 v0x39875250_0, 0;
    %pushi/vec4 0, 0, 2;
    %assign/vec4 v0x39875b60_0, 0;
    %pushi/vec4 1, 0, 1;
    %assign/vec4 v0x398753f0_0, 0;
    %pushi/vec4 0, 0, 4;
    %assign/vec4 v0x39875650_0, 0;
    %load/vec4 v0x39875570_0;
    %assign/vec4 v0x39875010_0, 0;
T_13.20 ;
    %jmp T_13.7;
T_13.7 ;
    %pop/vec4 1;
T_13.1 ;
    %jmp T_13;
    .thread T_13;
    .scope S_0x39874710;
T_14 ;
Ewait_5 .event/or E_0x39874eb0, E_0x0;
    %wait Ewait_5;
    %load/vec4 v0x398753f0_0;
    %store/vec4 v0x39874f30_0, 0, 1;
    %pushi/vec4 0, 0, 1;
    %store/vec4 v0x39875880_0, 0, 1;
    %jmp T_14;
    .thread T_14, $push;
    .scope S_0x3982b200;
T_15 ;
Ewait_6 .event/or E_0x397fff40, E_0x0;
    %wait Ewait_6;
    %load/vec4 v0x39879420_0;
    %store/vec4 v0x39879500_0, 0, 3;
    %pushi/vec4 0, 0, 8;
    %store/vec4 v0x39879130_0, 0, 8;
    %pushi/vec4 0, 0, 1;
    %store/vec4 v0x39879330_0, 0, 1;
    %load/vec4 v0x39878f00_0;
    %load/vec4 v0x39878cd0_0;
    %or;
    %store/vec4 v0x39878c30_0, 0, 1;
    %pushi/vec4 0, 0, 1;
    %store/vec4 v0x39878940_0, 0, 1;
    %pushi/vec4 0, 0, 8;
    %store/vec4 v0x39878150_0, 0, 8;
    %pushi/vec4 0, 0, 8;
    %store/vec4 v0x39877c80_0, 0, 8;
    %pushi/vec4 0, 0, 1;
    %store/vec4 v0x398797c0_0, 0, 1;
    %load/vec4 v0x39879420_0;
    %dup/vec4;
    %pushi/vec4 0, 0, 3;
    %cmp/u;
    %jmp/1 T_15.0, 6;
    %dup/vec4;
    %pushi/vec4 1, 0, 3;
    %cmp/u;
    %jmp/1 T_15.1, 6;
    %dup/vec4;
    %pushi/vec4 2, 0, 3;
    %cmp/u;
    %jmp/1 T_15.2, 6;
    %dup/vec4;
    %pushi/vec4 3, 0, 3;
    %cmp/u;
    %jmp/1 T_15.3, 6;
    %dup/vec4;
    %pushi/vec4 4, 0, 3;
    %cmp/u;
    %jmp/1 T_15.4, 6;
    %dup/vec4;
    %pushi/vec4 5, 0, 3;
    %cmp/u;
    %jmp/1 T_15.5, 6;
    %dup/vec4;
    %pushi/vec4 6, 0, 3;
    %cmp/u;
    %jmp/1 T_15.6, 6;
    %pushi/vec4 0, 0, 3;
    %store/vec4 v0x39879500_0, 0, 3;
    %jmp T_15.8;
T_15.0 ;
    %pushi/vec4 1, 0, 3;
    %store/vec4 v0x39879500_0, 0, 3;
    %jmp T_15.8;
T_15.1 ;
    %load/vec4 v0x39878e10_0;
    %flag_set/vec4 8;
    %jmp/0xz  T_15.9, 8;
    %pushi/vec4 2, 0, 3;
    %store/vec4 v0x39879500_0, 0, 3;
T_15.9 ;
    %jmp T_15.8;
T_15.2 ;
    %load/vec4 v0x39878e10_0;
    %flag_set/vec4 8;
    %jmp/0xz  T_15.11, 8;
    %pushi/vec4 3, 0, 3;
    %store/vec4 v0x39879500_0, 0, 3;
T_15.11 ;
    %jmp T_15.8;
T_15.3 ;
    %load/vec4 v0x39878e10_0;
    %flag_set/vec4 8;
    %jmp/0xz  T_15.13, 8;
    %pushi/vec4 4, 0, 3;
    %store/vec4 v0x39879500_0, 0, 3;
T_15.13 ;
    %jmp T_15.8;
T_15.4 ;
    %pushi/vec4 1, 0, 3;
    %store/vec4 v0x39879500_0, 0, 3;
    %load/vec4 v0x39877f90_0;
    %dup/vec4;
    %pushi/vec4 163, 0, 8;
    %cmp/u;
    %jmp/1 T_15.15, 6;
    %dup/vec4;
    %pushi/vec4 92, 0, 8;
    %cmp/u;
    %jmp/1 T_15.16, 6;
    %dup/vec4;
    %pushi/vec4 240, 0, 8;
    %cmp/u;
    %jmp/1 T_15.17, 6;
    %dup/vec4;
    %pushi/vec4 63, 0, 8;
    %cmp/u;
    %jmp/1 T_15.18, 6;
    %dup/vec4;
    %pushi/vec4 199, 0, 8;
    %cmp/u;
    %jmp/1 T_15.19, 6;
    %dup/vec4;
    %pushi/vec4 109, 0, 8;
    %cmp/u;
    %jmp/1 T_15.20, 6;
    %dup/vec4;
    %pushi/vec4 153, 0, 8;
    %cmp/u;
    %jmp/1 T_15.21, 6;
    %dup/vec4;
    %pushi/vec4 178, 0, 8;
    %cmp/u;
    %jmp/1 T_15.22, 6;
    %pushi/vec4 1, 0, 3;
    %store/vec4 v0x39879500_0, 0, 3;
    %jmp T_15.24;
T_15.15 ;
    %load/vec4 v0x39877d60_0;
    %store/vec4 v0x39877c80_0, 0, 8;
    %load/vec4 v0x398782e0_0;
    %store/vec4 v0x39878fa0_0, 0, 8;
    %pushi/vec4 5, 0, 3;
    %store/vec4 v0x39879500_0, 0, 3;
    %jmp T_15.24;
T_15.16 ;
    %load/vec4 v0x39877d60_0;
    %store/vec4 v0x39877c80_0, 0, 8;
    %load/vec4 v0x39878070_0;
    %store/vec4 v0x39878150_0, 0, 8;
    %pushi/vec4 1, 0, 1;
    %store/vec4 v0x398797c0_0, 0, 1;
    %pushi/vec4 1, 0, 3;
    %store/vec4 v0x39879500_0, 0, 3;
    %jmp T_15.24;
T_15.17 ;
    %pushi/vec4 170, 0, 8;
    %store/vec4 v0x39878fa0_0, 0, 8;
    %pushi/vec4 5, 0, 3;
    %store/vec4 v0x39879500_0, 0, 3;
    %jmp T_15.24;
T_15.18 ;
    %pushi/vec4 1, 0, 3;
    %store/vec4 v0x39879500_0, 0, 3;
    %jmp T_15.24;
T_15.19 ;
    %pushi/vec4 1, 0, 3;
    %store/vec4 v0x39879500_0, 0, 3;
    %jmp T_15.24;
T_15.20 ;
    %pushi/vec4 1, 0, 3;
    %store/vec4 v0x39879500_0, 0, 3;
    %jmp T_15.24;
T_15.21 ;
    %load/vec4 v0x39877d60_0;
    %store/vec4 v0x39878880_0, 0, 8;
    %pushi/vec4 1, 0, 1;
    %store/vec4 v0x39878940_0, 0, 1;
    %pushi/vec4 1, 0, 3;
    %store/vec4 v0x39879500_0, 0, 3;
    %jmp T_15.24;
T_15.22 ;
    %load/vec4 v0x398789e0_0;
    %store/vec4 v0x39878fa0_0, 0, 8;
    %pushi/vec4 5, 0, 3;
    %store/vec4 v0x39879500_0, 0, 3;
    %jmp T_15.24;
T_15.24 ;
    %pop/vec4 1;
    %jmp T_15.8;
T_15.5 ;
    %load/vec4 v0x39878fa0_0;
    %store/vec4 v0x39879130_0, 0, 8;
    %pushi/vec4 1, 0, 1;
    %store/vec4 v0x39879330_0, 0, 1;
    %pushi/vec4 6, 0, 3;
    %store/vec4 v0x39879500_0, 0, 3;
    %jmp T_15.8;
T_15.6 ;
    %load/vec4 v0x39879240_0;
    %flag_set/vec4 8;
    %jmp/0xz  T_15.25, 8;
    %pushi/vec4 1, 0, 3;
    %store/vec4 v0x39879500_0, 0, 3;
    %jmp T_15.26;
T_15.25 ;
    %pushi/vec4 6, 0, 3;
    %store/vec4 v0x39879500_0, 0, 3;
T_15.26 ;
    %jmp T_15.8;
T_15.8 ;
    %pop/vec4 1;
    %jmp T_15;
    .thread T_15, $push;
    .scope S_0x3982b200;
T_16 ;
    %wait E_0x3979f660;
    %load/vec4 v0x39878b90_0;
    %flag_set/vec4 8;
    %jmp/0xz  T_16.0, 8;
    %pushi/vec4 0, 0, 3;
    %assign/vec4 v0x39879420_0, 0;
    %pushi/vec4 0, 0, 8;
    %assign/vec4 v0x39877f90_0, 0;
    %pushi/vec4 0, 0, 8;
    %assign/vec4 v0x39877d60_0, 0;
    %pushi/vec4 0, 0, 8;
    %assign/vec4 v0x39878070_0, 0;
    %pushi/vec4 0, 0, 8;
    %assign/vec4 v0x39878880_0, 0;
    %pushi/vec4 0, 0, 1;
    %assign/vec4 v0x39878940_0, 0;
    %pushi/vec4 0, 0, 1;
    %assign/vec4 v0x39878c30_0, 0;
    %pushi/vec4 0, 0, 8;
    %assign/vec4 v0x39879130_0, 0;
    %pushi/vec4 0, 0, 1;
    %assign/vec4 v0x39879330_0, 0;
    %pushi/vec4 0, 0, 1;
    %assign/vec4 v0x39878cd0_0, 0;
    %pushi/vec4 0, 0, 1;
    %assign/vec4 v0x39878f00_0, 0;
    %jmp T_16.1;
T_16.0 ;
    %load/vec4 v0x39879500_0;
    %assign/vec4 v0x39879420_0, 0;
    %load/vec4 v0x39878e10_0;
    %flag_set/vec4 8;
    %jmp/0xz  T_16.2, 8;
    %load/vec4 v0x39879420_0;
    %dup/vec4;
    %pushi/vec4 1, 0, 3;
    %cmp/u;
    %jmp/1 T_16.4, 6;
    %dup/vec4;
    %pushi/vec4 2, 0, 3;
    %cmp/u;
    %jmp/1 T_16.5, 6;
    %dup/vec4;
    %pushi/vec4 3, 0, 3;
    %cmp/u;
    %jmp/1 T_16.6, 6;
    %jmp T_16.7;
T_16.4 ;
    %load/vec4 v0x39878d70_0;
    %assign/vec4 v0x39877f90_0, 0;
    %jmp T_16.7;
T_16.5 ;
    %load/vec4 v0x39878d70_0;
    %assign/vec4 v0x39877d60_0, 0;
    %jmp T_16.7;
T_16.6 ;
    %load/vec4 v0x39878d70_0;
    %assign/vec4 v0x39878070_0, 0;
    %jmp T_16.7;
T_16.7 ;
    %pop/vec4 1;
T_16.2 ;
    %load/vec4 v0x39879420_0;
    %cmpi/e 4, 0, 3;
    %flag_get/vec4 4;
    %jmp/0 T_16.10, 4;
    %load/vec4 v0x39877f90_0;
    %pushi/vec4 63, 0, 8;
    %cmp/e;
    %flag_get/vec4 4;
    %and;
T_16.10;
    %flag_set/vec4 8;
    %jmp/0xz  T_16.8, 8;
    %pushi/vec4 1, 0, 1;
    %assign/vec4 v0x39878cd0_0, 0;
    %jmp T_16.9;
T_16.8 ;
    %load/vec4 v0x39879420_0;
    %cmpi/e 4, 0, 3;
    %flag_get/vec4 4;
    %jmp/0 T_16.13, 4;
    %load/vec4 v0x39877f90_0;
    %pushi/vec4 199, 0, 8;
    %cmp/e;
    %flag_get/vec4 4;
    %and;
T_16.13;
    %flag_set/vec4 8;
    %jmp/0xz  T_16.11, 8;
    %pushi/vec4 0, 0, 1;
    %assign/vec4 v0x39878cd0_0, 0;
T_16.11 ;
T_16.9 ;
    %load/vec4 v0x39879420_0;
    %cmpi/e 4, 0, 3;
    %flag_get/vec4 4;
    %jmp/0 T_16.16, 4;
    %load/vec4 v0x39877f90_0;
    %pushi/vec4 109, 0, 8;
    %cmp/e;
    %flag_get/vec4 4;
    %and;
T_16.16;
    %flag_set/vec4 8;
    %jmp/0xz  T_16.14, 8;
    %pushi/vec4 1, 0, 1;
    %assign/vec4 v0x39878f00_0, 0;
    %jmp T_16.15;
T_16.14 ;
    %pushi/vec4 0, 0, 1;
    %assign/vec4 v0x39878f00_0, 0;
T_16.15 ;
T_16.1 ;
    %jmp T_16;
    .thread T_16;
    .scope S_0x3982e540;
T_17 ;
    %pushi/vec4 0, 0, 1;
    %store/vec4 v0x39879da0_0, 0, 1;
    %end;
    .thread T_17;
    .scope S_0x3982e540;
T_18 ;
    %delay 5, 0;
    %load/vec4 v0x39879da0_0;
    %inv;
    %store/vec4 v0x39879da0_0, 0, 1;
    %jmp T_18;
    .thread T_18;
    .scope S_0x3982e540;
T_19 ;
    %pushi/vec4 1, 0, 1;
    %store/vec4 v0x3987a0a0_0, 0, 1;
    %pushi/vec4 1, 0, 1;
    %store/vec4 v0x3987a140_0, 0, 1;
    %pushi/vec4 16, 0, 10;
    %store/vec4 v0x39879f70_0, 0, 10;
    %delay 100, 0;
    %pushi/vec4 0, 0, 1;
    %store/vec4 v0x3987a0a0_0, 0, 1;
    %end;
    .thread T_19;
    .scope S_0x3982e540;
T_20 ;
    %vpi_call/w 3 55 "$dumpfile", "dump.vcd" {0 0 0};
    %vpi_call/w 3 56 "$dumpvars" {0 0 0};
    %wait E_0x397b3a10;
    %delay 20, 0;
    %vpi_call/w 3 62 "$display", "---- TEST: CMD_PING ----" {0 0 0};
    %pushi/vec4 240, 0, 8;
    %store/vec4 v0x39879c00_0, 0, 8;
    %fork TD_tb_simproc_system_single.uart_send_byte, S_0x39879a70;
    %join;
    %pushi/vec4 0, 0, 8;
    %store/vec4 v0x39879c00_0, 0, 8;
    %fork TD_tb_simproc_system_single.uart_send_byte, S_0x39879a70;
    %join;
    %pushi/vec4 0, 0, 8;
    %store/vec4 v0x39879c00_0, 0, 8;
    %fork TD_tb_simproc_system_single.uart_send_byte, S_0x39879a70;
    %join;
    %load/vec4 v0x39879f70_0;
    %pad/u 32;
    %muli 10, 0, 32;
    %muli 16, 0, 32;
    %pad/u 64;
    %muli 1, 0, 64;
    %ix/vec4 4;
    %delayx 4;
    %pushi/vec4 92, 0, 8;
    %store/vec4 v0x39879c00_0, 0, 8;
    %fork TD_tb_simproc_system_single.uart_send_byte, S_0x39879a70;
    %join;
    %pushi/vec4 0, 0, 8;
    %store/vec4 v0x39879c00_0, 0, 8;
    %fork TD_tb_simproc_system_single.uart_send_byte, S_0x39879a70;
    %join;
    %pushi/vec4 5, 0, 8;
    %store/vec4 v0x39879c00_0, 0, 8;
    %fork TD_tb_simproc_system_single.uart_send_byte, S_0x39879a70;
    %join;
    %load/vec4 v0x39879f70_0;
    %pad/u 32;
    %muli 10, 0, 32;
    %muli 16, 0, 32;
    %pad/u 64;
    %muli 1, 0, 64;
    %ix/vec4 4;
    %delayx 4;
    %pushi/vec4 163, 0, 8;
    %store/vec4 v0x39879c00_0, 0, 8;
    %fork TD_tb_simproc_system_single.uart_send_byte, S_0x39879a70;
    %join;
    %pushi/vec4 16, 0, 8;
    %store/vec4 v0x39879c00_0, 0, 8;
    %fork TD_tb_simproc_system_single.uart_send_byte, S_0x39879a70;
    %join;
    %pushi/vec4 0, 0, 8;
    %store/vec4 v0x39879c00_0, 0, 8;
    %fork TD_tb_simproc_system_single.uart_send_byte, S_0x39879a70;
    %join;
    %load/vec4 v0x39879f70_0;
    %pad/u 32;
    %muli 10, 0, 32;
    %muli 16, 0, 32;
    %pad/u 64;
    %muli 1, 0, 64;
    %ix/vec4 4;
    %delayx 4;
    %pushi/vec4 63, 0, 8;
    %store/vec4 v0x39879c00_0, 0, 8;
    %fork TD_tb_simproc_system_single.uart_send_byte, S_0x39879a70;
    %join;
    %pushi/vec4 16, 0, 8;
    %store/vec4 v0x39879c00_0, 0, 8;
    %fork TD_tb_simproc_system_single.uart_send_byte, S_0x39879a70;
    %join;
    %pushi/vec4 0, 0, 8;
    %store/vec4 v0x39879c00_0, 0, 8;
    %fork TD_tb_simproc_system_single.uart_send_byte, S_0x39879a70;
    %join;
    %load/vec4 v0x39879f70_0;
    %pad/u 32;
    %muli 10, 0, 32;
    %muli 16, 0, 32;
    %pad/u 64;
    %muli 1, 0, 64;
    %ix/vec4 4;
    %delayx 4;
    %pushi/vec4 1, 0, 1;
    %store/vec4 v0x3987a0a0_0, 0, 1;
    %delay 20, 0;
    %pushi/vec4 0, 0, 1;
    %store/vec4 v0x3987a0a0_0, 0, 1;
    %delay 20, 0;
    %pushi/vec4 199, 0, 8;
    %store/vec4 v0x39879c00_0, 0, 8;
    %fork TD_tb_simproc_system_single.uart_send_byte, S_0x39879a70;
    %join;
    %pushi/vec4 16, 0, 8;
    %store/vec4 v0x39879c00_0, 0, 8;
    %fork TD_tb_simproc_system_single.uart_send_byte, S_0x39879a70;
    %join;
    %pushi/vec4 0, 0, 8;
    %store/vec4 v0x39879c00_0, 0, 8;
    %fork TD_tb_simproc_system_single.uart_send_byte, S_0x39879a70;
    %join;
    %load/vec4 v0x39879f70_0;
    %pad/u 32;
    %muli 10, 0, 32;
    %muli 16, 0, 32;
    %pad/u 64;
    %muli 1, 0, 64;
    %ix/vec4 4;
    %delayx 4;
    %pushi/vec4 109, 0, 8;
    %store/vec4 v0x39879c00_0, 0, 8;
    %fork TD_tb_simproc_system_single.uart_send_byte, S_0x39879a70;
    %join;
    %pushi/vec4 16, 0, 8;
    %store/vec4 v0x39879c00_0, 0, 8;
    %fork TD_tb_simproc_system_single.uart_send_byte, S_0x39879a70;
    %join;
    %pushi/vec4 0, 0, 8;
    %store/vec4 v0x39879c00_0, 0, 8;
    %fork TD_tb_simproc_system_single.uart_send_byte, S_0x39879a70;
    %join;
    %load/vec4 v0x39879f70_0;
    %pad/u 32;
    %muli 10, 0, 32;
    %muli 16, 0, 32;
    %pad/u 64;
    %muli 1, 0, 64;
    %ix/vec4 4;
    %delayx 4;
    %pushi/vec4 1, 0, 1;
    %store/vec4 v0x3987a0a0_0, 0, 1;
    %delay 20, 0;
    %pushi/vec4 0, 0, 1;
    %store/vec4 v0x3987a0a0_0, 0, 1;
    %delay 20, 0;
    %pushi/vec4 153, 0, 8;
    %store/vec4 v0x39879c00_0, 0, 8;
    %fork TD_tb_simproc_system_single.uart_send_byte, S_0x39879a70;
    %join;
    %pushi/vec4 121, 0, 8;
    %store/vec4 v0x39879c00_0, 0, 8;
    %fork TD_tb_simproc_system_single.uart_send_byte, S_0x39879a70;
    %join;
    %pushi/vec4 0, 0, 8;
    %store/vec4 v0x39879c00_0, 0, 8;
    %fork TD_tb_simproc_system_single.uart_send_byte, S_0x39879a70;
    %join;
    %load/vec4 v0x39879f70_0;
    %pad/u 32;
    %muli 10, 0, 32;
    %muli 16, 0, 32;
    %pad/u 64;
    %muli 1, 0, 64;
    %ix/vec4 4;
    %delayx 4;
    %pushi/vec4 178, 0, 8;
    %store/vec4 v0x39879c00_0, 0, 8;
    %fork TD_tb_simproc_system_single.uart_send_byte, S_0x39879a70;
    %join;
    %pushi/vec4 121, 0, 8;
    %store/vec4 v0x39879c00_0, 0, 8;
    %fork TD_tb_simproc_system_single.uart_send_byte, S_0x39879a70;
    %join;
    %pushi/vec4 0, 0, 8;
    %store/vec4 v0x39879c00_0, 0, 8;
    %fork TD_tb_simproc_system_single.uart_send_byte, S_0x39879a70;
    %join;
    %load/vec4 v0x39879f70_0;
    %pad/u 32;
    %muli 10, 0, 32;
    %muli 16, 0, 32;
    %pad/u 64;
    %muli 1, 0, 64;
    %ix/vec4 4;
    %delayx 4;
    %load/vec4 v0x39879f70_0;
    %pad/u 32;
    %muli 10, 0, 32;
    %muli 16, 0, 32;
    %pad/u 64;
    %muli 1, 0, 64;
    %ix/vec4 4;
    %delayx 4;
    %vpi_call/w 3 126 "$display", "UART TX: %0h", v0x39879130_0 {0 0 0};
    %vpi_call/w 3 127 "$display", "tx_en: %b, tx_done: %b", v0x39879330_0, v0x39879240_0 {0 0 0};
    %vpi_call/w 3 128 "$display", "run: %b, step_pulse: %b", v0x39878c30_0, v0x39878f00_0 {0 0 0};
    %vpi_call/w 3 129 "$display", "pc_val: %0h", v0x398789e0_0 {0 0 0};
    %vpi_call/w 3 131 "$finish" {0 0 0};
    %end;
    .thread T_20;
# The file index is used to find the file name in the following table.
:file_names 5;
    "N/A";
    "<interactive>";
    "-";
    "testbench.sv";
    "design.sv";
