
===========================================================================
report_checks -unconstrained
===========================================================================
======================= Fastest Corner ===================================

Startpoint: clk_per_bit[3] (input port clocked by clk)
Endpoint: _4539_ (rising edge-triggered flip-flop clocked by clk)
Path Group: clk
Path Type: max
Corner: Fastest

Fanout     Cap    Slew   Delay    Time   Description
-----------------------------------------------------------------------------
                          0.00    0.00   clock clk (rise edge)
                          0.00    0.00   clock network delay (propagated)
                          2.00    2.00 v input external delay
                  0.00    0.00    2.00 v clk_per_bit[3] (in)
     1    0.00                           clk_per_bit[3] (net)
                  0.00    0.00    2.00 v input4/A (sky130_fd_sc_hd__clkbuf_2)
                  0.17    0.19    2.19 v input4/X (sky130_fd_sc_hd__clkbuf_2)
     2    0.07                           net4 (net)
                  0.17    0.00    2.19 v _2155_/B (sky130_fd_sc_hd__or4_4)
                  0.07    0.39    2.59 v _2155_/X (sky130_fd_sc_hd__or4_4)
     4    0.02                           _1954_ (net)
                  0.07    0.00    2.59 v _2156_/C (sky130_fd_sc_hd__or3_1)
                  0.07    0.23    2.81 v _2156_/X (sky130_fd_sc_hd__or3_1)
     3    0.01                           _1955_ (net)
                  0.07    0.00    2.81 v _2157_/B (sky130_fd_sc_hd__or2_4)
                  0.05    0.18    2.99 v _2157_/X (sky130_fd_sc_hd__or2_4)
     4    0.02                           _1956_ (net)
                  0.05    0.00    2.99 v _2178_/A (sky130_fd_sc_hd__and2_1)
                  0.07    0.14    3.13 v _2178_/X (sky130_fd_sc_hd__and2_1)
     5    0.02                           _1977_ (net)
                  0.07    0.00    3.13 v _2200_/B1 (sky130_fd_sc_hd__a221o_1)
                  0.04    0.17    3.30 v _2200_/X (sky130_fd_sc_hd__a221o_1)
     1    0.01                           _1997_ (net)
                  0.04    0.00    3.30 v _2201_/C1 (sky130_fd_sc_hd__o221a_1)
                  0.04    0.08    3.38 v _2201_/X (sky130_fd_sc_hd__o221a_1)
     1    0.00                           _1998_ (net)
                  0.04    0.00    3.38 v _2203_/B1 (sky130_fd_sc_hd__o22a_1)
                  0.03    0.11    3.49 v _2203_/X (sky130_fd_sc_hd__o22a_1)
     1    0.00                           _2000_ (net)
                  0.03    0.00    3.49 v _2204_/C1 (sky130_fd_sc_hd__a221o_1)
                  0.04    0.10    3.59 v _2204_/X (sky130_fd_sc_hd__a221o_1)
     1    0.00                           _2001_ (net)
                  0.04    0.00    3.59 v _2205_/C1 (sky130_fd_sc_hd__o211a_2)
                  0.06    0.11    3.70 v _2205_/X (sky130_fd_sc_hd__o211a_2)
     6    0.02                           _2002_ (net)
                  0.06    0.00    3.70 v _3938_/C (sky130_fd_sc_hd__and3_1)
                  0.03    0.14    3.84 v _3938_/X (sky130_fd_sc_hd__and3_1)
     1    0.01                           _1709_ (net)
                  0.03    0.00    3.84 v _3939_/A (sky130_fd_sc_hd__buf_2)
                  0.07    0.13    3.96 v _3939_/X (sky130_fd_sc_hd__buf_2)
     8    0.04                           _1710_ (net)
                  0.07    0.00    3.97 v _3948_/S (sky130_fd_sc_hd__mux2_1)
                  0.04    0.20    4.17 v _3948_/X (sky130_fd_sc_hd__mux2_1)
     1    0.00                           _1715_ (net)
                  0.04    0.00    4.17 v hold82/A (sky130_fd_sc_hd__dlygate4sd3_1)
                  0.04    0.39    4.56 v hold82/X (sky130_fd_sc_hd__dlygate4sd3_1)
     1    0.00                           net135 (net)
                  0.04    0.00    4.56 v _3949_/A (sky130_fd_sc_hd__clkbuf_1)
                  0.02    0.06    4.62 v _3949_/X (sky130_fd_sc_hd__clkbuf_1)
     1    0.00                           _0316_ (net)
                  0.02    0.00    4.62 v _4539_/D (sky130_fd_sc_hd__dfxtp_1)
                                  4.62   data arrival time

                         10.00   10.00   clock clk (rise edge)
                          0.00   10.00   clock source latency
                  0.10    0.07   10.07 ^ clk (in)
     1    0.03                           clk (net)
                  0.10    0.00   10.07 ^ clkbuf_0_clk/A (sky130_fd_sc_hd__clkbuf_16)
                  0.05    0.11   10.18 ^ clkbuf_0_clk/X (sky130_fd_sc_hd__clkbuf_16)
     2    0.04                           clknet_0_clk (net)
                  0.05    0.00   10.18 ^ clkbuf_1_0__f_clk/A (sky130_fd_sc_hd__clkbuf_16)
                  0.16    0.17   10.35 ^ clkbuf_1_0__f_clk/X (sky130_fd_sc_hd__clkbuf_16)
    14    0.19                           clknet_1_0__leaf_clk (net)
                  0.16    0.00   10.36 ^ clkbuf_leaf_26_clk/A (sky130_fd_sc_hd__clkbuf_16)
                  0.04    0.12   10.47 ^ clkbuf_leaf_26_clk/X (sky130_fd_sc_hd__clkbuf_16)
     9    0.03                           clknet_leaf_26_clk (net)
                  0.04    0.00   10.47 ^ _4539_/CLK (sky130_fd_sc_hd__dfxtp_1)
                         -0.25   10.22   clock uncertainty
                          0.00   10.22   clock reconvergence pessimism
                         -0.06   10.16   library setup time
                                 10.16   data required time
-----------------------------------------------------------------------------
                                 10.16   data required time
                                 -4.62   data arrival time
-----------------------------------------------------------------------------
                                  5.54   slack (MET)



======================= Slowest Corner ===================================

Startpoint: clk_per_bit[3] (input port clocked by clk)
Endpoint: _4539_ (rising edge-triggered flip-flop clocked by clk)
Path Group: clk
Path Type: max
Corner: Slowest

Fanout     Cap    Slew   Delay    Time   Description
-----------------------------------------------------------------------------
                          0.00    0.00   clock clk (rise edge)
                          0.00    0.00   clock network delay (propagated)
                          2.00    2.00 v input external delay
                  0.02    0.01    2.01 v clk_per_bit[3] (in)
     1    0.00                           clk_per_bit[3] (net)
                  0.02    0.00    2.01 v input4/A (sky130_fd_sc_hd__clkbuf_2)
                  0.46    0.50    2.51 v input4/X (sky130_fd_sc_hd__clkbuf_2)
     2    0.07                           net4 (net)
                  0.46    0.00    2.51 v _2155_/B (sky130_fd_sc_hd__or4_4)
                  0.20    1.30    3.81 v _2155_/X (sky130_fd_sc_hd__or4_4)
     4    0.02                           _1954_ (net)
                  0.20    0.00    3.81 v _2156_/C (sky130_fd_sc_hd__or3_1)
                  0.20    0.90    4.71 v _2156_/X (sky130_fd_sc_hd__or3_1)
     3    0.01                           _1955_ (net)
                  0.20    0.00    4.71 v _2174_/A (sky130_fd_sc_hd__and2_1)
                  0.18    0.47    5.17 v _2174_/X (sky130_fd_sc_hd__and2_1)
     5    0.02                           _1973_ (net)
                  0.18    0.00    5.17 v _2198_/B (sky130_fd_sc_hd__or2_1)
                  0.10    0.53    5.71 v _2198_/X (sky130_fd_sc_hd__or2_1)
     1    0.00                           _1995_ (net)
                  0.10    0.00    5.71 v _2199_/C1 (sky130_fd_sc_hd__o221a_1)
                  0.10    0.25    5.95 v _2199_/X (sky130_fd_sc_hd__o221a_1)
     1    0.00                           _1996_ (net)
                  0.10    0.00    5.95 v _2200_/C1 (sky130_fd_sc_hd__a221o_1)
                  0.12    0.56    6.51 v _2200_/X (sky130_fd_sc_hd__a221o_1)
     1    0.01                           _1997_ (net)
                  0.12    0.00    6.51 v _2201_/C1 (sky130_fd_sc_hd__o221a_1)
                  0.11    0.26    6.77 v _2201_/X (sky130_fd_sc_hd__o221a_1)
     1    0.00                           _1998_ (net)
                  0.11    0.00    6.77 v _2203_/B1 (sky130_fd_sc_hd__o22a_1)
                  0.08    0.37    7.14 v _2203_/X (sky130_fd_sc_hd__o22a_1)
     1    0.00                           _2000_ (net)
                  0.08    0.00    7.14 v _2204_/C1 (sky130_fd_sc_hd__a221o_1)
                  0.10    0.53    7.66 v _2204_/X (sky130_fd_sc_hd__a221o_1)
     1    0.00                           _2001_ (net)
                  0.10    0.00    7.66 v _2205_/C1 (sky130_fd_sc_hd__o211a_2)
                  0.16    0.33    7.99 v _2205_/X (sky130_fd_sc_hd__o211a_2)
     6    0.02                           _2002_ (net)
                  0.16    0.00    7.99 v _3938_/C (sky130_fd_sc_hd__and3_1)
                  0.09    0.44    8.44 v _3938_/X (sky130_fd_sc_hd__and3_1)
     1    0.01                           _1709_ (net)
                  0.09    0.00    8.44 v _3939_/A (sky130_fd_sc_hd__buf_2)
                  0.16    0.37    8.81 v _3939_/X (sky130_fd_sc_hd__buf_2)
     8    0.03                           _1710_ (net)
                  0.16    0.00    8.81 v _3948_/S (sky130_fd_sc_hd__mux2_1)
                  0.11    0.76    9.57 v _3948_/X (sky130_fd_sc_hd__mux2_1)
     1    0.00                           _1715_ (net)
                  0.11    0.00    9.57 v hold82/A (sky130_fd_sc_hd__dlygate4sd3_1)
                  0.13    1.23   10.80 v hold82/X (sky130_fd_sc_hd__dlygate4sd3_1)
     1    0.00                           net135 (net)
                  0.13    0.00   10.80 v _3949_/A (sky130_fd_sc_hd__clkbuf_1)
                  0.05    0.19   10.99 v _3949_/X (sky130_fd_sc_hd__clkbuf_1)
     1    0.00                           _0316_ (net)
                  0.05    0.00   10.99 v _4539_/D (sky130_fd_sc_hd__dfxtp_1)
                                 10.99   data arrival time

                         10.00   10.00   clock clk (rise edge)
                          0.00   10.00   clock source latency
                  0.21    0.14   10.14 ^ clk (in)
     1    0.03                           clk (net)
                  0.21    0.00   10.14 ^ clkbuf_0_clk/A (sky130_fd_sc_hd__clkbuf_16)
                  0.10    0.30   10.44 ^ clkbuf_0_clk/X (sky130_fd_sc_hd__clkbuf_16)
     2    0.04                           clknet_0_clk (net)
                  0.10    0.00   10.44 ^ clkbuf_1_0__f_clk/A (sky130_fd_sc_hd__clkbuf_16)
                  0.30    0.40   10.84 ^ clkbuf_1_0__f_clk/X (sky130_fd_sc_hd__clkbuf_16)
    14    0.19                           clknet_1_0__leaf_clk (net)
                  0.30    0.00   10.85 ^ clkbuf_leaf_26_clk/A (sky130_fd_sc_hd__clkbuf_16)
                  0.08    0.32   11.17 ^ clkbuf_leaf_26_clk/X (sky130_fd_sc_hd__clkbuf_16)
     9    0.03                           clknet_leaf_26_clk (net)
                  0.08    0.00   11.17 ^ _4539_/CLK (sky130_fd_sc_hd__dfxtp_1)
                         -0.25   10.92   clock uncertainty
                          0.00   10.92   clock reconvergence pessimism
                         -0.26   10.66   library setup time
                                 10.66   data required time
-----------------------------------------------------------------------------
                                 10.66   data required time
                                -10.99   data arrival time
-----------------------------------------------------------------------------
                                 -0.33   slack (VIOLATED)



======================= Typical Corner ===================================

Startpoint: clk_per_bit[3] (input port clocked by clk)
Endpoint: _4539_ (rising edge-triggered flip-flop clocked by clk)
Path Group: clk
Path Type: max
Corner: Typical

Fanout     Cap    Slew   Delay    Time   Description
-----------------------------------------------------------------------------
                          0.00    0.00   clock clk (rise edge)
                          0.00    0.00   clock network delay (propagated)
                          2.00    2.00 v input external delay
                  0.01    0.00    2.00 v clk_per_bit[3] (in)
     1    0.00                           clk_per_bit[3] (net)
                  0.01    0.00    2.00 v input4/A (sky130_fd_sc_hd__clkbuf_2)
                  0.25    0.28    2.28 v input4/X (sky130_fd_sc_hd__clkbuf_2)
     2    0.07                           net4 (net)
                  0.25    0.00    2.28 v _2155_/B (sky130_fd_sc_hd__or4_4)
                  0.11    0.65    2.94 v _2155_/X (sky130_fd_sc_hd__or4_4)
     4    0.02                           _1954_ (net)
                  0.11    0.00    2.94 v _2156_/C (sky130_fd_sc_hd__or3_1)
                  0.10    0.39    3.33 v _2156_/X (sky130_fd_sc_hd__or3_1)
     3    0.01                           _1955_ (net)
                  0.10    0.00    3.33 v _2174_/A (sky130_fd_sc_hd__and2_1)
                  0.09    0.22    3.55 v _2174_/X (sky130_fd_sc_hd__and2_1)
     5    0.02                           _1973_ (net)
                  0.09    0.00    3.55 v _2198_/B (sky130_fd_sc_hd__or2_1)
                  0.05    0.23    3.79 v _2198_/X (sky130_fd_sc_hd__or2_1)
     1    0.00                           _1995_ (net)
                  0.05    0.00    3.79 v _2199_/C1 (sky130_fd_sc_hd__o221a_1)
                  0.05    0.12    3.91 v _2199_/X (sky130_fd_sc_hd__o221a_1)
     1    0.00                           _1996_ (net)
                  0.05    0.00    3.91 v _2200_/C1 (sky130_fd_sc_hd__a221o_1)
                  0.06    0.29    4.20 v _2200_/X (sky130_fd_sc_hd__a221o_1)
     1    0.01                           _1997_ (net)
                  0.06    0.00    4.20 v _2201_/C1 (sky130_fd_sc_hd__o221a_1)
                  0.05    0.13    4.33 v _2201_/X (sky130_fd_sc_hd__o221a_1)
     1    0.00                           _1998_ (net)
                  0.05    0.00    4.33 v _2203_/B1 (sky130_fd_sc_hd__o22a_1)
                  0.04    0.18    4.51 v _2203_/X (sky130_fd_sc_hd__o22a_1)
     1    0.00                           _2000_ (net)
                  0.04    0.00    4.51 v _2204_/C1 (sky130_fd_sc_hd__a221o_1)
                  0.06    0.27    4.78 v _2204_/X (sky130_fd_sc_hd__a221o_1)
     1    0.00                           _2001_ (net)
                  0.06    0.00    4.78 v _2205_/C1 (sky130_fd_sc_hd__o211a_2)
                  0.09    0.17    4.95 v _2205_/X (sky130_fd_sc_hd__o211a_2)
     6    0.02                           _2002_ (net)
                  0.09    0.00    4.95 v _3938_/C (sky130_fd_sc_hd__and3_1)
                  0.05    0.21    5.17 v _3938_/X (sky130_fd_sc_hd__and3_1)
     1    0.01                           _1709_ (net)
                  0.05    0.00    5.17 v _3939_/A (sky130_fd_sc_hd__buf_2)
                  0.09    0.19    5.36 v _3939_/X (sky130_fd_sc_hd__buf_2)
     8    0.03                           _1710_ (net)
                  0.09    0.00    5.36 v _3948_/S (sky130_fd_sc_hd__mux2_1)
                  0.06    0.34    5.70 v _3948_/X (sky130_fd_sc_hd__mux2_1)
     1    0.00                           _1715_ (net)
                  0.06    0.00    5.70 v hold82/A (sky130_fd_sc_hd__dlygate4sd3_1)
                  0.06    0.59    6.29 v hold82/X (sky130_fd_sc_hd__dlygate4sd3_1)
     1    0.00                           net135 (net)
                  0.06    0.00    6.29 v _3949_/A (sky130_fd_sc_hd__clkbuf_1)
                  0.03    0.10    6.39 v _3949_/X (sky130_fd_sc_hd__clkbuf_1)
     1    0.00                           _0316_ (net)
                  0.03    0.00    6.39 v _4539_/D (sky130_fd_sc_hd__dfxtp_1)
                                  6.39   data arrival time

                         10.00   10.00   clock clk (rise edge)
                          0.00   10.00   clock source latency
                  0.13    0.09   10.09 ^ clk (in)
     1    0.03                           clk (net)
                  0.13    0.00   10.09 ^ clkbuf_0_clk/A (sky130_fd_sc_hd__clkbuf_16)
                  0.06    0.17   10.26 ^ clkbuf_0_clk/X (sky130_fd_sc_hd__clkbuf_16)
     2    0.04                           clknet_0_clk (net)
                  0.06    0.00   10.26 ^ clkbuf_1_0__f_clk/A (sky130_fd_sc_hd__clkbuf_16)
                  0.20    0.24   10.50 ^ clkbuf_1_0__f_clk/X (sky130_fd_sc_hd__clkbuf_16)
    14    0.19                           clknet_1_0__leaf_clk (net)
                  0.20    0.00   10.50 ^ clkbuf_leaf_26_clk/A (sky130_fd_sc_hd__clkbuf_16)
                  0.05    0.18   10.68 ^ clkbuf_leaf_26_clk/X (sky130_fd_sc_hd__clkbuf_16)
     9    0.03                           clknet_leaf_26_clk (net)
                  0.05    0.00   10.68 ^ _4539_/CLK (sky130_fd_sc_hd__dfxtp_1)
                         -0.25   10.43   clock uncertainty
                          0.00   10.43   clock reconvergence pessimism
                         -0.10   10.33   library setup time
                                 10.33   data required time
-----------------------------------------------------------------------------
                                 10.33   data required time
                                 -6.39   data arrival time
-----------------------------------------------------------------------------
                                  3.94   slack (MET)




===========================================================================
report_checks --slack_max -0.01
============================================================================
======================= Fastest Corner ===================================

No paths found.

======================= Slowest Corner ===================================

Startpoint: clk_per_bit[3] (input port clocked by clk)
Endpoint: _4539_ (rising edge-triggered flip-flop clocked by clk)
Path Group: clk
Path Type: max
Corner: Slowest

Fanout     Cap    Slew   Delay    Time   Description
-----------------------------------------------------------------------------
                          0.00    0.00   clock clk (rise edge)
                          0.00    0.00   clock network delay (propagated)
                          2.00    2.00 v input external delay
                  0.02    0.01    2.01 v clk_per_bit[3] (in)
     1    0.00                           clk_per_bit[3] (net)
                  0.02    0.00    2.01 v input4/A (sky130_fd_sc_hd__clkbuf_2)
                  0.46    0.50    2.51 v input4/X (sky130_fd_sc_hd__clkbuf_2)
     2    0.07                           net4 (net)
                  0.46    0.00    2.51 v _2155_/B (sky130_fd_sc_hd__or4_4)
                  0.20    1.30    3.81 v _2155_/X (sky130_fd_sc_hd__or4_4)
     4    0.02                           _1954_ (net)
                  0.20    0.00    3.81 v _2156_/C (sky130_fd_sc_hd__or3_1)
                  0.20    0.90    4.71 v _2156_/X (sky130_fd_sc_hd__or3_1)
     3    0.01                           _1955_ (net)
                  0.20    0.00    4.71 v _2174_/A (sky130_fd_sc_hd__and2_1)
                  0.18    0.47    5.17 v _2174_/X (sky130_fd_sc_hd__and2_1)
     5    0.02                           _1973_ (net)
                  0.18    0.00    5.17 v _2198_/B (sky130_fd_sc_hd__or2_1)
                  0.10    0.53    5.71 v _2198_/X (sky130_fd_sc_hd__or2_1)
     1    0.00                           _1995_ (net)
                  0.10    0.00    5.71 v _2199_/C1 (sky130_fd_sc_hd__o221a_1)
                  0.10    0.25    5.95 v _2199_/X (sky130_fd_sc_hd__o221a_1)
     1    0.00                           _1996_ (net)
                  0.10    0.00    5.95 v _2200_/C1 (sky130_fd_sc_hd__a221o_1)
                  0.12    0.56    6.51 v _2200_/X (sky130_fd_sc_hd__a221o_1)
     1    0.01                           _1997_ (net)
                  0.12    0.00    6.51 v _2201_/C1 (sky130_fd_sc_hd__o221a_1)
                  0.11    0.26    6.77 v _2201_/X (sky130_fd_sc_hd__o221a_1)
     1    0.00                           _1998_ (net)
                  0.11    0.00    6.77 v _2203_/B1 (sky130_fd_sc_hd__o22a_1)
                  0.08    0.37    7.14 v _2203_/X (sky130_fd_sc_hd__o22a_1)
     1    0.00                           _2000_ (net)
                  0.08    0.00    7.14 v _2204_/C1 (sky130_fd_sc_hd__a221o_1)
                  0.10    0.53    7.66 v _2204_/X (sky130_fd_sc_hd__a221o_1)
     1    0.00                           _2001_ (net)
                  0.10    0.00    7.66 v _2205_/C1 (sky130_fd_sc_hd__o211a_2)
                  0.16    0.33    7.99 v _2205_/X (sky130_fd_sc_hd__o211a_2)
     6    0.02                           _2002_ (net)
                  0.16    0.00    7.99 v _3938_/C (sky130_fd_sc_hd__and3_1)
                  0.09    0.44    8.44 v _3938_/X (sky130_fd_sc_hd__and3_1)
     1    0.01                           _1709_ (net)
                  0.09    0.00    8.44 v _3939_/A (sky130_fd_sc_hd__buf_2)
                  0.16    0.37    8.81 v _3939_/X (sky130_fd_sc_hd__buf_2)
     8    0.03                           _1710_ (net)
                  0.16    0.00    8.81 v _3948_/S (sky130_fd_sc_hd__mux2_1)
                  0.11    0.76    9.57 v _3948_/X (sky130_fd_sc_hd__mux2_1)
     1    0.00                           _1715_ (net)
                  0.11    0.00    9.57 v hold82/A (sky130_fd_sc_hd__dlygate4sd3_1)
                  0.13    1.23   10.80 v hold82/X (sky130_fd_sc_hd__dlygate4sd3_1)
     1    0.00                           net135 (net)
                  0.13    0.00   10.80 v _3949_/A (sky130_fd_sc_hd__clkbuf_1)
                  0.05    0.19   10.99 v _3949_/X (sky130_fd_sc_hd__clkbuf_1)
     1    0.00                           _0316_ (net)
                  0.05    0.00   10.99 v _4539_/D (sky130_fd_sc_hd__dfxtp_1)
                                 10.99   data arrival time

                         10.00   10.00   clock clk (rise edge)
                          0.00   10.00   clock source latency
                  0.21    0.14   10.14 ^ clk (in)
     1    0.03                           clk (net)
                  0.21    0.00   10.14 ^ clkbuf_0_clk/A (sky130_fd_sc_hd__clkbuf_16)
                  0.10    0.30   10.44 ^ clkbuf_0_clk/X (sky130_fd_sc_hd__clkbuf_16)
     2    0.04                           clknet_0_clk (net)
                  0.10    0.00   10.44 ^ clkbuf_1_0__f_clk/A (sky130_fd_sc_hd__clkbuf_16)
                  0.30    0.40   10.84 ^ clkbuf_1_0__f_clk/X (sky130_fd_sc_hd__clkbuf_16)
    14    0.19                           clknet_1_0__leaf_clk (net)
                  0.30    0.00   10.85 ^ clkbuf_leaf_26_clk/A (sky130_fd_sc_hd__clkbuf_16)
                  0.08    0.32   11.17 ^ clkbuf_leaf_26_clk/X (sky130_fd_sc_hd__clkbuf_16)
     9    0.03                           clknet_leaf_26_clk (net)
                  0.08    0.00   11.17 ^ _4539_/CLK (sky130_fd_sc_hd__dfxtp_1)
                         -0.25   10.92   clock uncertainty
                          0.00   10.92   clock reconvergence pessimism
                         -0.26   10.66   library setup time
                                 10.66   data required time
-----------------------------------------------------------------------------
                                 10.66   data required time
                                -10.99   data arrival time
-----------------------------------------------------------------------------
                                 -0.33   slack (VIOLATED)



======================= Typical Corner ===================================

No paths found.


===========================================================================
 report_check_types -max_slew -max_cap -max_fanout -violators
============================================================================
======================= Fastest Corner ===================================

max fanout

Pin                                   Limit Fanout  Slack
---------------------------------------------------------
clkbuf_leaf_0_clk/X                      10     25    -15 (VIOLATED)
clkbuf_leaf_2_clk/X                      10     25    -15 (VIOLATED)
clkbuf_leaf_6_clk/X                      10     23    -13 (VIOLATED)
clkbuf_leaf_13_clk/X                     10     22    -12 (VIOLATED)
clkbuf_leaf_1_clk/X                      10     21    -11 (VIOLATED)
clkbuf_leaf_7_clk/X                      10     20    -10 (VIOLATED)
clkbuf_leaf_5_clk/X                      10     19     -9 (VIOLATED)
clkbuf_leaf_12_clk/X                     10     17     -7 (VIOLATED)
clkbuf_leaf_19_clk/X                     10     16     -6 (VIOLATED)
clkbuf_leaf_20_clk/X                     10     15     -5 (VIOLATED)
clkbuf_leaf_25_clk/X                     10     15     -5 (VIOLATED)
clkbuf_1_0__f_clk/X                      10     14     -4 (VIOLATED)
clkbuf_leaf_22_clk/X                     10     14     -4 (VIOLATED)
clkbuf_leaf_24_clk/X                     10     14     -4 (VIOLATED)
clkbuf_leaf_3_clk/X                      10     14     -4 (VIOLATED)
clkbuf_leaf_4_clk/X                      10     14     -4 (VIOLATED)
clkbuf_1_1__f_clk/X                      10     13     -3 (VIOLATED)
clkbuf_leaf_16_clk/X                     10     13     -3 (VIOLATED)
clkbuf_leaf_8_clk/X                      10     13     -3 (VIOLATED)
clkbuf_leaf_11_clk/X                     10     12     -2 (VIOLATED)
clkbuf_leaf_23_clk/X                     10     12     -2 (VIOLATED)
_2332_/X                                 10     11        (VIOLATED)
_2439_/X                                 10     11        (VIOLATED)
clkbuf_leaf_21_clk/X                     10     11        (VIOLATED)


======================= Slowest Corner ===================================

max slew

Pin                                    Limit    Slew   Slack
------------------------------------------------------------
_2245_/Y                                0.75    1.01   -0.26 (VIOLATED)
_2246_/B                                0.75    1.01   -0.26 (VIOLATED)
max_cap1/A                              0.75    1.01   -0.26 (VIOLATED)
max_cap53/A                             0.75    1.01   -0.26 (VIOLATED)
_3077_/Y                                0.75    0.82   -0.07 (VIOLATED)
wire48/A                                0.75    0.82   -0.07 (VIOLATED)

max fanout

Pin                                   Limit Fanout  Slack
---------------------------------------------------------
clkbuf_leaf_0_clk/X                      10     25    -15 (VIOLATED)
clkbuf_leaf_2_clk/X                      10     25    -15 (VIOLATED)
clkbuf_leaf_6_clk/X                      10     23    -13 (VIOLATED)
clkbuf_leaf_13_clk/X                     10     22    -12 (VIOLATED)
clkbuf_leaf_1_clk/X                      10     21    -11 (VIOLATED)
clkbuf_leaf_7_clk/X                      10     20    -10 (VIOLATED)
clkbuf_leaf_5_clk/X                      10     19     -9 (VIOLATED)
clkbuf_leaf_12_clk/X                     10     17     -7 (VIOLATED)
clkbuf_leaf_19_clk/X                     10     16     -6 (VIOLATED)
clkbuf_leaf_20_clk/X                     10     15     -5 (VIOLATED)
clkbuf_leaf_25_clk/X                     10     15     -5 (VIOLATED)
clkbuf_1_0__f_clk/X                      10     14     -4 (VIOLATED)
clkbuf_leaf_22_clk/X                     10     14     -4 (VIOLATED)
clkbuf_leaf_24_clk/X                     10     14     -4 (VIOLATED)
clkbuf_leaf_3_clk/X                      10     14     -4 (VIOLATED)
clkbuf_leaf_4_clk/X                      10     14     -4 (VIOLATED)
clkbuf_1_1__f_clk/X                      10     13     -3 (VIOLATED)
clkbuf_leaf_16_clk/X                     10     13     -3 (VIOLATED)
clkbuf_leaf_8_clk/X                      10     13     -3 (VIOLATED)
clkbuf_leaf_11_clk/X                     10     12     -2 (VIOLATED)
clkbuf_leaf_23_clk/X                     10     12     -2 (VIOLATED)
_2332_/X                                 10     11        (VIOLATED)
_2439_/X                                 10     11        (VIOLATED)
clkbuf_leaf_21_clk/X                     10     11        (VIOLATED)


======================= Typical Corner ===================================

max fanout

Pin                                   Limit Fanout  Slack
---------------------------------------------------------
clkbuf_leaf_0_clk/X                      10     25    -15 (VIOLATED)
clkbuf_leaf_2_clk/X                      10     25    -15 (VIOLATED)
clkbuf_leaf_6_clk/X                      10     23    -13 (VIOLATED)
clkbuf_leaf_13_clk/X                     10     22    -12 (VIOLATED)
clkbuf_leaf_1_clk/X                      10     21    -11 (VIOLATED)
clkbuf_leaf_7_clk/X                      10     20    -10 (VIOLATED)
clkbuf_leaf_5_clk/X                      10     19     -9 (VIOLATED)
clkbuf_leaf_12_clk/X                     10     17     -7 (VIOLATED)
clkbuf_leaf_19_clk/X                     10     16     -6 (VIOLATED)
clkbuf_leaf_20_clk/X                     10     15     -5 (VIOLATED)
clkbuf_leaf_25_clk/X                     10     15     -5 (VIOLATED)
clkbuf_1_0__f_clk/X                      10     14     -4 (VIOLATED)
clkbuf_leaf_22_clk/X                     10     14     -4 (VIOLATED)
clkbuf_leaf_24_clk/X                     10     14     -4 (VIOLATED)
clkbuf_leaf_3_clk/X                      10     14     -4 (VIOLATED)
clkbuf_leaf_4_clk/X                      10     14     -4 (VIOLATED)
clkbuf_1_1__f_clk/X                      10     13     -3 (VIOLATED)
clkbuf_leaf_16_clk/X                     10     13     -3 (VIOLATED)
clkbuf_leaf_8_clk/X                      10     13     -3 (VIOLATED)
clkbuf_leaf_11_clk/X                     10     12     -2 (VIOLATED)
clkbuf_leaf_23_clk/X                     10     12     -2 (VIOLATED)
_2332_/X                                 10     11        (VIOLATED)
_2439_/X                                 10     11        (VIOLATED)
clkbuf_leaf_21_clk/X                     10     11        (VIOLATED)



===========================================================================
report_parasitic_annotation -report_unannotated
============================================================================
Found 1 unannotated drivers.
 _4303_/Q
Found 0 partially unannotated drivers.

===========================================================================
max slew violation count 6
max fanout violation count 24
max cap violation count 0
============================================================================

===========================================================================
check_setup -verbose -unconstrained_endpoints -multiple_clock -no_clock -no_input_delay -loops -generated_clocks
===========================================================================
