
===========================================================================
 report_power
============================================================================
======================= Fastest Corner ===================================

Group                  Internal  Switching    Leakage      Total
                          Power      Power      Power      Power (Watts)
----------------------------------------------------------------
Sequential             1.84e-03   5.64e-05   5.82e-09   1.90e-03  53.9%
Combinational          7.86e-04   8.33e-04   2.07e-08   1.62e-03  46.1%
Macro                  0.00e+00   0.00e+00   0.00e+00   0.00e+00   0.0%
Pad                    0.00e+00   0.00e+00   0.00e+00   0.00e+00   0.0%
----------------------------------------------------------------
Total                  2.62e-03   8.90e-04   2.65e-08   3.51e-03 100.0%
                          74.7%      25.3%       0.0%

======================= Slowest Corner ===================================

Group                  Internal  Switching    Leakage      Total
                          Power      Power      Power      Power (Watts)
----------------------------------------------------------------
Sequential             1.23e-03   3.70e-05   5.72e-06   1.27e-03  53.3%
Combinational          5.65e-04   5.36e-04   1.23e-05   1.11e-03  46.7%
Macro                  0.00e+00   0.00e+00   0.00e+00   0.00e+00   0.0%
Pad                    0.00e+00   0.00e+00   0.00e+00   0.00e+00   0.0%
----------------------------------------------------------------
Total                  1.79e-03   5.73e-04   1.80e-05   2.38e-03 100.0%
                          75.2%      24.0%       0.8%

======================= Typical Corner ===================================

Group                  Internal  Switching    Leakage      Total
                          Power      Power      Power      Power (Watts)
----------------------------------------------------------------
Sequential             1.58e-03   4.73e-05   3.27e-09   1.63e-03  54.0%
Combinational          6.92e-04   6.99e-04   1.24e-08   1.39e-03  46.0%
Macro                  0.00e+00   0.00e+00   0.00e+00   0.00e+00   0.0%
Pad                    0.00e+00   0.00e+00   0.00e+00   0.00e+00   0.0%
----------------------------------------------------------------
Total                  2.28e-03   7.47e-04   1.57e-08   3.02e-03 100.0%
                          75.3%      24.7%       0.0%

