OpenROAD 41a51eaf4ca2171c92ff38afb91eb37bbd3f36da 
This program is licensed under the BSD-3 license. See the LICENSE file for details.
Components of this program may be licensed under more restrictive licenses which must be honored.
[INFO ODB-0222] Reading LEF file: /openlane/designs/simproc_system/runs/RUN_2025.11.09_18.29.08/tmp/merged.nom.lef
[WARNING ODB-0220] WARNING (LEFPARS-2036): SOURCE statement is obsolete in version 5.6 and later.
The LEF parser will ignore this statement.
To avoid this warning in the future, remove this statement from the LEF file with version 5.6 or later. See file /openlane/designs/simproc_system/runs/RUN_2025.11.09_18.29.08/tmp/merged.nom.lef at line 68353.

[INFO ODB-0223]     Created 13 technology layers
[INFO ODB-0224]     Created 25 technology vias
[INFO ODB-0225]     Created 441 library cells
[INFO ODB-0226] Finished LEF file:  /openlane/designs/simproc_system/runs/RUN_2025.11.09_18.29.08/tmp/merged.nom.lef
[INFO ODB-0127] Reading DEF file: /openlane/designs/simproc_system/runs/RUN_2025.11.09_18.29.08/results/routing/simproc_system.def
[INFO ODB-0128] Design: simproc_system
[INFO ODB-0130]     Created 50 pins.
[INFO ODB-0131]     Created 80036 components and 358696 component-terminals.
[INFO ODB-0132]     Created 2 special nets and 302210 connections.
[INFO ODB-0133]     Created 15867 nets and 56486 connections.
[INFO ODB-0134] Finished DEF file: /openlane/designs/simproc_system/runs/RUN_2025.11.09_18.29.08/results/routing/simproc_system.def
Top-level design name: simproc_system
Found default power net 'VPWR'
Found default ground net 'VGND'
Found 1 power ports.
Found 1 ground ports.
Modified power connections of 80036/80036 cells.
