OpenROAD 41a51eaf4ca2171c92ff38afb91eb37bbd3f36da 
This program is licensed under the BSD-3 license. See the LICENSE file for details.
Components of this program may be licensed under more restrictive licenses which must be honored.
[INFO]: Reading ODB at '/openlane/designs/simproc_system/runs/RUN_2025.11.09_18.29.08/results/floorplan/simproc_system.odb'…
define_corners Typical
read_liberty -corner Typical /home/zerotoasic/asic_tools/pdk/sky130A/libs.ref/sky130_fd_sc_hd/lib/sky130_fd_sc_hd__tt_025C_1v80.lib
Using 1e-12 for capacitance...
Using 1e+03 for resistance...
Using 1e-09 for time...
Using 1e+00 for voltage...
Using 1e-03 for current...
Using 1e-09 for power...
Using 1e-06 for distance...
Reading design constraints file at '/openlane/designs/simproc_system/runs/RUN_2025.11.09_18.29.08/tmp/floorplan/3-initial_fp.sdc'…
[INFO]: Setting RC values...
[INFO]: Setting signal min routing layer to: met1 and clock min routing layer to met1. 
[INFO]: Setting signal max routing layer to: met5 and clock max routing layer to met5. 
[INFO GPL-0002] DBU: 1000
[INFO GPL-0003] SiteSize: 460 2720
[INFO GPL-0004] CoreAreaLxLy: 5520 10880
[INFO GPL-0005] CoreAreaUxUy: 800860 805120
[INFO GPL-0006] NumInstances: 24692
[INFO GPL-0007] NumPlaceInstances: 15141
[INFO GPL-0008] NumFixedInstances: 9551
[INFO GPL-0009] NumDummyInstances: 0
[INFO GPL-0010] NumNets: 15154
[INFO GPL-0011] NumPins: 53273
[INFO GPL-0012] DieAreaLxLy: 0 0
[INFO GPL-0013] DieAreaUxUy: 806675 817395
[INFO GPL-0014] CoreAreaLxLy: 5520 10880
[INFO GPL-0015] CoreAreaUxUy: 800860 805120
[INFO GPL-0016] CoreArea: 631690841600
[INFO GPL-0017] NonPlaceInstsArea: 13411612800
[INFO GPL-0018] PlaceInstsArea: 234035708800
[INFO GPL-0019] Util(%): 37.85
[INFO GPL-0020] StdInstsArea: 234035708800
[INFO GPL-0021] MacroInstsArea: 0
[InitialPlace]  Iter: 1 CG residual: 0.00012554 HPWL: 157952030
[InitialPlace]  Iter: 2 CG residual: 0.00006868 HPWL: 164613091
[InitialPlace]  Iter: 3 CG residual: 0.00005425 HPWL: 164961493
[InitialPlace]  Iter: 4 CG residual: 0.00002526 HPWL: 165537689
[InitialPlace]  Iter: 5 CG residual: 0.00003283 HPWL: 165231651
[InitialPlace]  Iter: 6 CG residual: 0.00002969 HPWL: 165599773
[InitialPlace]  Iter: 7 CG residual: 0.00000937 HPWL: 165279275
[INFO GPL-0031] FillerInit: NumGCells: 22106
[INFO GPL-0032] FillerInit: NumGNets: 15154
[INFO GPL-0033] FillerInit: NumGPins: 53273
[INFO GPL-0023] TargetDensity: 0.55
[INFO GPL-0024] AveragePlaceInstArea: 15457083
[INFO GPL-0025] IdealBinArea: 28103786
[INFO GPL-0026] IdealBinCnt: 22477
[INFO GPL-0027] TotalBinArea: 631690841600
[INFO GPL-0028] BinCnt: 128 128
[INFO GPL-0029] BinSize: 6214 6205
[INFO GPL-0030] NumBins: 16384
[NesterovSolve] Iter: 1 overflow: 0.99411 HPWL: 53836828
[NesterovSolve] Iter: 10 overflow: 0.978932 HPWL: 71553135
[NesterovSolve] Iter: 20 overflow: 0.977778 HPWL: 71796973
[NesterovSolve] Iter: 30 overflow: 0.976753 HPWL: 72162986
[NesterovSolve] Iter: 40 overflow: 0.97626 HPWL: 72528538
[NesterovSolve] Iter: 50 overflow: 0.97625 HPWL: 72651647
[NesterovSolve] Iter: 60 overflow: 0.976398 HPWL: 72594858
[NesterovSolve] Iter: 70 overflow: 0.97652 HPWL: 72523588
[NesterovSolve] Iter: 80 overflow: 0.976557 HPWL: 72495615
[NesterovSolve] Iter: 90 overflow: 0.97655 HPWL: 72548792
[NesterovSolve] Iter: 100 overflow: 0.976508 HPWL: 72682613
[NesterovSolve] Iter: 110 overflow: 0.976443 HPWL: 72932491
[NesterovSolve] Iter: 120 overflow: 0.976328 HPWL: 73353604
[NesterovSolve] Iter: 130 overflow: 0.976182 HPWL: 74112448
[NesterovSolve] Iter: 140 overflow: 0.976003 HPWL: 75724791
[NesterovSolve] Iter: 150 overflow: 0.975793 HPWL: 79728614
[NesterovSolve] Iter: 160 overflow: 0.97528 HPWL: 90903047
[NesterovSolve] Iter: 170 overflow: 0.974406 HPWL: 109349242
[NesterovSolve] Iter: 180 overflow: 0.973046 HPWL: 123948729
[NesterovSolve] Iter: 190 overflow: 0.970848 HPWL: 141693053
[NesterovSolve] Iter: 200 overflow: 0.96796 HPWL: 168124532
[NesterovSolve] Iter: 210 overflow: 0.963227 HPWL: 196606386
[NesterovSolve] Iter: 220 overflow: 0.954789 HPWL: 231601568
[NesterovSolve] Iter: 230 overflow: 0.944051 HPWL: 272281163
[NesterovSolve] Iter: 240 overflow: 0.929252 HPWL: 321058068
[NesterovSolve] Iter: 250 overflow: 0.909752 HPWL: 375934957
[NesterovSolve] Iter: 260 overflow: 0.88641 HPWL: 435550114
[NesterovSolve] Iter: 270 overflow: 0.856593 HPWL: 496949793
[NesterovSolve] Iter: 280 overflow: 0.822064 HPWL: 559697634
[NesterovSolve] Iter: 290 overflow: 0.78253 HPWL: 621981052
[INFO GPL-0100] worst slack 3.34e-09
[INFO GPL-0103] Weighted 1514 nets.
[NesterovSolve] Iter: 300 overflow: 0.740912 HPWL: 680627898
[NesterovSolve] Iter: 310 overflow: 0.685562 HPWL: 741985480
[INFO GPL-0100] worst slack 3.37e-09
[INFO GPL-0103] Weighted 1515 nets.
[NesterovSolve] Iter: 320 overflow: 0.62519 HPWL: 796720312
[NesterovSolve] Snapshot saved at iter = 324
[NesterovSolve] Iter: 330 overflow: 0.560424 HPWL: 861830054
[NesterovSolve] Iter: 340 overflow: 0.503236 HPWL: 932440264
[INFO GPL-0100] worst slack 3.09e-09
[INFO GPL-0103] Weighted 1515 nets.
[NesterovSolve] Iter: 350 overflow: 0.460284 HPWL: 969867955
[NesterovSolve] Iter: 360 overflow: 0.417259 HPWL: 985873196
[NesterovSolve] Iter: 370 overflow: 0.373307 HPWL: 1008338177
[NesterovSolve] Iter: 380 overflow: 0.329121 HPWL: 1014189025
[NesterovSolve] Iter: 390 overflow: 0.295505 HPWL: 1020302280
[INFO GPL-0100] worst slack 3.42e-09
[INFO GPL-0103] Weighted 1514 nets.
[NesterovSolve] Iter: 400 overflow: 0.263083 HPWL: 1022844419
[NesterovSolve] Iter: 410 overflow: 0.235201 HPWL: 1025082850
[NesterovSolve] Iter: 420 overflow: 0.20619 HPWL: 1026542043
[INFO GPL-0100] worst slack 3.5e-09
[INFO GPL-0103] Weighted 1515 nets.
[INFO GPL-0075] Routability numCall: 1 inflationIterCnt: 1 bloatIterCnt: 0
[INFO GPL-0036] TileLxLy: 0 0
[INFO GPL-0037] TileSize: 6900 6900
[INFO GPL-0038] TileCnt: 116 118
[INFO GPL-0039] numRoutingLayers: 6
[INFO GPL-0040] NumTiles: 13688
[INFO GPL-0063] TotalRouteOverflowH2: 284.3499960899353
[INFO GPL-0064] TotalRouteOverflowV2: 198.63335740566254
[INFO GPL-0065] OverflowTileCnt2: 3705
[INFO GPL-0066] 0.5%RC: 1.416751257659215
[INFO GPL-0067] 1.0%RC: 1.3092875492785117
[INFO GPL-0068] 2.0%RC: 1.2204458693789828
[INFO GPL-0069] 5.0%RC: 1.1417737577507556
[INFO GPL-0070] 0.5rcK: 1.0
[INFO GPL-0071] 1.0rcK: 1.0
[INFO GPL-0072] 2.0rcK: 0.0
[INFO GPL-0073] 5.0rcK: 0.0
[INFO GPL-0074] FinalRC: 1.3630193
[INFO GPL-0045] InflatedAreaDelta: 37830092980
[INFO GPL-0046] TargetDensity: 0.55
[INFO GPL-0049] WhiteSpaceArea: 618279228800
[INFO GPL-0050] NesterovInstsArea: 234035708800
[INFO GPL-0051] TotalFillerArea: 106017848448
[INFO GPL-0052] TotalGCellsArea: 340053557248
[INFO GPL-0053] ExpectedTotalGCellsArea: 377883650228
[INFO GPL-0054] NewTargetDensity: 0.6111861
[INFO GPL-0055] NewWhiteSpaceArea: 618279228800
[INFO GPL-0056] MovableArea: 377883656192
[INFO GPL-0057] NewNesterovInstsArea: 271865801780
[INFO GPL-0058] NewTotalFillerArea: 106017854412
[INFO GPL-0059] NewTotalGCellsArea: 377883656192
[NesterovSolve] Revert back to snapshot coordi
[NesterovSolve] Iter: 430 overflow: 0.518611 HPWL: 960789299
[NesterovSolve] Iter: 440 overflow: 0.496635 HPWL: 1044420727
[NesterovSolve] Iter: 450 overflow: 0.469129 HPWL: 1000124563
[NesterovSolve] Iter: 460 overflow: 0.414621 HPWL: 1041278352
[NesterovSolve] Iter: 470 overflow: 0.39346 HPWL: 1074372833
[NesterovSolve] Iter: 480 overflow: 0.356111 HPWL: 1055308242
[NesterovSolve] Iter: 490 overflow: 0.322357 HPWL: 1077987689
[NesterovSolve] Iter: 500 overflow: 0.288215 HPWL: 1074075097
[NesterovSolve] Iter: 510 overflow: 0.258676 HPWL: 1080791648
[NesterovSolve] Iter: 520 overflow: 0.229122 HPWL: 1081479560
[NesterovSolve] Iter: 530 overflow: 0.204189 HPWL: 1083274071
[INFO GPL-0075] Routability numCall: 2 inflationIterCnt: 2 bloatIterCnt: 0
[INFO GPL-0036] TileLxLy: 0 0
[INFO GPL-0037] TileSize: 6900 6900
[INFO GPL-0038] TileCnt: 116 118
[INFO GPL-0039] numRoutingLayers: 6
[INFO GPL-0040] NumTiles: 13688
[INFO GPL-0063] TotalRouteOverflowH2: 151.39998865127563
[INFO GPL-0064] TotalRouteOverflowV2: 122.2000195980072
[INFO GPL-0065] OverflowTileCnt2: 2470
[INFO GPL-0066] 0.5%RC: 1.2870558439777586
[INFO GPL-0067] 1.0%RC: 1.1960559925656888
[INFO GPL-0068] 2.0%RC: 1.1657214696556049
[INFO GPL-0069] 5.0%RC: 1.0923658500362867
[INFO GPL-0070] 0.5rcK: 1.0
[INFO GPL-0071] 1.0rcK: 1.0
[INFO GPL-0072] 2.0rcK: 0.0
[INFO GPL-0073] 5.0rcK: 0.0
[INFO GPL-0074] FinalRC: 1.2415559
[NesterovSolve] Iter: 540 overflow: 0.179312 HPWL: 1084455259
[NesterovSolve] Iter: 550 overflow: 0.157753 HPWL: 1085500011
[INFO GPL-0100] worst slack 3.49e-09
[INFO GPL-0103] Weighted 1515 nets.
[NesterovSolve] Iter: 560 overflow: 0.138767 HPWL: 1086595135
[NesterovSolve] Iter: 570 overflow: 0.12165 HPWL: 1087695624
[NesterovSolve] Iter: 580 overflow: 0.106912 HPWL: 1089264224
[NesterovSolve] Finished with Overflow: 0.099113
Setting global connections for newly added cells…
Writing OpenROAD database to '/openlane/designs/simproc_system/runs/RUN_2025.11.09_18.29.08/tmp/placement/7-global.odb'…
Writing netlist to '/openlane/designs/simproc_system/runs/RUN_2025.11.09_18.29.08/tmp/placement/7-global.nl.v'…
Writing powered netlist to '/openlane/designs/simproc_system/runs/RUN_2025.11.09_18.29.08/tmp/placement/7-global.pnl.v'…
Writing layout to '/openlane/designs/simproc_system/runs/RUN_2025.11.09_18.29.08/tmp/placement/7-global.def'…
