
61. Printing statistics.

=== simproc_system ===

   Number of wires:              15117
   Number of wire bits:          15154
   Number of public wires:        2217
   Number of public wire bits:    2254
   Number of memories:               0
   Number of memory bits:            0
   Number of processes:              0
   Number of cells:              15141
     sky130_fd_sc_hd__a2111o_2       1
     sky130_fd_sc_hd__a211o_2      381
     sky130_fd_sc_hd__a211oi_2       4
     sky130_fd_sc_hd__a21bo_2       15
     sky130_fd_sc_hd__a21boi_2       3
     sky130_fd_sc_hd__a21o_2        99
     sky130_fd_sc_hd__a21oi_2       31
     sky130_fd_sc_hd__a221o_2      236
     sky130_fd_sc_hd__a221oi_2       1
     sky130_fd_sc_hd__a22o_2       616
     sky130_fd_sc_hd__a22oi_2        6
     sky130_fd_sc_hd__a2bb2o_2       2
     sky130_fd_sc_hd__a311o_2       22
     sky130_fd_sc_hd__a31o_2       301
     sky130_fd_sc_hd__a31oi_2        5
     sky130_fd_sc_hd__a32o_2        56
     sky130_fd_sc_hd__a32oi_2        1
     sky130_fd_sc_hd__a41o_2         3
     sky130_fd_sc_hd__and2_2       101
     sky130_fd_sc_hd__and2b_2        6
     sky130_fd_sc_hd__and3_2       157
     sky130_fd_sc_hd__and3b_2       19
     sky130_fd_sc_hd__and4_2         8
     sky130_fd_sc_hd__and4b_2        7
     sky130_fd_sc_hd__and4bb_2       6
     sky130_fd_sc_hd__buf_1       3353
     sky130_fd_sc_hd__buf_2          1
     sky130_fd_sc_hd__dfxtp_2     2243
     sky130_fd_sc_hd__inv_2         28
     sky130_fd_sc_hd__mux2_2      5398
     sky130_fd_sc_hd__mux4_2        65
     sky130_fd_sc_hd__nand2_2      404
     sky130_fd_sc_hd__nand2b_2       8
     sky130_fd_sc_hd__nand3_2       18
     sky130_fd_sc_hd__nor2_2       254
     sky130_fd_sc_hd__nor2b_2       11
     sky130_fd_sc_hd__nor3_2         2
     sky130_fd_sc_hd__o211a_2      390
     sky130_fd_sc_hd__o211ai_2       2
     sky130_fd_sc_hd__o21a_2        62
     sky130_fd_sc_hd__o21ai_2       17
     sky130_fd_sc_hd__o21ba_2        2
     sky130_fd_sc_hd__o21bai_2       2
     sky130_fd_sc_hd__o221a_2       66
     sky130_fd_sc_hd__o22a_2        14
     sky130_fd_sc_hd__o2bb2a_2       1
     sky130_fd_sc_hd__o311a_2       29
     sky130_fd_sc_hd__o31a_2        47
     sky130_fd_sc_hd__o31ai_2        1
     sky130_fd_sc_hd__o32a_2        15
     sky130_fd_sc_hd__o41a_2         1
     sky130_fd_sc_hd__o41ai_2        1
     sky130_fd_sc_hd__or2_2        388
     sky130_fd_sc_hd__or2b_2         4
     sky130_fd_sc_hd__or3_2        185
     sky130_fd_sc_hd__or3b_2        10
     sky130_fd_sc_hd__or4_2          3
     sky130_fd_sc_hd__or4b_2         8
     sky130_fd_sc_hd__or4bb_2        2
     sky130_fd_sc_hd__xnor2_2       15
     sky130_fd_sc_hd__xor2_2         4

   Chip area for module '\simproc_system': 158258.032000

