OpenROAD 41a51eaf4ca2171c92ff38afb91eb37bbd3f36da 
This program is licensed under the BSD-3 license. See the LICENSE file for details.
Components of this program may be licensed under more restrictive licenses which must be honored.
[INFO]: Reading ODB at '/openlane/designs/simproc_system/runs/RUN_2025.11.09_18.29.08/tmp/17-simproc_system.odb'…
define_corners Typical
read_liberty -corner Typical /home/zerotoasic/asic_tools/pdk/sky130A/libs.ref/sky130_fd_sc_hd/lib/sky130_fd_sc_hd__tt_025C_1v80.lib
Using 1e-12 for capacitance...
Using 1e+03 for resistance...
Using 1e-09 for time...
Using 1e+00 for voltage...
Using 1e-03 for current...
Using 1e-09 for power...
Using 1e-06 for distance...
Reading design constraints file at '/openlane/designs/simproc_system/runs/RUN_2025.11.09_18.29.08/tmp/17-simproc_system.sdc'…
[INFO]: Setting signal min routing layer to: met1 and clock min routing layer to met1. 
[INFO]: Setting signal max routing layer to: met5 and clock max routing layer to met5. 
-congestion_iterations 50 -verbose -congestion_report_file /openlane/designs/simproc_system/runs/RUN_2025.11.09_18.29.08/tmp/routing/groute-congestion.rpt
[INFO GRT-0020] Min routing layer: met1
[INFO GRT-0021] Max routing layer: met5
[INFO GRT-0022] Global adjustment: 30%
[INFO GRT-0023] Grid origin: (0, 0)
[INFO GRT-0043] No OR_DEFAULT vias defined.
[INFO GRT-0088] Layer li1     Track-Pitch = 0.4600  line-2-Via Pitch: 0.3400
[INFO GRT-0088] Layer met1    Track-Pitch = 0.3400  line-2-Via Pitch: 0.3400
[INFO GRT-0088] Layer met2    Track-Pitch = 0.4600  line-2-Via Pitch: 0.3500
[INFO GRT-0088] Layer met3    Track-Pitch = 0.6800  line-2-Via Pitch: 0.6150
[INFO GRT-0088] Layer met4    Track-Pitch = 0.9200  line-2-Via Pitch: 1.0400
[INFO GRT-0088] Layer met5    Track-Pitch = 3.4000  line-2-Via Pitch: 3.1100
[INFO GRT-0019] Found 410 clock nets.
[INFO GRT-0001] Minimum degree: 2
[INFO GRT-0002] Maximum degree: 18
[INFO GRT-0003] Macros: 0
[INFO GRT-0004] Blockages: 32829

[INFO GRT-0053] Routing resources analysis:
          Routing      Original      Derated      Resource
Layer     Direction    Resources     Resources    Reduction (%)
---------------------------------------------------------------
li1        Vertical            0             0          0.00%
met1       Horizontal     273760        134894          50.73%
met2       Vertical       205320        137512          33.03%
met3       Horizontal     136880         95326          30.36%
met4       Vertical        82128         52928          35.55%
met5       Horizontal      27376         13110          52.11%
---------------------------------------------------------------

[INFO GRT-0101] Running extra iterations to remove overflow.
[INFO GRT-0197] Via related to pin nodes: 81783
[INFO GRT-0198] Via related Steiner nodes: 4587
[INFO GRT-0199] Via filling finished.
[INFO GRT-0111] Final number of vias: 106535
[INFO GRT-0112] Final usage 3D: 556636

[INFO GRT-0096] Final congestion report:
Layer         Resource        Demand        Usage (%)    Max H / Max V / Total Overflow
---------------------------------------------------------------------------------------
li1                  0             0            0.00%             0 /  0 /  0
met1            134894         72820           53.98%             0 /  0 /  0
met2            137512         82560           60.04%             0 /  0 /  0
met3             95326         48825           51.22%             0 /  0 /  0
met4             52928         27851           52.62%             0 /  0 /  0
met5             13110          4975           37.95%             0 /  0 /  0
---------------------------------------------------------------------------------------
Total           433770        237031           54.64%             0 /  0 /  0

[INFO GRT-0018] Total wirelength: 2019298 um
[INFO GRT-0014] Routed nets: 15866
[INFO GRT-0006] Repairing antennas, iteration 1.
[INFO GRT-0043] No OR_DEFAULT vias defined.
[WARNING ANT-0009] Net _06923_ requires more than 10 diodes per gate to repair violations.
[WARNING ANT-0009] Net _08321_ requires more than 10 diodes per gate to repair violations.
[WARNING ANT-0009] Net _08560_ requires more than 10 diodes per gate to repair violations.
[WARNING ANT-0009] Net _09700_ requires more than 10 diodes per gate to repair violations.
[WARNING ANT-0009] Net net41 requires more than 10 diodes per gate to repair violations.
[WARNING ANT-0009] Net net42 requires more than 10 diodes per gate to repair violations.
[INFO GRT-0012] Found 369 antenna violations.
[INFO GRT-0015] Inserted 1191 diodes.
[INFO GRT-0054] Using detailed placer to place 12 diodes.
[INFO GRT-0009] rerouting 10356 nets.
[INFO GRT-0001] Minimum degree: 2
[INFO GRT-0002] Maximum degree: 39
[INFO GRT-0006] Repairing antennas, iteration 2.
[INFO GRT-0043] No OR_DEFAULT vias defined.
[INFO GRT-0012] Found 172 antenna violations.
[INFO GRT-0015] Inserted 420 diodes.
[INFO GRT-0054] Using detailed placer to place 13 diodes.
[INFO GRT-0009] rerouting 1468 nets.
[INFO GRT-0001] Minimum degree: 2
[INFO GRT-0002] Maximum degree: 39
[INFO GRT-0006] Repairing antennas, iteration 3.
[INFO GRT-0043] No OR_DEFAULT vias defined.
[WARNING ANT-0009] Net _08458_ requires more than 10 diodes per gate to repair violations.
[INFO GRT-0012] Found 56 antenna violations.
[INFO GRT-0015] Inserted 129 diodes.
[INFO GRT-0054] Using detailed placer to place 5 diodes.
[INFO GRT-0009] rerouting 199 nets.
[INFO GRT-0001] Minimum degree: 2
[INFO GRT-0002] Maximum degree: 40
[INFO GRT-0001] Minimum degree: 2
[INFO GRT-0002] Maximum degree: 40
[INFO GRT-0001] Minimum degree: 2
[INFO GRT-0002] Maximum degree: 40
[INFO GRT-0006] Repairing antennas, iteration 4.
[INFO GRT-0043] No OR_DEFAULT vias defined.
[INFO GRT-0012] Found 16 antenna violations.
[INFO GRT-0015] Inserted 31 diodes.
[INFO GRT-0009] rerouting 25 nets.
[INFO GRT-0001] Minimum degree: 9
[INFO GRT-0002] Maximum degree: 34
[INFO GRT-0006] Repairing antennas, iteration 5.
[INFO GRT-0043] No OR_DEFAULT vias defined.
[INFO GRT-0012] Found 8 antenna violations.
[INFO GRT-0015] Inserted 19 diodes.
[INFO GRT-0009] rerouting 17 nets.
[INFO GRT-0001] Minimum degree: 4
[INFO GRT-0002] Maximum degree: 43
[INFO GRT-0006] Repairing antennas, iteration 6.
[INFO GRT-0043] No OR_DEFAULT vias defined.
[INFO GRT-0012] Found 3 antenna violations.
[INFO GRT-0015] Inserted 8 diodes.
[INFO GRT-0009] rerouting 11 nets.
[INFO GRT-0001] Minimum degree: 17
[INFO GRT-0002] Maximum degree: 49
[INFO GRT-0006] Repairing antennas, iteration 7.
[INFO GRT-0043] No OR_DEFAULT vias defined.
[INFO GRT-0012] Found 2 antenna violations.
[INFO GRT-0015] Inserted 2 diodes.
[INFO GRT-0009] rerouting 2 nets.
[INFO GRT-0001] Minimum degree: 18
[INFO GRT-0002] Maximum degree: 23
[INFO GRT-0006] Repairing antennas, iteration 8.
[INFO GRT-0043] No OR_DEFAULT vias defined.
[INFO GRT-0012] Found 2 antenna violations.
[INFO GRT-0015] Inserted 2 diodes.
[INFO GRT-0009] rerouting 2 nets.
[INFO GRT-0001] Minimum degree: 19
[INFO GRT-0002] Maximum degree: 24
[INFO GRT-0006] Repairing antennas, iteration 9.
[INFO GRT-0043] No OR_DEFAULT vias defined.
[INFO GRT-0012] Found 2 antenna violations.
[INFO GRT-0015] Inserted 2 diodes.
[INFO GRT-0009] rerouting 2 nets.
[INFO GRT-0001] Minimum degree: 20
[INFO GRT-0002] Maximum degree: 25
[INFO GRT-0006] Repairing antennas, iteration 10.
[INFO GRT-0043] No OR_DEFAULT vias defined.
[INFO GRT-0012] Found 2 antenna violations.
[INFO GRT-0015] Inserted 2 diodes.
[INFO GRT-0009] rerouting 2 nets.
[INFO GRT-0001] Minimum degree: 21
[INFO GRT-0002] Maximum degree: 26
[INFO GRT-0006] Repairing antennas, iteration 11.
[INFO GRT-0043] No OR_DEFAULT vias defined.
[INFO GRT-0012] Found 2 antenna violations.
[INFO GRT-0015] Inserted 2 diodes.
[INFO GRT-0009] rerouting 2 nets.
[INFO GRT-0001] Minimum degree: 22
[INFO GRT-0002] Maximum degree: 27
[INFO GRT-0006] Repairing antennas, iteration 12.
[INFO GRT-0043] No OR_DEFAULT vias defined.
[INFO GRT-0012] Found 1 antenna violations.
[INFO GRT-0015] Inserted 1 diodes.
[INFO GRT-0009] rerouting 1 nets.
[INFO GRT-0001] Minimum degree: 28
[INFO GRT-0002] Maximum degree: 28
[INFO GRT-0006] Repairing antennas, iteration 13.
[INFO GRT-0043] No OR_DEFAULT vias defined.
[INFO GRT-0012] Found 1 antenna violations.
[INFO GRT-0015] Inserted 1 diodes.
[INFO GRT-0009] rerouting 1 nets.
[INFO GRT-0001] Minimum degree: 29
[INFO GRT-0002] Maximum degree: 29
[INFO GRT-0001] Minimum degree: 2
[INFO GRT-0002] Maximum degree: 29
[INFO GRT-0006] Repairing antennas, iteration 14.
[INFO GRT-0043] No OR_DEFAULT vias defined.
[INFO GRT-0012] Found 5 antenna violations.
[INFO GRT-0015] Inserted 11 diodes.
[INFO GRT-0009] rerouting 11 nets.
[INFO GRT-0001] Minimum degree: 13
[INFO GRT-0002] Maximum degree: 30
[INFO GRT-0001] Minimum degree: 2
[INFO GRT-0002] Maximum degree: 30
[INFO GRT-0006] Repairing antennas, iteration 15.
[INFO GRT-0043] No OR_DEFAULT vias defined.
[INFO GRT-0012] Found 7 antenna violations.
[INFO GRT-0015] Inserted 14 diodes.
[INFO GRT-0009] rerouting 28 nets.
[INFO GRT-0001] Minimum degree: 12
[INFO GRT-0002] Maximum degree: 31
[INFO GRT-0001] Minimum degree: 2
[INFO GRT-0002] Maximum degree: 31
Setting global connections for newly added cells…
Writing OpenROAD database to '/openlane/designs/simproc_system/runs/RUN_2025.11.09_18.29.08/tmp/routing/19-global.odb'…
Writing layout to '/openlane/designs/simproc_system/runs/RUN_2025.11.09_18.29.08/tmp/routing/19-global.def'…
Writing routing guides to '/openlane/designs/simproc_system/runs/RUN_2025.11.09_18.29.08/tmp/routing/19-global.guide'…
