
===========================================================================
report_checks -unconstrained
===========================================================================
======================= Typical Corner ===================================

Startpoint: clk_per_bit[3] (input port clocked by clk)
Endpoint: _4539_ (rising edge-triggered flip-flop clocked by clk)
Path Group: clk
Path Type: max

Fanout     Cap    Slew   Delay    Time   Description
-----------------------------------------------------------------------------
                          0.00    0.00   clock clk (rise edge)
                          0.00    0.00   clock network delay (propagated)
                          2.00    2.00 v input external delay
                  0.01    0.01    2.01 v clk_per_bit[3] (in)
     1    0.00                           clk_per_bit[3] (net)
                  0.01    0.00    2.01 v input4/A (sky130_fd_sc_hd__clkbuf_2)
                  0.28    0.29    2.30 v input4/X (sky130_fd_sc_hd__clkbuf_2)
     2    0.07                           net4 (net)
                  0.28    0.00    2.30 v _2155_/B (sky130_fd_sc_hd__or4_4)
                  0.11    0.66    2.96 v _2155_/X (sky130_fd_sc_hd__or4_4)
     4    0.02                           _1954_ (net)
                  0.11    0.00    2.96 v _2156_/C (sky130_fd_sc_hd__or3_1)
                  0.10    0.39    3.36 v _2156_/X (sky130_fd_sc_hd__or3_1)
     3    0.01                           _1955_ (net)
                  0.10    0.00    3.36 v _2174_/A (sky130_fd_sc_hd__and2_1)
                  0.09    0.23    3.58 v _2174_/X (sky130_fd_sc_hd__and2_1)
     5    0.02                           _1973_ (net)
                  0.09    0.00    3.59 v _2198_/B (sky130_fd_sc_hd__or2_1)
                  0.05    0.24    3.82 v _2198_/X (sky130_fd_sc_hd__or2_1)
     1    0.00                           _1995_ (net)
                  0.05    0.00    3.82 v _2199_/C1 (sky130_fd_sc_hd__o221a_1)
                  0.05    0.12    3.95 v _2199_/X (sky130_fd_sc_hd__o221a_1)
     1    0.00                           _1996_ (net)
                  0.05    0.00    3.95 v _2200_/C1 (sky130_fd_sc_hd__a221o_1)
                  0.07    0.29    4.24 v _2200_/X (sky130_fd_sc_hd__a221o_1)
     1    0.01                           _1997_ (net)
                  0.07    0.00    4.24 v _2201_/C1 (sky130_fd_sc_hd__o221a_1)
                  0.05    0.13    4.37 v _2201_/X (sky130_fd_sc_hd__o221a_1)
     1    0.00                           _1998_ (net)
                  0.05    0.00    4.37 v _2203_/B1 (sky130_fd_sc_hd__o22a_1)
                  0.04    0.18    4.55 v _2203_/X (sky130_fd_sc_hd__o22a_1)
     1    0.00                           _2000_ (net)
                  0.04    0.00    4.55 v _2204_/C1 (sky130_fd_sc_hd__a221o_1)
                  0.06    0.27    4.82 v _2204_/X (sky130_fd_sc_hd__a221o_1)
     1    0.00                           _2001_ (net)
                  0.06    0.00    4.82 v _2205_/C1 (sky130_fd_sc_hd__o211a_2)
                  0.09    0.18    5.00 v _2205_/X (sky130_fd_sc_hd__o211a_2)
     6    0.03                           _2002_ (net)
                  0.09    0.00    5.00 v _3938_/C (sky130_fd_sc_hd__and3_1)
                  0.05    0.22    5.22 v _3938_/X (sky130_fd_sc_hd__and3_1)
     1    0.01                           _1709_ (net)
                  0.05    0.00    5.22 v _3939_/A (sky130_fd_sc_hd__buf_2)
                  0.09    0.19    5.41 v _3939_/X (sky130_fd_sc_hd__buf_2)
     8    0.04                           _1710_ (net)
                  0.09    0.00    5.41 v _3948_/S (sky130_fd_sc_hd__mux2_1)
                  0.06    0.34    5.75 v _3948_/X (sky130_fd_sc_hd__mux2_1)
     1    0.00                           _1715_ (net)
                  0.06    0.00    5.75 v hold82/A (sky130_fd_sc_hd__dlygate4sd3_1)
                  0.06    0.60    6.35 v hold82/X (sky130_fd_sc_hd__dlygate4sd3_1)
     1    0.00                           net135 (net)
                  0.06    0.00    6.35 v _3949_/A (sky130_fd_sc_hd__clkbuf_1)
                  0.03    0.10    6.45 v _3949_/X (sky130_fd_sc_hd__clkbuf_1)
     1    0.00                           _0316_ (net)
                  0.03    0.00    6.45 v _4539_/D (sky130_fd_sc_hd__dfxtp_1)
                                  6.45   data arrival time

                         10.00   10.00   clock clk (rise edge)
                          0.00   10.00   clock source latency
                  0.15    0.10   10.10 ^ clk (in)
     1    0.03                           clk (net)
                  0.15    0.00   10.10 ^ clkbuf_0_clk/A (sky130_fd_sc_hd__clkbuf_16)
                  0.07    0.17   10.27 ^ clkbuf_0_clk/X (sky130_fd_sc_hd__clkbuf_16)
     2    0.05                           clknet_0_clk (net)
                  0.07    0.00   10.27 ^ clkbuf_1_0__f_clk/A (sky130_fd_sc_hd__clkbuf_16)
                  0.21    0.25   10.52 ^ clkbuf_1_0__f_clk/X (sky130_fd_sc_hd__clkbuf_16)
    14    0.20                           clknet_1_0__leaf_clk (net)
                  0.21    0.01   10.53 ^ clkbuf_leaf_26_clk/A (sky130_fd_sc_hd__clkbuf_16)
                  0.06    0.18   10.71 ^ clkbuf_leaf_26_clk/X (sky130_fd_sc_hd__clkbuf_16)
     9    0.03                           clknet_leaf_26_clk (net)
                  0.06    0.00   10.71 ^ _4539_/CLK (sky130_fd_sc_hd__dfxtp_1)
                         -0.25   10.46   clock uncertainty
                          0.00   10.46   clock reconvergence pessimism
                         -0.10   10.36   library setup time
                                 10.36   data required time
-----------------------------------------------------------------------------
                                 10.36   data required time
                                 -6.45   data arrival time
-----------------------------------------------------------------------------
                                  3.91   slack (MET)




===========================================================================
report_checks --slack_max -0.01
============================================================================
======================= Typical Corner ===================================

No paths found.


===========================================================================
 report_check_types -max_slew -max_cap -max_fanout -violators
============================================================================
======================= Typical Corner ===================================

max fanout

Pin                                   Limit Fanout  Slack
---------------------------------------------------------
clkbuf_leaf_0_clk/X                      10     25    -15 (VIOLATED)
clkbuf_leaf_2_clk/X                      10     25    -15 (VIOLATED)
clkbuf_leaf_6_clk/X                      10     23    -13 (VIOLATED)
clkbuf_leaf_13_clk/X                     10     22    -12 (VIOLATED)
clkbuf_leaf_1_clk/X                      10     21    -11 (VIOLATED)
clkbuf_leaf_7_clk/X                      10     20    -10 (VIOLATED)
clkbuf_leaf_5_clk/X                      10     19     -9 (VIOLATED)
clkbuf_leaf_12_clk/X                     10     17     -7 (VIOLATED)
clkbuf_leaf_19_clk/X                     10     16     -6 (VIOLATED)
clkbuf_leaf_20_clk/X                     10     15     -5 (VIOLATED)
clkbuf_leaf_25_clk/X                     10     15     -5 (VIOLATED)
clkbuf_1_0__f_clk/X                      10     14     -4 (VIOLATED)
clkbuf_leaf_22_clk/X                     10     14     -4 (VIOLATED)
clkbuf_leaf_24_clk/X                     10     14     -4 (VIOLATED)
clkbuf_leaf_3_clk/X                      10     14     -4 (VIOLATED)
clkbuf_leaf_4_clk/X                      10     14     -4 (VIOLATED)
clkbuf_1_1__f_clk/X                      10     13     -3 (VIOLATED)
clkbuf_leaf_16_clk/X                     10     13     -3 (VIOLATED)
clkbuf_leaf_8_clk/X                      10     13     -3 (VIOLATED)
clkbuf_leaf_11_clk/X                     10     12     -2 (VIOLATED)
clkbuf_leaf_23_clk/X                     10     12     -2 (VIOLATED)
_2332_/X                                 10     11        (VIOLATED)
_2439_/X                                 10     11        (VIOLATED)
clkbuf_leaf_21_clk/X                     10     11        (VIOLATED)



===========================================================================
report_parasitic_annotation -report_unannotated
============================================================================
Found 1 unannotated drivers.
 _4303_/Q
Found 0 partially unannotated drivers.

===========================================================================
max slew violation count 0
max fanout violation count 24
max cap violation count 0
============================================================================

===========================================================================
check_setup -verbose -unconstrained_endpoints -multiple_clock -no_clock -no_input_delay -loops -generated_clocks
===========================================================================
