
===========================================================================
 report_power
============================================================================
======================= Fastest Corner ===================================

Group                  Internal  Switching    Leakage      Total
                          Power      Power      Power      Power (Watts)
----------------------------------------------------------------
Sequential             1.09e-02   8.56e-04   3.36e-08   1.18e-02  39.2%
Combinational          9.60e-03   8.62e-03   1.91e-07   1.82e-02  60.8%
Macro                  0.00e+00   0.00e+00   0.00e+00   0.00e+00   0.0%
Pad                    0.00e+00   0.00e+00   0.00e+00   0.00e+00   0.0%
----------------------------------------------------------------
Total                  2.05e-02   9.48e-03   2.25e-07   3.00e-02 100.0%
                          68.4%      31.6%       0.0%

======================= Slowest Corner ===================================

Group                  Internal  Switching    Leakage      Total
                          Power      Power      Power      Power (Watts)
----------------------------------------------------------------
Sequential             7.32e-03   5.67e-04   3.31e-05   7.92e-03  38.7%
Combinational          6.81e-03   5.64e-03   8.67e-05   1.25e-02  61.3%
Macro                  0.00e+00   0.00e+00   0.00e+00   0.00e+00   0.0%
Pad                    0.00e+00   0.00e+00   0.00e+00   0.00e+00   0.0%
----------------------------------------------------------------
Total                  1.41e-02   6.21e-03   1.20e-04   2.05e-02 100.0%
                          69.1%      30.3%       0.6%

======================= Typical Corner ===================================

Group                  Internal  Switching    Leakage      Total
                          Power      Power      Power      Power (Watts)
----------------------------------------------------------------
Sequential             9.40e-03   7.22e-04   1.89e-08   1.01e-02  39.3%
Combinational          8.38e-03   7.27e-03   1.21e-07   1.57e-02  60.7%
Macro                  0.00e+00   0.00e+00   0.00e+00   0.00e+00   0.0%
Pad                    0.00e+00   0.00e+00   0.00e+00   0.00e+00   0.0%
----------------------------------------------------------------
Total                  1.78e-02   7.99e-03   1.40e-07   2.58e-02 100.0%
                          69.0%      31.0%       0.0%

