
===========================================================================
 report_power
============================================================================
======================= Fastest Corner ===================================

Group                  Internal  Switching    Leakage      Total
                          Power      Power      Power      Power (Watts)
----------------------------------------------------------------
Sequential             1.84e-03   5.98e-05   5.82e-09   1.90e-03  53.3%
Combinational          7.87e-04   8.74e-04   2.07e-08   1.66e-03  46.7%
Macro                  0.00e+00   0.00e+00   0.00e+00   0.00e+00   0.0%
Pad                    0.00e+00   0.00e+00   0.00e+00   0.00e+00   0.0%
----------------------------------------------------------------
Total                  2.62e-03   9.34e-04   2.65e-08   3.56e-03 100.0%
                          73.8%      26.2%       0.0%

======================= Slowest Corner ===================================

Group                  Internal  Switching    Leakage      Total
                          Power      Power      Power      Power (Watts)
----------------------------------------------------------------
Sequential             1.23e-03   3.93e-05   5.72e-06   1.27e-03  52.7%
Combinational          5.66e-04   5.63e-04   1.23e-05   1.14e-03  47.3%
Macro                  0.00e+00   0.00e+00   0.00e+00   0.00e+00   0.0%
Pad                    0.00e+00   0.00e+00   0.00e+00   0.00e+00   0.0%
----------------------------------------------------------------
Total                  1.79e-03   6.02e-04   1.80e-05   2.41e-03 100.0%
                          74.3%      25.0%       0.7%

======================= Typical Corner ===================================

Group                  Internal  Switching    Leakage      Total
                          Power      Power      Power      Power (Watts)
----------------------------------------------------------------
Sequential             1.58e-03   5.03e-05   3.27e-09   1.63e-03  53.4%
Combinational          6.92e-04   7.34e-04   1.24e-08   1.43e-03  46.6%
Macro                  0.00e+00   0.00e+00   0.00e+00   0.00e+00   0.0%
Pad                    0.00e+00   0.00e+00   0.00e+00   0.00e+00   0.0%
----------------------------------------------------------------
Total                  2.28e-03   7.84e-04   1.57e-08   3.06e-03 100.0%
                          74.4%      25.6%       0.0%

